2020-05-27 23:50:28 [StartupInfoLogger.java:logStarting:55] - Starting DataJpaApplication on SRI with PID 13140 (F:\downloads\data-jpa\target\classes started by hp in F:\downloads\data-jpa)
2020-05-27 23:50:28 [SpringApplication.java:logStartupProfileInfo:651] - No active profile set, falling back to default profiles: default
2020-05-27 23:50:28 [DeferredLog.java:logTo:225] - Devtools property defaults active! Set 'spring.devtools.add-properties' to 'false' to disable
2020-05-27 23:50:28 [DeferredLog.java:logTo:225] - For additional web related logging consider setting the 'logging.level.web' property to 'DEBUG'
2020-05-27 23:50:31 [RepositoryConfigurationDelegate.java:registerRepositoriesIn:127] - Bootstrapping Spring Data JPA repositories in DEFERRED mode.
2020-05-27 23:50:31 [RepositoryConfigurationDelegate.java:registerRepositoriesIn:187] - Finished Spring Data repository scanning in 191ms. Found 1 JPA repository interfaces.
2020-05-27 23:50:42 [TomcatWebServer.java:initialize:108] - Tomcat initialized with port(s): 9091 (http)
2020-05-27 23:50:42 [DirectJDKLog.java:log:173] - Initializing ProtocolHandler ["http-nio-9091"]
2020-05-27 23:50:42 [DirectJDKLog.java:log:173] - Starting service [Tomcat]
2020-05-27 23:50:42 [DirectJDKLog.java:log:173] - Starting Servlet engine: [Apache Tomcat/9.0.35]
2020-05-27 23:50:47 [DirectJDKLog.java:log:173] - Initializing Spring embedded WebApplicationContext
2020-05-27 23:50:47 [ServletWebServerApplicationContext.java:prepareWebApplicationContext:284] - Root WebApplicationContext: initialization completed in 18682 ms
2020-05-27 23:50:50 [ExecutorConfigurationSupport.java:initialize:181] - Initializing ExecutorService 'applicationTaskExecutor'
2020-05-27 23:50:51 [LogHelper.java:logPersistenceUnitInformation:31] - HHH000204: Processing PersistenceUnitInfo [name: default]
2020-05-27 23:50:53 [JpaBaseConfiguration.java:openEntityManagerInViewInterceptor:220] - spring.jpa.open-in-view is enabled by default. Therefore, database queries may be performed during view rendering. Explicitly configure spring.jpa.open-in-view to disable this warning
2020-05-27 23:50:53 [Version.java:logVersion:44] - HHH000412: Hibernate ORM core version 5.4.15.Final
2020-05-27 23:51:02 [JavaReflectionManager.java:<clinit>:49] - HCANN000001: Hibernate Commons Annotations {5.1.0.Final}
2020-05-27 23:51:05 [HikariDataSource.java:getConnection:110] - HikariPool-1 - Starting...
2020-05-27 23:51:21 [HikariDataSource.java:getConnection:123] - HikariPool-1 - Start completed.
2020-05-27 23:51:21 [Dialect.java:<init>:172] - HHH000400: Using dialect: org.hibernate.dialect.MySQL5Dialect
2020-05-27 23:51:47 [JtaPlatformInitiator.java:initiateService:52] - HHH000490: Using JtaPlatform implementation: [org.hibernate.engine.transaction.jta.platform.internal.NoJtaPlatform]
2020-05-27 23:51:48 [AbstractEntityManagerFactoryBean.java:buildNativeEntityManagerFactory:416] - Initialized JPA EntityManagerFactory for persistence unit 'default'
2020-05-27 23:51:54 [OptionalLiveReloadServer.java:startServer:58] - LiveReload server is running on port 35729
2020-05-27 23:51:56 [DirectJDKLog.java:log:173] - Starting ProtocolHandler ["http-nio-9091"]
2020-05-27 23:51:58 [TomcatWebServer.java:start:220] - Tomcat started on port(s): 9091 (http) with context path ''
2020-05-27 23:51:58 [DeferredRepositoryInitializationListener.java:onApplicationEvent:49] - Triggering deferred initialization of Spring Data repositories…
2020-05-27 23:52:02 [DeferredRepositoryInitializationListener.java:onApplicationEvent:53] - Spring Data repositories initialized!
2020-05-27 23:52:02 [StartupInfoLogger.java:logStarted:61] - Started DataJpaApplication in 98.01 seconds (JVM running for 104.899)
2020-05-27 23:52:02 [DataJpaApplication.java:main:15] - Started running..
2020-05-27 23:53:55 [DirectJDKLog.java:log:173] - Initializing Spring DispatcherServlet 'dispatcherServlet'
2020-05-27 23:53:55 [FrameworkServlet.java:initServletBean:525] - Initializing Servlet 'dispatcherServlet'
2020-05-27 23:53:55 [FrameworkServlet.java:initServletBean:547] - Completed initialization in 19 ms
2020-05-27 23:55:27 [EmployeeResource.java:getByEmpId:68] - Start of getByEmpId(...) with empId=1422
2020-05-27 23:55:33 [EmployeeService.java:findByEmpId:104] - Start of findByEmpId(...) with empId=1422
2020-05-27 23:56:24 [EmployeeService.java:findByEmpId:119] - Error while finding the Employee information from database with empId=1422 and error={}
com.sts.datajpa.exception.EmployeeNotFoundException: 
	at com.sts.datajpa.service.EmployeeService.lambda$0(EmployeeService.java:106)
	at com.sts.datajpa.service.EmployeeService$$Lambda$836/828409482.get(Unknown Source)
	at java.util.Optional.orElseThrow(Optional.java:290)
	at com.sts.datajpa.service.EmployeeService.findByEmpId(EmployeeService.java:106)
	at com.sts.datajpa.resource.EmployeeResource.getByEmpId(EmployeeResource.java:72)
	at sun.reflect.NativeMethodAccessorImpl.invoke0(Native Method)
	at sun.reflect.NativeMethodAccessorImpl.invoke(NativeMethodAccessorImpl.java:62)
	at sun.reflect.DelegatingMethodAccessorImpl.invoke(DelegatingMethodAccessorImpl.java:43)
	at java.lang.reflect.Method.invoke(Method.java:483)
	at org.springframework.web.method.support.InvocableHandlerMethod.doInvoke(InvocableHandlerMethod.java:190)
	at org.springframework.web.method.support.InvocableHandlerMethod.invokeForRequest(InvocableHandlerMethod.java:138)
	at org.springframework.web.servlet.mvc.method.annotation.ServletInvocableHandlerMethod.invokeAndHandle(ServletInvocableHandlerMethod.java:105)
	at org.springframework.web.servlet.mvc.method.annotation.RequestMappingHandlerAdapter.invokeHandlerMethod(RequestMappingHandlerAdapter.java:879)
	at org.springframework.web.servlet.mvc.method.annotation.RequestMappingHandlerAdapter.handleInternal(RequestMappingHandlerAdapter.java:793)
	at org.springframework.web.servlet.mvc.method.AbstractHandlerMethodAdapter.handle(AbstractHandlerMethodAdapter.java:87)
	at org.springframework.web.servlet.DispatcherServlet.doDispatch(DispatcherServlet.java:1040)
	at org.springframework.web.servlet.DispatcherServlet.doService(DispatcherServlet.java:943)
	at org.springframework.web.servlet.FrameworkServlet.processRequest(FrameworkServlet.java:1006)
	at org.springframework.web.servlet.FrameworkServlet.doGet(FrameworkServlet.java:898)
	at javax.servlet.http.HttpServlet.service(HttpServlet.java:634)
	at org.springframework.web.servlet.FrameworkServlet.service(FrameworkServlet.java:883)
	at javax.servlet.http.HttpServlet.service(HttpServlet.java:741)
	at org.apache.catalina.core.ApplicationFilterChain.internalDoFilter(ApplicationFilterChain.java:231)
	at org.apache.catalina.core.ApplicationFilterChain.doFilter(ApplicationFilterChain.java:166)
	at org.apache.tomcat.websocket.server.WsFilter.doFilter(WsFilter.java:53)
	at org.apache.catalina.core.ApplicationFilterChain.internalDoFilter(ApplicationFilterChain.java:193)
	at org.apache.catalina.core.ApplicationFilterChain.doFilter(ApplicationFilterChain.java:166)
	at org.springframework.web.filter.RequestContextFilter.doFilterInternal(RequestContextFilter.java:100)
	at org.springframework.web.filter.OncePerRequestFilter.doFilter(OncePerRequestFilter.java:119)
	at org.apache.catalina.core.ApplicationFilterChain.internalDoFilter(ApplicationFilterChain.java:193)
	at org.apache.catalina.core.ApplicationFilterChain.doFilter(ApplicationFilterChain.java:166)
	at org.springframework.web.filter.FormContentFilter.doFilterInternal(FormContentFilter.java:93)
	at org.springframework.web.filter.OncePerRequestFilter.doFilter(OncePerRequestFilter.java:119)
	at org.apache.catalina.core.ApplicationFilterChain.internalDoFilter(ApplicationFilterChain.java:193)
	at org.apache.catalina.core.ApplicationFilterChain.doFilter(ApplicationFilterChain.java:166)
	at org.springframework.web.filter.CharacterEncodingFilter.doFilterInternal(CharacterEncodingFilter.java:201)
	at org.springframework.web.filter.OncePerRequestFilter.doFilter(OncePerRequestFilter.java:119)
	at org.apache.catalina.core.ApplicationFilterChain.internalDoFilter(ApplicationFilterChain.java:193)
	at org.apache.catalina.core.ApplicationFilterChain.doFilter(ApplicationFilterChain.java:166)
	at org.apache.catalina.core.StandardWrapperValve.invoke(StandardWrapperValve.java:202)
	at org.apache.catalina.core.StandardContextValve.invoke(StandardContextValve.java:96)
	at org.apache.catalina.authenticator.AuthenticatorBase.invoke(AuthenticatorBase.java:541)
	at org.apache.catalina.core.StandardHostValve.invoke(StandardHostValve.java:139)
	at org.apache.catalina.valves.ErrorReportValve.invoke(ErrorReportValve.java:92)
	at org.apache.catalina.core.StandardEngineValve.invoke(StandardEngineValve.java:74)
	at org.apache.catalina.connector.CoyoteAdapter.service(CoyoteAdapter.java:343)
	at org.apache.coyote.http11.Http11Processor.service(Http11Processor.java:373)
	at org.apache.coyote.AbstractProcessorLight.process(AbstractProcessorLight.java:65)
	at org.apache.coyote.AbstractProtocol$ConnectionHandler.process(AbstractProtocol.java:868)
	at org.apache.tomcat.util.net.NioEndpoint$SocketProcessor.doRun(NioEndpoint.java:1590)
	at org.apache.tomcat.util.net.SocketProcessorBase.run(SocketProcessorBase.java:49)
	at java.util.concurrent.ThreadPoolExecutor.runWorker(ThreadPoolExecutor.java:1142)
	at java.util.concurrent.ThreadPoolExecutor$Worker.run(ThreadPoolExecutor.java:617)
	at org.apache.tomcat.util.threads.TaskThread$WrappingRunnable.run(TaskThread.java:61)
	at java.lang.Thread.run(Thread.java:745)
