2020-05-30 07:53:08 [StartupInfoLogger.java:logStarting:55] - Starting DataJpaApplication on SRI with PID 11736 (F:\downloads\data-jpa\target\classes started by hp in F:\downloads\data-jpa)
2020-05-30 07:53:08 [SpringApplication.java:logStartupProfileInfo:651] - No active profile set, falling back to default profiles: default
2020-05-30 07:53:08 [DeferredLog.java:logTo:225] - Devtools property defaults active! Set 'spring.devtools.add-properties' to 'false' to disable
2020-05-30 07:53:08 [DeferredLog.java:logTo:225] - For additional web related logging consider setting the 'logging.level.web' property to 'DEBUG'
2020-05-30 07:53:09 [RepositoryConfigurationDelegate.java:registerRepositoriesIn:127] - Bootstrapping Spring Data JPA repositories in DEFERRED mode.
2020-05-30 07:53:09 [RepositoryConfigurationDelegate.java:registerRepositoriesIn:187] - Finished Spring Data repository scanning in 86ms. Found 1 JPA repository interfaces.
2020-05-30 07:53:10 [TomcatWebServer.java:initialize:108] - Tomcat initialized with port(s): 9091 (http)
2020-05-30 07:53:10 [DirectJDKLog.java:log:173] - Initializing ProtocolHandler ["http-nio-9091"]
2020-05-30 07:53:10 [DirectJDKLog.java:log:173] - Starting service [Tomcat]
2020-05-30 07:53:10 [DirectJDKLog.java:log:173] - Starting Servlet engine: [Apache Tomcat/9.0.35]
2020-05-30 07:53:11 [DirectJDKLog.java:log:173] - Initializing Spring embedded WebApplicationContext
2020-05-30 07:53:11 [ServletWebServerApplicationContext.java:prepareWebApplicationContext:284] - Root WebApplicationContext: initialization completed in 2697 ms
2020-05-30 07:53:11 [DBConfig.java:dataSource:45] - Start of dataSource()
2020-05-30 07:53:11 [Encrypt_Deprypt_Util.java:decrypt:66] - Start of decrypt(...)
2020-05-30 07:53:11 [Encrypt_Deprypt_Util.java:decrypt:75] - Start of decrypt(...)
2020-05-30 07:53:11 [DBConfig.java:dataSource:60] - End of dataSource()
2020-05-30 07:53:11 [AbstractApplicationContext.java:refresh:558] - Exception encountered during context initialization - cancelling refresh attempt: org.springframework.beans.factory.BeanCreationException: Error creating bean with name 'entityManagerFactory' defined in class path resource [com/sts/datajpa/config/DBConfig.class]: Invocation of init method failed; nested exception is java.lang.IllegalStateException: No persistence units parsed from {classpath*:META-INF/persistence.xml}
2020-05-30 07:53:11 [DirectJDKLog.java:log:173] - Stopping service [Tomcat]
2020-05-30 07:53:11 [ConditionEvaluationReportLoggingListener.java:logMessage:136] - 

Error starting ApplicationContext. To display the conditions report re-run your application with 'debug' enabled.
2020-05-30 07:53:11 [SpringApplication.java:reportFailure:837] - Application run failed
org.springframework.beans.factory.BeanCreationException: Error creating bean with name 'entityManagerFactory' defined in class path resource [com/sts/datajpa/config/DBConfig.class]: Invocation of init method failed; nested exception is java.lang.IllegalStateException: No persistence units parsed from {classpath*:META-INF/persistence.xml}
	at org.springframework.beans.factory.support.AbstractAutowireCapableBeanFactory.initializeBean(AbstractAutowireCapableBeanFactory.java:1796)
	at org.springframework.beans.factory.support.AbstractAutowireCapableBeanFactory.doCreateBean(AbstractAutowireCapableBeanFactory.java:595)
	at org.springframework.beans.factory.support.AbstractAutowireCapableBeanFactory.createBean(AbstractAutowireCapableBeanFactory.java:517)
	at org.springframework.beans.factory.support.AbstractBeanFactory.lambda$doGetBean$0(AbstractBeanFactory.java:323)
	at org.springframework.beans.factory.support.AbstractBeanFactory$$Lambda$171/1648747873.getObject(Unknown Source)
	at org.springframework.beans.factory.support.DefaultSingletonBeanRegistry.getSingleton(DefaultSingletonBeanRegistry.java:226)
	at org.springframework.beans.factory.support.AbstractBeanFactory.doGetBean(AbstractBeanFactory.java:321)
	at org.springframework.beans.factory.support.AbstractBeanFactory.getBean(AbstractBeanFactory.java:202)
	at org.springframework.context.support.AbstractApplicationContext.getBean(AbstractApplicationContext.java:1108)
	at org.springframework.context.support.AbstractApplicationContext.finishBeanFactoryInitialization(AbstractApplicationContext.java:868)
	at org.springframework.context.support.AbstractApplicationContext.refresh(AbstractApplicationContext.java:550)
	at org.springframework.boot.web.servlet.context.ServletWebServerApplicationContext.refresh(ServletWebServerApplicationContext.java:143)
	at org.springframework.boot.SpringApplication.refresh(SpringApplication.java:758)
	at org.springframework.boot.SpringApplication.refresh(SpringApplication.java:750)
	at org.springframework.boot.SpringApplication.refreshContext(SpringApplication.java:397)
	at org.springframework.boot.SpringApplication.run(SpringApplication.java:315)
	at org.springframework.boot.SpringApplication.run(SpringApplication.java:1237)
	at org.springframework.boot.SpringApplication.run(SpringApplication.java:1226)
	at com.sts.datajpa.DataJpaApplication.main(DataJpaApplication.java:14)
	at sun.reflect.NativeMethodAccessorImpl.invoke0(Native Method)
	at sun.reflect.NativeMethodAccessorImpl.invoke(NativeMethodAccessorImpl.java:62)
	at sun.reflect.DelegatingMethodAccessorImpl.invoke(DelegatingMethodAccessorImpl.java:43)
	at java.lang.reflect.Method.invoke(Method.java:483)
	at org.springframework.boot.devtools.restart.RestartLauncher.run(RestartLauncher.java:49)
Caused by: java.lang.IllegalStateException: No persistence units parsed from {classpath*:META-INF/persistence.xml}
	at org.springframework.orm.jpa.persistenceunit.DefaultPersistenceUnitManager.obtainDefaultPersistenceUnitInfo(DefaultPersistenceUnitManager.java:718)
	at org.springframework.orm.jpa.LocalContainerEntityManagerFactoryBean.determinePersistenceUnitInfo(LocalContainerEntityManagerFactoryBean.java:387)
	at org.springframework.orm.jpa.LocalContainerEntityManagerFactoryBean.afterPropertiesSet(LocalContainerEntityManagerFactoryBean.java:332)
	at org.springframework.beans.factory.support.AbstractAutowireCapableBeanFactory.invokeInitMethods(AbstractAutowireCapableBeanFactory.java:1855)
	at org.springframework.beans.factory.support.AbstractAutowireCapableBeanFactory.initializeBean(AbstractAutowireCapableBeanFactory.java:1792)
	... 23 common frames omitted
2020-05-30 07:53:11 [SpringApplication.java:handleRunFailure:819] - Unable to close ApplicationContext
org.springframework.beans.factory.BeanCreationException: Error creating bean with name 'springApplicationAdminRegistrar' defined in class path resource [org/springframework/boot/autoconfigure/admin/SpringApplicationAdminJmxAutoConfiguration.class]: BeanPostProcessor before instantiation of bean failed; nested exception is org.springframework.beans.factory.BeanCreationException: Error creating bean with name 'org.springframework.transaction.annotation.ProxyTransactionManagementConfiguration': Initialization of bean failed; nested exception is org.springframework.beans.factory.NoSuchBeanDefinitionException: No bean named 'org.springframework.context.annotation.ConfigurationClassPostProcessor.importRegistry' available
	at org.springframework.beans.factory.support.AbstractAutowireCapableBeanFactory.createBean(AbstractAutowireCapableBeanFactory.java:512)
	at org.springframework.beans.factory.support.AbstractBeanFactory.lambda$doGetBean$0(AbstractBeanFactory.java:323)
	at org.springframework.beans.factory.support.AbstractBeanFactory$$Lambda$171/1648747873.getObject(Unknown Source)
	at org.springframework.beans.factory.support.DefaultSingletonBeanRegistry.getSingleton(DefaultSingletonBeanRegistry.java:226)
	at org.springframework.beans.factory.support.AbstractBeanFactory.doGetBean(AbstractBeanFactory.java:321)
	at org.springframework.beans.factory.support.AbstractBeanFactory.getBean(AbstractBeanFactory.java:207)
	at org.springframework.context.event.AbstractApplicationEventMulticaster.retrieveApplicationListeners(AbstractApplicationEventMulticaster.java:245)
	at org.springframework.context.event.AbstractApplicationEventMulticaster.getApplicationListeners(AbstractApplicationEventMulticaster.java:197)
	at org.springframework.context.event.SimpleApplicationEventMulticaster.multicastEvent(SimpleApplicationEventMulticaster.java:134)
	at org.springframework.context.support.AbstractApplicationContext.publishEvent(AbstractApplicationContext.java:403)
	at org.springframework.context.support.AbstractApplicationContext.publishEvent(AbstractApplicationContext.java:360)
	at org.springframework.boot.availability.AvailabilityChangeEvent.publish(AvailabilityChangeEvent.java:81)
	at org.springframework.boot.availability.AvailabilityChangeEvent.publish(AvailabilityChangeEvent.java:67)
	at org.springframework.boot.web.servlet.context.ServletWebServerApplicationContext.doClose(ServletWebServerApplicationContext.java:167)
	at org.springframework.context.support.AbstractApplicationContext.close(AbstractApplicationContext.java:978)
	at org.springframework.boot.SpringApplication.handleRunFailure(SpringApplication.java:814)
	at org.springframework.boot.SpringApplication.run(SpringApplication.java:325)
	at org.springframework.boot.SpringApplication.run(SpringApplication.java:1237)
	at org.springframework.boot.SpringApplication.run(SpringApplication.java:1226)
	at com.sts.datajpa.DataJpaApplication.main(DataJpaApplication.java:14)
	at sun.reflect.NativeMethodAccessorImpl.invoke0(Native Method)
	at sun.reflect.NativeMethodAccessorImpl.invoke(NativeMethodAccessorImpl.java:62)
	at sun.reflect.DelegatingMethodAccessorImpl.invoke(DelegatingMethodAccessorImpl.java:43)
	at java.lang.reflect.Method.invoke(Method.java:483)
	at org.springframework.boot.devtools.restart.RestartLauncher.run(RestartLauncher.java:49)
Caused by: org.springframework.beans.factory.BeanCreationException: Error creating bean with name 'org.springframework.transaction.annotation.ProxyTransactionManagementConfiguration': Initialization of bean failed; nested exception is org.springframework.beans.factory.NoSuchBeanDefinitionException: No bean named 'org.springframework.context.annotation.ConfigurationClassPostProcessor.importRegistry' available
	at org.springframework.beans.factory.support.AbstractAutowireCapableBeanFactory.doCreateBean(AbstractAutowireCapableBeanFactory.java:603)
	at org.springframework.beans.factory.support.AbstractAutowireCapableBeanFactory.createBean(AbstractAutowireCapableBeanFactory.java:517)
	at org.springframework.beans.factory.support.AbstractBeanFactory.lambda$doGetBean$0(AbstractBeanFactory.java:323)
	at org.springframework.beans.factory.support.AbstractBeanFactory$$Lambda$171/1648747873.getObject(Unknown Source)
	at org.springframework.beans.factory.support.DefaultSingletonBeanRegistry.getSingleton(DefaultSingletonBeanRegistry.java:226)
	at org.springframework.beans.factory.support.AbstractBeanFactory.doGetBean(AbstractBeanFactory.java:321)
	at org.springframework.beans.factory.support.AbstractBeanFactory.getBean(AbstractBeanFactory.java:202)
	at org.springframework.beans.factory.support.ConstructorResolver.instantiateUsingFactoryMethod(ConstructorResolver.java:409)
	at org.springframework.beans.factory.support.AbstractAutowireCapableBeanFactory.instantiateUsingFactoryMethod(AbstractAutowireCapableBeanFactory.java:1338)
	at org.springframework.beans.factory.support.AbstractAutowireCapableBeanFactory.createBeanInstance(AbstractAutowireCapableBeanFactory.java:1177)
	at org.springframework.beans.factory.support.AbstractAutowireCapableBeanFactory.doCreateBean(AbstractAutowireCapableBeanFactory.java:557)
	at org.springframework.beans.factory.support.AbstractAutowireCapableBeanFactory.createBean(AbstractAutowireCapableBeanFactory.java:517)
	at org.springframework.beans.factory.support.AbstractBeanFactory.lambda$doGetBean$0(AbstractBeanFactory.java:323)
	at org.springframework.beans.factory.support.AbstractBeanFactory$$Lambda$171/1648747873.getObject(Unknown Source)
	at org.springframework.beans.factory.support.DefaultSingletonBeanRegistry.getSingleton(DefaultSingletonBeanRegistry.java:226)
	at org.springframework.beans.factory.support.AbstractBeanFactory.doGetBean(AbstractBeanFactory.java:321)
	at org.springframework.beans.factory.support.AbstractBeanFactory.getBean(AbstractBeanFactory.java:207)
	at org.springframework.aop.framework.autoproxy.BeanFactoryAdvisorRetrievalHelper.findAdvisorBeans(BeanFactoryAdvisorRetrievalHelper.java:91)
	at org.springframework.aop.framework.autoproxy.AbstractAdvisorAutoProxyCreator.findCandidateAdvisors(AbstractAdvisorAutoProxyCreator.java:109)
	at org.springframework.aop.aspectj.annotation.AnnotationAwareAspectJAutoProxyCreator.findCandidateAdvisors(AnnotationAwareAspectJAutoProxyCreator.java:92)
	at org.springframework.aop.aspectj.autoproxy.AspectJAwareAdvisorAutoProxyCreator.shouldSkip(AspectJAwareAdvisorAutoProxyCreator.java:101)
	at org.springframework.aop.framework.autoproxy.AbstractAutoProxyCreator.postProcessBeforeInstantiation(AbstractAutoProxyCreator.java:251)
	at org.springframework.beans.factory.support.AbstractAutowireCapableBeanFactory.applyBeanPostProcessorsBeforeInstantiation(AbstractAutowireCapableBeanFactory.java:1141)
	at org.springframework.beans.factory.support.AbstractAutowireCapableBeanFactory.resolveBeforeInstantiation(AbstractAutowireCapableBeanFactory.java:1114)
	at org.springframework.beans.factory.support.AbstractAutowireCapableBeanFactory.createBean(AbstractAutowireCapableBeanFactory.java:506)
	... 24 common frames omitted
Caused by: org.springframework.beans.factory.NoSuchBeanDefinitionException: No bean named 'org.springframework.context.annotation.ConfigurationClassPostProcessor.importRegistry' available
	at org.springframework.beans.factory.support.DefaultListableBeanFactory.getBeanDefinition(DefaultListableBeanFactory.java:814)
	at org.springframework.beans.factory.support.AbstractBeanFactory.getMergedLocalBeanDefinition(AbstractBeanFactory.java:1282)
	at org.springframework.beans.factory.support.AbstractBeanFactory.doGetBean(AbstractBeanFactory.java:297)
	at org.springframework.beans.factory.support.AbstractBeanFactory.getBean(AbstractBeanFactory.java:207)
	at org.springframework.context.annotation.ConfigurationClassPostProcessor$ImportAwareBeanPostProcessor.postProcessBeforeInitialization(ConfigurationClassPostProcessor.java:456)
	at org.springframework.beans.factory.support.AbstractAutowireCapableBeanFactory.applyBeanPostProcessorsBeforeInitialization(AbstractAutowireCapableBeanFactory.java:416)
	at org.springframework.beans.factory.support.AbstractAutowireCapableBeanFactory.initializeBean(AbstractAutowireCapableBeanFactory.java:1788)
	at org.springframework.beans.factory.support.AbstractAutowireCapableBeanFactory.doCreateBean(AbstractAutowireCapableBeanFactory.java:595)
	... 48 common frames omitted
2020-05-30 07:54:27 [StartupInfoLogger.java:logStarting:55] - Starting DataJpaApplication on SRI with PID 12888 (F:\downloads\data-jpa\target\classes started by hp in F:\downloads\data-jpa)
2020-05-30 07:54:27 [SpringApplication.java:logStartupProfileInfo:651] - No active profile set, falling back to default profiles: default
2020-05-30 07:54:27 [DeferredLog.java:logTo:225] - Devtools property defaults active! Set 'spring.devtools.add-properties' to 'false' to disable
2020-05-30 07:54:27 [DeferredLog.java:logTo:225] - For additional web related logging consider setting the 'logging.level.web' property to 'DEBUG'
2020-05-30 07:54:28 [RepositoryConfigurationDelegate.java:registerRepositoriesIn:127] - Bootstrapping Spring Data JPA repositories in DEFERRED mode.
2020-05-30 07:54:28 [RepositoryConfigurationDelegate.java:registerRepositoriesIn:187] - Finished Spring Data repository scanning in 65ms. Found 1 JPA repository interfaces.
2020-05-30 07:54:29 [TomcatWebServer.java:initialize:108] - Tomcat initialized with port(s): 9091 (http)
2020-05-30 07:54:29 [DirectJDKLog.java:log:173] - Initializing ProtocolHandler ["http-nio-9091"]
2020-05-30 07:54:29 [DirectJDKLog.java:log:173] - Starting service [Tomcat]
2020-05-30 07:54:29 [DirectJDKLog.java:log:173] - Starting Servlet engine: [Apache Tomcat/9.0.35]
2020-05-30 07:54:29 [DirectJDKLog.java:log:173] - Initializing Spring embedded WebApplicationContext
2020-05-30 07:54:29 [ServletWebServerApplicationContext.java:prepareWebApplicationContext:284] - Root WebApplicationContext: initialization completed in 2166 ms
2020-05-30 07:54:29 [DBConfig.java:dataSource:45] - Start of dataSource()
2020-05-30 07:54:29 [Encrypt_Deprypt_Util.java:decrypt:66] - Start of decrypt(...)
2020-05-30 07:54:29 [Encrypt_Deprypt_Util.java:decrypt:75] - Start of decrypt(...)
2020-05-30 07:54:29 [DBConfig.java:dataSource:60] - End of dataSource()
2020-05-30 07:54:29 [AbstractApplicationContext.java:refresh:558] - Exception encountered during context initialization - cancelling refresh attempt: org.springframework.beans.factory.BeanCreationException: Error creating bean with name 'entityManagerFactory' defined in class path resource [com/sts/datajpa/config/DBConfig.class]: Invocation of init method failed; nested exception is java.lang.IllegalStateException: No persistence units parsed from {classpath*:META-INF/persistence.xml}
2020-05-30 07:54:29 [DirectJDKLog.java:log:173] - Stopping service [Tomcat]
2020-05-30 07:54:29 [ConditionEvaluationReportLoggingListener.java:logMessage:136] - 

Error starting ApplicationContext. To display the conditions report re-run your application with 'debug' enabled.
2020-05-30 07:54:29 [SpringApplication.java:reportFailure:837] - Application run failed
org.springframework.beans.factory.BeanCreationException: Error creating bean with name 'entityManagerFactory' defined in class path resource [com/sts/datajpa/config/DBConfig.class]: Invocation of init method failed; nested exception is java.lang.IllegalStateException: No persistence units parsed from {classpath*:META-INF/persistence.xml}
	at org.springframework.beans.factory.support.AbstractAutowireCapableBeanFactory.initializeBean(AbstractAutowireCapableBeanFactory.java:1796)
	at org.springframework.beans.factory.support.AbstractAutowireCapableBeanFactory.doCreateBean(AbstractAutowireCapableBeanFactory.java:595)
	at org.springframework.beans.factory.support.AbstractAutowireCapableBeanFactory.createBean(AbstractAutowireCapableBeanFactory.java:517)
	at org.springframework.beans.factory.support.AbstractBeanFactory.lambda$doGetBean$0(AbstractBeanFactory.java:323)
	at org.springframework.beans.factory.support.AbstractBeanFactory$$Lambda$171/555149277.getObject(Unknown Source)
	at org.springframework.beans.factory.support.DefaultSingletonBeanRegistry.getSingleton(DefaultSingletonBeanRegistry.java:226)
	at org.springframework.beans.factory.support.AbstractBeanFactory.doGetBean(AbstractBeanFactory.java:321)
	at org.springframework.beans.factory.support.AbstractBeanFactory.getBean(AbstractBeanFactory.java:202)
	at org.springframework.context.support.AbstractApplicationContext.getBean(AbstractApplicationContext.java:1108)
	at org.springframework.context.support.AbstractApplicationContext.finishBeanFactoryInitialization(AbstractApplicationContext.java:868)
	at org.springframework.context.support.AbstractApplicationContext.refresh(AbstractApplicationContext.java:550)
	at org.springframework.boot.web.servlet.context.ServletWebServerApplicationContext.refresh(ServletWebServerApplicationContext.java:143)
	at org.springframework.boot.SpringApplication.refresh(SpringApplication.java:758)
	at org.springframework.boot.SpringApplication.refresh(SpringApplication.java:750)
	at org.springframework.boot.SpringApplication.refreshContext(SpringApplication.java:397)
	at org.springframework.boot.SpringApplication.run(SpringApplication.java:315)
	at org.springframework.boot.SpringApplication.run(SpringApplication.java:1237)
	at org.springframework.boot.SpringApplication.run(SpringApplication.java:1226)
	at com.sts.datajpa.DataJpaApplication.main(DataJpaApplication.java:14)
	at sun.reflect.NativeMethodAccessorImpl.invoke0(Native Method)
	at sun.reflect.NativeMethodAccessorImpl.invoke(NativeMethodAccessorImpl.java:62)
	at sun.reflect.DelegatingMethodAccessorImpl.invoke(DelegatingMethodAccessorImpl.java:43)
	at java.lang.reflect.Method.invoke(Method.java:483)
	at org.springframework.boot.devtools.restart.RestartLauncher.run(RestartLauncher.java:49)
Caused by: java.lang.IllegalStateException: No persistence units parsed from {classpath*:META-INF/persistence.xml}
	at org.springframework.orm.jpa.persistenceunit.DefaultPersistenceUnitManager.obtainDefaultPersistenceUnitInfo(DefaultPersistenceUnitManager.java:718)
	at org.springframework.orm.jpa.LocalContainerEntityManagerFactoryBean.determinePersistenceUnitInfo(LocalContainerEntityManagerFactoryBean.java:387)
	at org.springframework.orm.jpa.LocalContainerEntityManagerFactoryBean.afterPropertiesSet(LocalContainerEntityManagerFactoryBean.java:332)
	at org.springframework.beans.factory.support.AbstractAutowireCapableBeanFactory.invokeInitMethods(AbstractAutowireCapableBeanFactory.java:1855)
	at org.springframework.beans.factory.support.AbstractAutowireCapableBeanFactory.initializeBean(AbstractAutowireCapableBeanFactory.java:1792)
	... 23 common frames omitted
2020-05-30 07:54:29 [SpringApplication.java:handleRunFailure:819] - Unable to close ApplicationContext
org.springframework.beans.factory.BeanCreationException: Error creating bean with name 'springApplicationAdminRegistrar' defined in class path resource [org/springframework/boot/autoconfigure/admin/SpringApplicationAdminJmxAutoConfiguration.class]: BeanPostProcessor before instantiation of bean failed; nested exception is org.springframework.beans.factory.BeanCreationException: Error creating bean with name 'org.springframework.transaction.annotation.ProxyTransactionManagementConfiguration': Initialization of bean failed; nested exception is org.springframework.beans.factory.NoSuchBeanDefinitionException: No bean named 'org.springframework.context.annotation.ConfigurationClassPostProcessor.importRegistry' available
	at org.springframework.beans.factory.support.AbstractAutowireCapableBeanFactory.createBean(AbstractAutowireCapableBeanFactory.java:512)
	at org.springframework.beans.factory.support.AbstractBeanFactory.lambda$doGetBean$0(AbstractBeanFactory.java:323)
	at org.springframework.beans.factory.support.AbstractBeanFactory$$Lambda$171/555149277.getObject(Unknown Source)
	at org.springframework.beans.factory.support.DefaultSingletonBeanRegistry.getSingleton(DefaultSingletonBeanRegistry.java:226)
	at org.springframework.beans.factory.support.AbstractBeanFactory.doGetBean(AbstractBeanFactory.java:321)
	at org.springframework.beans.factory.support.AbstractBeanFactory.getBean(AbstractBeanFactory.java:207)
	at org.springframework.context.event.AbstractApplicationEventMulticaster.retrieveApplicationListeners(AbstractApplicationEventMulticaster.java:245)
	at org.springframework.context.event.AbstractApplicationEventMulticaster.getApplicationListeners(AbstractApplicationEventMulticaster.java:197)
	at org.springframework.context.event.SimpleApplicationEventMulticaster.multicastEvent(SimpleApplicationEventMulticaster.java:134)
	at org.springframework.context.support.AbstractApplicationContext.publishEvent(AbstractApplicationContext.java:403)
	at org.springframework.context.support.AbstractApplicationContext.publishEvent(AbstractApplicationContext.java:360)
	at org.springframework.boot.availability.AvailabilityChangeEvent.publish(AvailabilityChangeEvent.java:81)
	at org.springframework.boot.availability.AvailabilityChangeEvent.publish(AvailabilityChangeEvent.java:67)
	at org.springframework.boot.web.servlet.context.ServletWebServerApplicationContext.doClose(ServletWebServerApplicationContext.java:167)
	at org.springframework.context.support.AbstractApplicationContext.close(AbstractApplicationContext.java:978)
	at org.springframework.boot.SpringApplication.handleRunFailure(SpringApplication.java:814)
	at org.springframework.boot.SpringApplication.run(SpringApplication.java:325)
	at org.springframework.boot.SpringApplication.run(SpringApplication.java:1237)
	at org.springframework.boot.SpringApplication.run(SpringApplication.java:1226)
	at com.sts.datajpa.DataJpaApplication.main(DataJpaApplication.java:14)
	at sun.reflect.NativeMethodAccessorImpl.invoke0(Native Method)
	at sun.reflect.NativeMethodAccessorImpl.invoke(NativeMethodAccessorImpl.java:62)
	at sun.reflect.DelegatingMethodAccessorImpl.invoke(DelegatingMethodAccessorImpl.java:43)
	at java.lang.reflect.Method.invoke(Method.java:483)
	at org.springframework.boot.devtools.restart.RestartLauncher.run(RestartLauncher.java:49)
Caused by: org.springframework.beans.factory.BeanCreationException: Error creating bean with name 'org.springframework.transaction.annotation.ProxyTransactionManagementConfiguration': Initialization of bean failed; nested exception is org.springframework.beans.factory.NoSuchBeanDefinitionException: No bean named 'org.springframework.context.annotation.ConfigurationClassPostProcessor.importRegistry' available
	at org.springframework.beans.factory.support.AbstractAutowireCapableBeanFactory.doCreateBean(AbstractAutowireCapableBeanFactory.java:603)
	at org.springframework.beans.factory.support.AbstractAutowireCapableBeanFactory.createBean(AbstractAutowireCapableBeanFactory.java:517)
	at org.springframework.beans.factory.support.AbstractBeanFactory.lambda$doGetBean$0(AbstractBeanFactory.java:323)
	at org.springframework.beans.factory.support.AbstractBeanFactory$$Lambda$171/555149277.getObject(Unknown Source)
	at org.springframework.beans.factory.support.DefaultSingletonBeanRegistry.getSingleton(DefaultSingletonBeanRegistry.java:226)
	at org.springframework.beans.factory.support.AbstractBeanFactory.doGetBean(AbstractBeanFactory.java:321)
	at org.springframework.beans.factory.support.AbstractBeanFactory.getBean(AbstractBeanFactory.java:202)
	at org.springframework.beans.factory.support.ConstructorResolver.instantiateUsingFactoryMethod(ConstructorResolver.java:409)
	at org.springframework.beans.factory.support.AbstractAutowireCapableBeanFactory.instantiateUsingFactoryMethod(AbstractAutowireCapableBeanFactory.java:1338)
	at org.springframework.beans.factory.support.AbstractAutowireCapableBeanFactory.createBeanInstance(AbstractAutowireCapableBeanFactory.java:1177)
	at org.springframework.beans.factory.support.AbstractAutowireCapableBeanFactory.doCreateBean(AbstractAutowireCapableBeanFactory.java:557)
	at org.springframework.beans.factory.support.AbstractAutowireCapableBeanFactory.createBean(AbstractAutowireCapableBeanFactory.java:517)
	at org.springframework.beans.factory.support.AbstractBeanFactory.lambda$doGetBean$0(AbstractBeanFactory.java:323)
	at org.springframework.beans.factory.support.AbstractBeanFactory$$Lambda$171/555149277.getObject(Unknown Source)
	at org.springframework.beans.factory.support.DefaultSingletonBeanRegistry.getSingleton(DefaultSingletonBeanRegistry.java:226)
	at org.springframework.beans.factory.support.AbstractBeanFactory.doGetBean(AbstractBeanFactory.java:321)
	at org.springframework.beans.factory.support.AbstractBeanFactory.getBean(AbstractBeanFactory.java:207)
	at org.springframework.aop.framework.autoproxy.BeanFactoryAdvisorRetrievalHelper.findAdvisorBeans(BeanFactoryAdvisorRetrievalHelper.java:91)
	at org.springframework.aop.framework.autoproxy.AbstractAdvisorAutoProxyCreator.findCandidateAdvisors(AbstractAdvisorAutoProxyCreator.java:109)
	at org.springframework.aop.aspectj.annotation.AnnotationAwareAspectJAutoProxyCreator.findCandidateAdvisors(AnnotationAwareAspectJAutoProxyCreator.java:92)
	at org.springframework.aop.aspectj.autoproxy.AspectJAwareAdvisorAutoProxyCreator.shouldSkip(AspectJAwareAdvisorAutoProxyCreator.java:101)
	at org.springframework.aop.framework.autoproxy.AbstractAutoProxyCreator.postProcessBeforeInstantiation(AbstractAutoProxyCreator.java:251)
	at org.springframework.beans.factory.support.AbstractAutowireCapableBeanFactory.applyBeanPostProcessorsBeforeInstantiation(AbstractAutowireCapableBeanFactory.java:1141)
	at org.springframework.beans.factory.support.AbstractAutowireCapableBeanFactory.resolveBeforeInstantiation(AbstractAutowireCapableBeanFactory.java:1114)
	at org.springframework.beans.factory.support.AbstractAutowireCapableBeanFactory.createBean(AbstractAutowireCapableBeanFactory.java:506)
	... 24 common frames omitted
Caused by: org.springframework.beans.factory.NoSuchBeanDefinitionException: No bean named 'org.springframework.context.annotation.ConfigurationClassPostProcessor.importRegistry' available
	at org.springframework.beans.factory.support.DefaultListableBeanFactory.getBeanDefinition(DefaultListableBeanFactory.java:814)
	at org.springframework.beans.factory.support.AbstractBeanFactory.getMergedLocalBeanDefinition(AbstractBeanFactory.java:1282)
	at org.springframework.beans.factory.support.AbstractBeanFactory.doGetBean(AbstractBeanFactory.java:297)
	at org.springframework.beans.factory.support.AbstractBeanFactory.getBean(AbstractBeanFactory.java:207)
	at org.springframework.context.annotation.ConfigurationClassPostProcessor$ImportAwareBeanPostProcessor.postProcessBeforeInitialization(ConfigurationClassPostProcessor.java:456)
	at org.springframework.beans.factory.support.AbstractAutowireCapableBeanFactory.applyBeanPostProcessorsBeforeInitialization(AbstractAutowireCapableBeanFactory.java:416)
	at org.springframework.beans.factory.support.AbstractAutowireCapableBeanFactory.initializeBean(AbstractAutowireCapableBeanFactory.java:1788)
	at org.springframework.beans.factory.support.AbstractAutowireCapableBeanFactory.doCreateBean(AbstractAutowireCapableBeanFactory.java:595)
	... 48 common frames omitted
2020-05-30 07:56:38 [StartupInfoLogger.java:logStarting:55] - Starting DataJpaApplication on SRI with PID 2004 (F:\downloads\data-jpa\target\classes started by hp in F:\downloads\data-jpa)
2020-05-30 07:56:38 [SpringApplication.java:logStartupProfileInfo:651] - No active profile set, falling back to default profiles: default
2020-05-30 07:56:38 [DeferredLog.java:logTo:225] - Devtools property defaults active! Set 'spring.devtools.add-properties' to 'false' to disable
2020-05-30 07:56:38 [DeferredLog.java:logTo:225] - For additional web related logging consider setting the 'logging.level.web' property to 'DEBUG'
2020-05-30 07:56:39 [RepositoryConfigurationDelegate.java:registerRepositoriesIn:127] - Bootstrapping Spring Data JPA repositories in DEFERRED mode.
2020-05-30 07:56:39 [RepositoryConfigurationDelegate.java:registerRepositoriesIn:187] - Finished Spring Data repository scanning in 65ms. Found 1 JPA repository interfaces.
2020-05-30 07:56:40 [TomcatWebServer.java:initialize:108] - Tomcat initialized with port(s): 9091 (http)
2020-05-30 07:56:40 [DirectJDKLog.java:log:173] - Initializing ProtocolHandler ["http-nio-9091"]
2020-05-30 07:56:40 [DirectJDKLog.java:log:173] - Starting service [Tomcat]
2020-05-30 07:56:40 [DirectJDKLog.java:log:173] - Starting Servlet engine: [Apache Tomcat/9.0.35]
2020-05-30 07:56:40 [DirectJDKLog.java:log:173] - Initializing Spring embedded WebApplicationContext
2020-05-30 07:56:40 [ServletWebServerApplicationContext.java:prepareWebApplicationContext:284] - Root WebApplicationContext: initialization completed in 2121 ms
2020-05-30 07:56:40 [DBConfig.java:dataSource:45] - Start of dataSource()
2020-05-30 07:56:40 [Encrypt_Deprypt_Util.java:decrypt:66] - Start of decrypt(...)
2020-05-30 07:56:40 [Encrypt_Deprypt_Util.java:decrypt:75] - Start of decrypt(...)
2020-05-30 07:56:40 [DBConfig.java:dataSource:60] - End of dataSource()
2020-05-30 07:56:41 [LogHelper.java:logPersistenceUnitInformation:31] - HHH000204: Processing PersistenceUnitInfo [name: default]
2020-05-30 07:56:41 [Version.java:logVersion:44] - HHH000412: Hibernate ORM core version 5.4.15.Final
2020-05-30 07:56:41 [JavaReflectionManager.java:<clinit>:49] - HCANN000001: Hibernate Commons Annotations {5.1.0.Final}
2020-05-30 07:56:42 [Dialect.java:<init>:172] - HHH000400: Using dialect: org.hibernate.dialect.MySQL5Dialect
2020-05-30 07:56:44 [JtaPlatformInitiator.java:initiateService:52] - HHH000490: Using JtaPlatform implementation: [org.hibernate.engine.transaction.jta.platform.internal.NoJtaPlatform]
2020-05-30 07:56:44 [AbstractEntityManagerFactoryBean.java:buildNativeEntityManagerFactory:416] - Initialized JPA EntityManagerFactory for persistence unit 'default'
2020-05-30 07:56:44 [OptionalLiveReloadServer.java:startServer:58] - LiveReload server is running on port 35729
2020-05-30 07:56:45 [JpaBaseConfiguration.java:openEntityManagerInViewInterceptor:220] - spring.jpa.open-in-view is enabled by default. Therefore, database queries may be performed during view rendering. Explicitly configure spring.jpa.open-in-view to disable this warning
2020-05-30 07:56:45 [AbstractApplicationContext.java:refresh:558] - Exception encountered during context initialization - cancelling refresh attempt: org.springframework.beans.factory.UnsatisfiedDependencyException: Error creating bean with name 'requestMappingHandlerAdapter' defined in class path resource [org/springframework/boot/autoconfigure/web/servlet/WebMvcAutoConfiguration$EnableWebMvcConfiguration.class]: Unsatisfied dependency expressed through method 'requestMappingHandlerAdapter' parameter 1; nested exception is org.springframework.beans.factory.BeanCreationException: Error creating bean with name 'mvcConversionService' defined in class path resource [org/springframework/boot/autoconfigure/web/servlet/WebMvcAutoConfiguration$EnableWebMvcConfiguration.class]: Bean instantiation via factory method failed; nested exception is org.springframework.beans.BeanInstantiationException: Failed to instantiate [org.springframework.format.support.FormattingConversionService]: Factory method 'mvcConversionService' threw exception; nested exception is org.springframework.beans.factory.BeanCreationException: Error creating bean with name 'employeeRepo' defined in com.sts.datajpa.repository.EmployeeRepo defined in @EnableJpaRepositories declared on JpaRepositoriesRegistrar.EnableJpaRepositoriesConfiguration: Cannot create inner bean '(inner bean)#27c45e3b' of type [org.springframework.orm.jpa.SharedEntityManagerCreator] while setting bean property 'entityManager'; nested exception is org.springframework.beans.factory.BeanCreationException: Error creating bean with name '(inner bean)#27c45e3b': Cannot resolve reference to bean 'entityManagerFactory' while setting constructor argument; nested exception is org.springframework.beans.factory.NoSuchBeanDefinitionException: No bean named 'entityManagerFactory' available
Related cause: org.springframework.beans.factory.UnsatisfiedDependencyException: Error creating bean with name 'requestMappingHandlerAdapter' defined in class path resource [org/springframework/boot/autoconfigure/web/servlet/WebMvcAutoConfiguration$EnableWebMvcConfiguration.class]: Unsatisfied dependency expressed through method 'requestMappingHandlerAdapter' parameter 1; nested exception is org.springframework.beans.factory.BeanCreationException: Error creating bean with name 'mvcConversionService' defined in class path resource [org/springframework/boot/autoconfigure/web/servlet/WebMvcAutoConfiguration$EnableWebMvcConfiguration.class]: Bean instantiation via factory method failed; nested exception is org.springframework.beans.BeanInstantiationException: Failed to instantiate [org.springframework.format.support.FormattingConversionService]: Factory method 'mvcConversionService' threw exception; nested exception is org.springframework.beans.factory.BeanCreationException: Error creating bean with name 'employeeRepo' defined in com.sts.datajpa.repository.EmployeeRepo defined in @EnableJpaRepositories declared on JpaRepositoriesRegistrar.EnableJpaRepositoriesConfiguration: Cannot create inner bean '(inner bean)#27c45e3b' of type [org.springframework.orm.jpa.SharedEntityManagerCreator] while setting bean property 'entityManager'; nested exception is org.springframework.beans.factory.BeanCreationException: Error creating bean with name '(inner bean)#27c45e3b': Cannot resolve reference to bean 'entityManagerFactory' while setting constructor argument; nested exception is org.springframework.beans.factory.NoSuchBeanDefinitionException: No bean named 'entityManagerFactory' available
2020-05-30 07:56:45 [AbstractEntityManagerFactoryBean.java:destroy:598] - Closing JPA EntityManagerFactory for persistence unit 'default'
2020-05-30 07:56:45 [DirectJDKLog.java:log:173] - Stopping service [Tomcat]
2020-05-30 07:56:45 [ConditionEvaluationReportLoggingListener.java:logMessage:136] - 

Error starting ApplicationContext. To display the conditions report re-run your application with 'debug' enabled.
2020-05-30 07:56:45 [LoggingFailureAnalysisReporter.java:report:40] - 

***************************
APPLICATION FAILED TO START
***************************

Description:

Parameter 1 of method requestMappingHandlerAdapter in org.springframework.web.servlet.config.annotation.WebMvcConfigurationSupport required a bean named 'entityManagerFactory' that could not be found.

The injection point has the following annotations:
	- @org.springframework.beans.factory.annotation.Qualifier(value=mvcConversionService)


Action:

Consider defining a bean named 'entityManagerFactory' in your configuration.

2020-05-30 07:56:45 [SpringApplication.java:handleRunFailure:819] - Unable to close ApplicationContext
org.springframework.beans.factory.BeanCreationException: Error creating bean with name 'applicationAvailability' defined in class path resource [org/springframework/boot/autoconfigure/availability/ApplicationAvailabilityAutoConfiguration.class]: BeanPostProcessor before instantiation of bean failed; nested exception is org.springframework.beans.factory.BeanCreationException: Error creating bean with name 'org.springframework.transaction.annotation.ProxyTransactionManagementConfiguration': Initialization of bean failed; nested exception is org.springframework.beans.factory.NoSuchBeanDefinitionException: No bean named 'org.springframework.context.annotation.ConfigurationClassPostProcessor.importRegistry' available
	at org.springframework.beans.factory.support.AbstractAutowireCapableBeanFactory.createBean(AbstractAutowireCapableBeanFactory.java:512)
	at org.springframework.beans.factory.support.AbstractBeanFactory.lambda$doGetBean$0(AbstractBeanFactory.java:323)
	at org.springframework.beans.factory.support.AbstractBeanFactory$$Lambda$171/1579033047.getObject(Unknown Source)
	at org.springframework.beans.factory.support.DefaultSingletonBeanRegistry.getSingleton(DefaultSingletonBeanRegistry.java:226)
	at org.springframework.beans.factory.support.AbstractBeanFactory.doGetBean(AbstractBeanFactory.java:321)
	at org.springframework.beans.factory.support.AbstractBeanFactory.getBean(AbstractBeanFactory.java:207)
	at org.springframework.context.event.AbstractApplicationEventMulticaster.retrieveApplicationListeners(AbstractApplicationEventMulticaster.java:245)
	at org.springframework.context.event.AbstractApplicationEventMulticaster.getApplicationListeners(AbstractApplicationEventMulticaster.java:197)
	at org.springframework.context.event.SimpleApplicationEventMulticaster.multicastEvent(SimpleApplicationEventMulticaster.java:134)
	at org.springframework.context.support.AbstractApplicationContext.publishEvent(AbstractApplicationContext.java:403)
	at org.springframework.context.support.AbstractApplicationContext.publishEvent(AbstractApplicationContext.java:360)
	at org.springframework.boot.availability.AvailabilityChangeEvent.publish(AvailabilityChangeEvent.java:81)
	at org.springframework.boot.availability.AvailabilityChangeEvent.publish(AvailabilityChangeEvent.java:67)
	at org.springframework.boot.web.servlet.context.ServletWebServerApplicationContext.doClose(ServletWebServerApplicationContext.java:167)
	at org.springframework.context.support.AbstractApplicationContext.close(AbstractApplicationContext.java:978)
	at org.springframework.boot.SpringApplication.handleRunFailure(SpringApplication.java:814)
	at org.springframework.boot.SpringApplication.run(SpringApplication.java:325)
	at org.springframework.boot.SpringApplication.run(SpringApplication.java:1237)
	at org.springframework.boot.SpringApplication.run(SpringApplication.java:1226)
	at com.sts.datajpa.DataJpaApplication.main(DataJpaApplication.java:14)
	at sun.reflect.NativeMethodAccessorImpl.invoke0(Native Method)
	at sun.reflect.NativeMethodAccessorImpl.invoke(NativeMethodAccessorImpl.java:62)
	at sun.reflect.DelegatingMethodAccessorImpl.invoke(DelegatingMethodAccessorImpl.java:43)
	at java.lang.reflect.Method.invoke(Method.java:483)
	at org.springframework.boot.devtools.restart.RestartLauncher.run(RestartLauncher.java:49)
Caused by: org.springframework.beans.factory.BeanCreationException: Error creating bean with name 'org.springframework.transaction.annotation.ProxyTransactionManagementConfiguration': Initialization of bean failed; nested exception is org.springframework.beans.factory.NoSuchBeanDefinitionException: No bean named 'org.springframework.context.annotation.ConfigurationClassPostProcessor.importRegistry' available
	at org.springframework.beans.factory.support.AbstractAutowireCapableBeanFactory.doCreateBean(AbstractAutowireCapableBeanFactory.java:603)
	at org.springframework.beans.factory.support.AbstractAutowireCapableBeanFactory.createBean(AbstractAutowireCapableBeanFactory.java:517)
	at org.springframework.beans.factory.support.AbstractBeanFactory.lambda$doGetBean$0(AbstractBeanFactory.java:323)
	at org.springframework.beans.factory.support.AbstractBeanFactory$$Lambda$171/1579033047.getObject(Unknown Source)
	at org.springframework.beans.factory.support.DefaultSingletonBeanRegistry.getSingleton(DefaultSingletonBeanRegistry.java:226)
	at org.springframework.beans.factory.support.AbstractBeanFactory.doGetBean(AbstractBeanFactory.java:321)
	at org.springframework.beans.factory.support.AbstractBeanFactory.getBean(AbstractBeanFactory.java:202)
	at org.springframework.beans.factory.support.ConstructorResolver.instantiateUsingFactoryMethod(ConstructorResolver.java:409)
	at org.springframework.beans.factory.support.AbstractAutowireCapableBeanFactory.instantiateUsingFactoryMethod(AbstractAutowireCapableBeanFactory.java:1338)
	at org.springframework.beans.factory.support.AbstractAutowireCapableBeanFactory.createBeanInstance(AbstractAutowireCapableBeanFactory.java:1177)
	at org.springframework.beans.factory.support.AbstractAutowireCapableBeanFactory.doCreateBean(AbstractAutowireCapableBeanFactory.java:557)
	at org.springframework.beans.factory.support.AbstractAutowireCapableBeanFactory.createBean(AbstractAutowireCapableBeanFactory.java:517)
	at org.springframework.beans.factory.support.AbstractBeanFactory.lambda$doGetBean$0(AbstractBeanFactory.java:323)
	at org.springframework.beans.factory.support.AbstractBeanFactory$$Lambda$171/1579033047.getObject(Unknown Source)
	at org.springframework.beans.factory.support.DefaultSingletonBeanRegistry.getSingleton(DefaultSingletonBeanRegistry.java:226)
	at org.springframework.beans.factory.support.AbstractBeanFactory.doGetBean(AbstractBeanFactory.java:321)
	at org.springframework.beans.factory.support.AbstractBeanFactory.getBean(AbstractBeanFactory.java:207)
	at org.springframework.aop.framework.autoproxy.BeanFactoryAdvisorRetrievalHelper.findAdvisorBeans(BeanFactoryAdvisorRetrievalHelper.java:91)
	at org.springframework.aop.framework.autoproxy.AbstractAdvisorAutoProxyCreator.findCandidateAdvisors(AbstractAdvisorAutoProxyCreator.java:109)
	at org.springframework.aop.aspectj.annotation.AnnotationAwareAspectJAutoProxyCreator.findCandidateAdvisors(AnnotationAwareAspectJAutoProxyCreator.java:92)
	at org.springframework.aop.aspectj.autoproxy.AspectJAwareAdvisorAutoProxyCreator.shouldSkip(AspectJAwareAdvisorAutoProxyCreator.java:101)
	at org.springframework.aop.framework.autoproxy.AbstractAutoProxyCreator.postProcessBeforeInstantiation(AbstractAutoProxyCreator.java:251)
	at org.springframework.beans.factory.support.AbstractAutowireCapableBeanFactory.applyBeanPostProcessorsBeforeInstantiation(AbstractAutowireCapableBeanFactory.java:1141)
	at org.springframework.beans.factory.support.AbstractAutowireCapableBeanFactory.resolveBeforeInstantiation(AbstractAutowireCapableBeanFactory.java:1114)
	at org.springframework.beans.factory.support.AbstractAutowireCapableBeanFactory.createBean(AbstractAutowireCapableBeanFactory.java:506)
	... 24 common frames omitted
Caused by: org.springframework.beans.factory.NoSuchBeanDefinitionException: No bean named 'org.springframework.context.annotation.ConfigurationClassPostProcessor.importRegistry' available
	at org.springframework.beans.factory.support.DefaultListableBeanFactory.getBeanDefinition(DefaultListableBeanFactory.java:814)
	at org.springframework.beans.factory.support.AbstractBeanFactory.getMergedLocalBeanDefinition(AbstractBeanFactory.java:1282)
	at org.springframework.beans.factory.support.AbstractBeanFactory.doGetBean(AbstractBeanFactory.java:297)
	at org.springframework.beans.factory.support.AbstractBeanFactory.getBean(AbstractBeanFactory.java:207)
	at org.springframework.context.annotation.ConfigurationClassPostProcessor$ImportAwareBeanPostProcessor.postProcessBeforeInitialization(ConfigurationClassPostProcessor.java:456)
	at org.springframework.beans.factory.support.AbstractAutowireCapableBeanFactory.applyBeanPostProcessorsBeforeInitialization(AbstractAutowireCapableBeanFactory.java:416)
	at org.springframework.beans.factory.support.AbstractAutowireCapableBeanFactory.initializeBean(AbstractAutowireCapableBeanFactory.java:1788)
	at org.springframework.beans.factory.support.AbstractAutowireCapableBeanFactory.doCreateBean(AbstractAutowireCapableBeanFactory.java:595)
	... 48 common frames omitted
2020-05-30 07:58:29 [StartupInfoLogger.java:logStarting:55] - Starting DataJpaApplication on SRI with PID 9152 (F:\downloads\data-jpa\target\classes started by hp in F:\downloads\data-jpa)
2020-05-30 07:58:29 [SpringApplication.java:logStartupProfileInfo:651] - No active profile set, falling back to default profiles: default
2020-05-30 07:58:29 [DeferredLog.java:logTo:225] - Devtools property defaults active! Set 'spring.devtools.add-properties' to 'false' to disable
2020-05-30 07:58:29 [DeferredLog.java:logTo:225] - For additional web related logging consider setting the 'logging.level.web' property to 'DEBUG'
2020-05-30 07:58:30 [RepositoryConfigurationDelegate.java:registerRepositoriesIn:127] - Bootstrapping Spring Data JPA repositories in DEFERRED mode.
2020-05-30 07:58:30 [RepositoryConfigurationDelegate.java:registerRepositoriesIn:187] - Finished Spring Data repository scanning in 75ms. Found 1 JPA repository interfaces.
2020-05-30 07:58:31 [TomcatWebServer.java:initialize:108] - Tomcat initialized with port(s): 9091 (http)
2020-05-30 07:58:31 [DirectJDKLog.java:log:173] - Initializing ProtocolHandler ["http-nio-9091"]
2020-05-30 07:58:31 [DirectJDKLog.java:log:173] - Starting service [Tomcat]
2020-05-30 07:58:31 [DirectJDKLog.java:log:173] - Starting Servlet engine: [Apache Tomcat/9.0.35]
2020-05-30 07:58:31 [DirectJDKLog.java:log:173] - Initializing Spring embedded WebApplicationContext
2020-05-30 07:58:31 [ServletWebServerApplicationContext.java:prepareWebApplicationContext:284] - Root WebApplicationContext: initialization completed in 2040 ms
2020-05-30 07:58:31 [DBConfig.java:dataSource:45] - Start of dataSource()
2020-05-30 07:58:31 [Encrypt_Deprypt_Util.java:decrypt:66] - Start of decrypt(...)
2020-05-30 07:58:32 [Encrypt_Deprypt_Util.java:decrypt:75] - Start of decrypt(...)
2020-05-30 07:58:32 [DBConfig.java:dataSource:60] - End of dataSource()
2020-05-30 07:58:32 [LogHelper.java:logPersistenceUnitInformation:31] - HHH000204: Processing PersistenceUnitInfo [name: default]
2020-05-30 07:58:32 [Version.java:logVersion:44] - HHH000412: Hibernate ORM core version 5.4.15.Final
2020-05-30 07:58:32 [JavaReflectionManager.java:<clinit>:49] - HCANN000001: Hibernate Commons Annotations {5.1.0.Final}
2020-05-30 07:58:32 [Dialect.java:<init>:172] - HHH000400: Using dialect: org.hibernate.dialect.MySQL5Dialect
2020-05-30 07:58:33 [JtaPlatformInitiator.java:initiateService:52] - HHH000490: Using JtaPlatform implementation: [org.hibernate.engine.transaction.jta.platform.internal.NoJtaPlatform]
2020-05-30 07:58:33 [AbstractEntityManagerFactoryBean.java:buildNativeEntityManagerFactory:416] - Initialized JPA EntityManagerFactory for persistence unit 'default'
2020-05-30 07:58:33 [OptionalLiveReloadServer.java:startServer:58] - LiveReload server is running on port 35729
2020-05-30 07:58:33 [JpaBaseConfiguration.java:openEntityManagerInViewInterceptor:220] - spring.jpa.open-in-view is enabled by default. Therefore, database queries may be performed during view rendering. Explicitly configure spring.jpa.open-in-view to disable this warning
2020-05-30 07:58:34 [ExecutorConfigurationSupport.java:initialize:181] - Initializing ExecutorService 'applicationTaskExecutor'
2020-05-30 07:58:34 [DirectJDKLog.java:log:173] - Starting ProtocolHandler ["http-nio-9091"]
2020-05-30 07:58:35 [TomcatWebServer.java:start:220] - Tomcat started on port(s): 9091 (http) with context path ''
2020-05-30 07:58:35 [DeferredRepositoryInitializationListener.java:onApplicationEvent:49] - Triggering deferred initialization of Spring Data repositories…
2020-05-30 07:58:35 [DeferredRepositoryInitializationListener.java:onApplicationEvent:53] - Spring Data repositories initialized!
2020-05-30 07:58:35 [StartupInfoLogger.java:logStarted:61] - Started DataJpaApplication in 6.389 seconds (JVM running for 7.769)
2020-05-30 07:58:35 [DataJpaApplication.java:main:15] - Started running..
2020-05-30 08:02:09 [DirectJDKLog.java:log:173] - Initializing Spring DispatcherServlet 'dispatcherServlet'
2020-05-30 08:02:10 [FrameworkServlet.java:initServletBean:525] - Initializing Servlet 'dispatcherServlet'
2020-05-30 08:02:12 [FrameworkServlet.java:initServletBean:547] - Completed initialization in 1878 ms
2020-05-30 08:02:14 [EmployeeResource.java:getAllEmployee:50] - Start of getAllEmployee()
2020-05-30 08:02:14 [EmployeeService.java:getAll:34] - Start of getAll()
2020-05-30 08:02:17 [EmployeeService.java:getAll:44] - End of getAll()
2020-05-30 08:02:17 [EmployeeResource.java:getAllEmployee:58] - End of getAllEmployee()
2020-05-30 08:02:46 [EmployeeResource.java:getAllEmployee:50] - Start of getAllEmployee()
2020-05-30 08:02:46 [EmployeeService.java:getAll:34] - Start of getAll()
2020-05-30 08:02:46 [EmployeeService.java:getAll:44] - End of getAll()
2020-05-30 08:02:46 [EmployeeResource.java:getAllEmployee:58] - End of getAllEmployee()
2020-05-30 08:02:48 [EmployeeResource.java:getAllEmployee:50] - Start of getAllEmployee()
2020-05-30 08:02:48 [EmployeeService.java:getAll:34] - Start of getAll()
2020-05-30 08:02:49 [EmployeeService.java:getAll:44] - End of getAll()
2020-05-30 08:02:49 [EmployeeResource.java:getAllEmployee:58] - End of getAllEmployee()
2020-05-30 08:02:51 [EmployeeResource.java:getAllEmployee:50] - Start of getAllEmployee()
2020-05-30 08:02:51 [EmployeeService.java:getAll:34] - Start of getAll()
2020-05-30 08:02:51 [EmployeeService.java:getAll:44] - End of getAll()
2020-05-30 08:02:51 [EmployeeResource.java:getAllEmployee:58] - End of getAllEmployee()
2020-05-30 08:03:09 [EmployeeResource.java:getByEmpId:89] - Start of getByEmpId(...) with empId=1421
2020-05-30 08:03:09 [EmployeeService.java:findByEmpId:133] - Start of findByEmpId(...) with empId=1421
2020-05-30 08:03:09 [EmployeeService.java:findByEmpId:138] - Employee with empId=1421 is not found in database
2020-05-30 08:03:09 [EmployeeService.java:findByEmpId:149] - Error while finding the Employee information from database with empId=1421 and error={}
com.sts.datajpa.exception.EmployeeNotFoundException: Employee Not Found
	at com.sts.datajpa.service.EmployeeService.findByEmpId(EmployeeService.java:139)
	at com.sts.datajpa.resource.EmployeeResource.getByEmpId(EmployeeResource.java:93)
	at sun.reflect.NativeMethodAccessorImpl.invoke0(Native Method)
	at sun.reflect.NativeMethodAccessorImpl.invoke(NativeMethodAccessorImpl.java:62)
	at sun.reflect.DelegatingMethodAccessorImpl.invoke(DelegatingMethodAccessorImpl.java:43)
	at java.lang.reflect.Method.invoke(Method.java:483)
	at org.springframework.web.method.support.InvocableHandlerMethod.doInvoke(InvocableHandlerMethod.java:190)
	at org.springframework.web.method.support.InvocableHandlerMethod.invokeForRequest(InvocableHandlerMethod.java:138)
	at org.springframework.web.servlet.mvc.method.annotation.ServletInvocableHandlerMethod.invokeAndHandle(ServletInvocableHandlerMethod.java:105)
	at org.springframework.web.servlet.mvc.method.annotation.RequestMappingHandlerAdapter.invokeHandlerMethod(RequestMappingHandlerAdapter.java:879)
	at org.springframework.web.servlet.mvc.method.annotation.RequestMappingHandlerAdapter.handleInternal(RequestMappingHandlerAdapter.java:793)
	at org.springframework.web.servlet.mvc.method.AbstractHandlerMethodAdapter.handle(AbstractHandlerMethodAdapter.java:87)
	at org.springframework.web.servlet.DispatcherServlet.doDispatch(DispatcherServlet.java:1040)
	at org.springframework.web.servlet.DispatcherServlet.doService(DispatcherServlet.java:943)
	at org.springframework.web.servlet.FrameworkServlet.processRequest(FrameworkServlet.java:1006)
	at org.springframework.web.servlet.FrameworkServlet.doGet(FrameworkServlet.java:898)
	at javax.servlet.http.HttpServlet.service(HttpServlet.java:634)
	at org.springframework.web.servlet.FrameworkServlet.service(FrameworkServlet.java:883)
	at javax.servlet.http.HttpServlet.service(HttpServlet.java:741)
	at org.apache.catalina.core.ApplicationFilterChain.internalDoFilter(ApplicationFilterChain.java:231)
	at org.apache.catalina.core.ApplicationFilterChain.doFilter(ApplicationFilterChain.java:166)
	at org.apache.tomcat.websocket.server.WsFilter.doFilter(WsFilter.java:53)
	at org.apache.catalina.core.ApplicationFilterChain.internalDoFilter(ApplicationFilterChain.java:193)
	at org.apache.catalina.core.ApplicationFilterChain.doFilter(ApplicationFilterChain.java:166)
	at org.springframework.web.filter.RequestContextFilter.doFilterInternal(RequestContextFilter.java:100)
	at org.springframework.web.filter.OncePerRequestFilter.doFilter(OncePerRequestFilter.java:119)
	at org.apache.catalina.core.ApplicationFilterChain.internalDoFilter(ApplicationFilterChain.java:193)
	at org.apache.catalina.core.ApplicationFilterChain.doFilter(ApplicationFilterChain.java:166)
	at org.springframework.web.filter.FormContentFilter.doFilterInternal(FormContentFilter.java:93)
	at org.springframework.web.filter.OncePerRequestFilter.doFilter(OncePerRequestFilter.java:119)
	at org.apache.catalina.core.ApplicationFilterChain.internalDoFilter(ApplicationFilterChain.java:193)
	at org.apache.catalina.core.ApplicationFilterChain.doFilter(ApplicationFilterChain.java:166)
	at org.springframework.web.filter.CharacterEncodingFilter.doFilterInternal(CharacterEncodingFilter.java:201)
	at org.springframework.web.filter.OncePerRequestFilter.doFilter(OncePerRequestFilter.java:119)
	at org.apache.catalina.core.ApplicationFilterChain.internalDoFilter(ApplicationFilterChain.java:193)
	at org.apache.catalina.core.ApplicationFilterChain.doFilter(ApplicationFilterChain.java:166)
	at org.apache.catalina.core.StandardWrapperValve.invoke(StandardWrapperValve.java:202)
	at org.apache.catalina.core.StandardContextValve.invoke(StandardContextValve.java:96)
	at org.apache.catalina.authenticator.AuthenticatorBase.invoke(AuthenticatorBase.java:541)
	at org.apache.catalina.core.StandardHostValve.invoke(StandardHostValve.java:139)
	at org.apache.catalina.valves.ErrorReportValve.invoke(ErrorReportValve.java:92)
	at org.apache.catalina.core.StandardEngineValve.invoke(StandardEngineValve.java:74)
	at org.apache.catalina.connector.CoyoteAdapter.service(CoyoteAdapter.java:343)
	at org.apache.coyote.http11.Http11Processor.service(Http11Processor.java:373)
	at org.apache.coyote.AbstractProcessorLight.process(AbstractProcessorLight.java:65)
	at org.apache.coyote.AbstractProtocol$ConnectionHandler.process(AbstractProtocol.java:868)
	at org.apache.tomcat.util.net.NioEndpoint$SocketProcessor.doRun(NioEndpoint.java:1590)
	at org.apache.tomcat.util.net.SocketProcessorBase.run(SocketProcessorBase.java:49)
	at java.util.concurrent.ThreadPoolExecutor.runWorker(ThreadPoolExecutor.java:1142)
	at java.util.concurrent.ThreadPoolExecutor$Worker.run(ThreadPoolExecutor.java:617)
	at org.apache.tomcat.util.threads.TaskThread$WrappingRunnable.run(TaskThread.java:61)
	at java.lang.Thread.run(Thread.java:745)
2020-05-30 08:03:10 [EmployeeResource.java:getByEmpId:103] - Employee not foud with empId=1421 and error={}
com.sts.datajpa.exception.EmployeeNotFoundException: Employee Not Found
	at com.sts.datajpa.service.EmployeeService.findByEmpId(EmployeeService.java:151)
	at com.sts.datajpa.resource.EmployeeResource.getByEmpId(EmployeeResource.java:93)
	at sun.reflect.NativeMethodAccessorImpl.invoke0(Native Method)
	at sun.reflect.NativeMethodAccessorImpl.invoke(NativeMethodAccessorImpl.java:62)
	at sun.reflect.DelegatingMethodAccessorImpl.invoke(DelegatingMethodAccessorImpl.java:43)
	at java.lang.reflect.Method.invoke(Method.java:483)
	at org.springframework.web.method.support.InvocableHandlerMethod.doInvoke(InvocableHandlerMethod.java:190)
	at org.springframework.web.method.support.InvocableHandlerMethod.invokeForRequest(InvocableHandlerMethod.java:138)
	at org.springframework.web.servlet.mvc.method.annotation.ServletInvocableHandlerMethod.invokeAndHandle(ServletInvocableHandlerMethod.java:105)
	at org.springframework.web.servlet.mvc.method.annotation.RequestMappingHandlerAdapter.invokeHandlerMethod(RequestMappingHandlerAdapter.java:879)
	at org.springframework.web.servlet.mvc.method.annotation.RequestMappingHandlerAdapter.handleInternal(RequestMappingHandlerAdapter.java:793)
	at org.springframework.web.servlet.mvc.method.AbstractHandlerMethodAdapter.handle(AbstractHandlerMethodAdapter.java:87)
	at org.springframework.web.servlet.DispatcherServlet.doDispatch(DispatcherServlet.java:1040)
	at org.springframework.web.servlet.DispatcherServlet.doService(DispatcherServlet.java:943)
	at org.springframework.web.servlet.FrameworkServlet.processRequest(FrameworkServlet.java:1006)
	at org.springframework.web.servlet.FrameworkServlet.doGet(FrameworkServlet.java:898)
	at javax.servlet.http.HttpServlet.service(HttpServlet.java:634)
	at org.springframework.web.servlet.FrameworkServlet.service(FrameworkServlet.java:883)
	at javax.servlet.http.HttpServlet.service(HttpServlet.java:741)
	at org.apache.catalina.core.ApplicationFilterChain.internalDoFilter(ApplicationFilterChain.java:231)
	at org.apache.catalina.core.ApplicationFilterChain.doFilter(ApplicationFilterChain.java:166)
	at org.apache.tomcat.websocket.server.WsFilter.doFilter(WsFilter.java:53)
	at org.apache.catalina.core.ApplicationFilterChain.internalDoFilter(ApplicationFilterChain.java:193)
	at org.apache.catalina.core.ApplicationFilterChain.doFilter(ApplicationFilterChain.java:166)
	at org.springframework.web.filter.RequestContextFilter.doFilterInternal(RequestContextFilter.java:100)
	at org.springframework.web.filter.OncePerRequestFilter.doFilter(OncePerRequestFilter.java:119)
	at org.apache.catalina.core.ApplicationFilterChain.internalDoFilter(ApplicationFilterChain.java:193)
	at org.apache.catalina.core.ApplicationFilterChain.doFilter(ApplicationFilterChain.java:166)
	at org.springframework.web.filter.FormContentFilter.doFilterInternal(FormContentFilter.java:93)
	at org.springframework.web.filter.OncePerRequestFilter.doFilter(OncePerRequestFilter.java:119)
	at org.apache.catalina.core.ApplicationFilterChain.internalDoFilter(ApplicationFilterChain.java:193)
	at org.apache.catalina.core.ApplicationFilterChain.doFilter(ApplicationFilterChain.java:166)
	at org.springframework.web.filter.CharacterEncodingFilter.doFilterInternal(CharacterEncodingFilter.java:201)
	at org.springframework.web.filter.OncePerRequestFilter.doFilter(OncePerRequestFilter.java:119)
	at org.apache.catalina.core.ApplicationFilterChain.internalDoFilter(ApplicationFilterChain.java:193)
	at org.apache.catalina.core.ApplicationFilterChain.doFilter(ApplicationFilterChain.java:166)
	at org.apache.catalina.core.StandardWrapperValve.invoke(StandardWrapperValve.java:202)
	at org.apache.catalina.core.StandardContextValve.invoke(StandardContextValve.java:96)
	at org.apache.catalina.authenticator.AuthenticatorBase.invoke(AuthenticatorBase.java:541)
	at org.apache.catalina.core.StandardHostValve.invoke(StandardHostValve.java:139)
	at org.apache.catalina.valves.ErrorReportValve.invoke(ErrorReportValve.java:92)
	at org.apache.catalina.core.StandardEngineValve.invoke(StandardEngineValve.java:74)
	at org.apache.catalina.connector.CoyoteAdapter.service(CoyoteAdapter.java:343)
	at org.apache.coyote.http11.Http11Processor.service(Http11Processor.java:373)
	at org.apache.coyote.AbstractProcessorLight.process(AbstractProcessorLight.java:65)
	at org.apache.coyote.AbstractProtocol$ConnectionHandler.process(AbstractProtocol.java:868)
	at org.apache.tomcat.util.net.NioEndpoint$SocketProcessor.doRun(NioEndpoint.java:1590)
	at org.apache.tomcat.util.net.SocketProcessorBase.run(SocketProcessorBase.java:49)
	at java.util.concurrent.ThreadPoolExecutor.runWorker(ThreadPoolExecutor.java:1142)
	at java.util.concurrent.ThreadPoolExecutor$Worker.run(ThreadPoolExecutor.java:617)
	at org.apache.tomcat.util.threads.TaskThread$WrappingRunnable.run(TaskThread.java:61)
	at java.lang.Thread.run(Thread.java:745)
2020-05-30 08:03:37 [EmployeeResource.java:getByEmpId:89] - Start of getByEmpId(...) with empId=1423
2020-05-30 08:03:37 [EmployeeService.java:findByEmpId:133] - Start of findByEmpId(...) with empId=1423
2020-05-30 08:03:38 [EmployeeService.java:findByEmpId:144] - Start of findByEmpId(...) with empId=1423
2020-05-30 08:03:38 [EmployeeResource.java:getByEmpId:98] - End of getByEmpId(...) with empId=1423
2020-05-30 08:08:54 [ExecutorConfigurationSupport.java:shutdown:218] - Shutting down ExecutorService 'applicationTaskExecutor'
2020-05-30 08:08:54 [AbstractEntityManagerFactoryBean.java:destroy:598] - Closing JPA EntityManagerFactory for persistence unit 'default'
2020-05-30 08:08:56 [StartupInfoLogger.java:logStarting:55] - Starting DataJpaApplication on SRI with PID 9152 (F:\downloads\data-jpa\target\classes started by hp in F:\downloads\data-jpa)
2020-05-30 08:08:56 [SpringApplication.java:logStartupProfileInfo:651] - No active profile set, falling back to default profiles: default
2020-05-30 08:08:57 [RepositoryConfigurationDelegate.java:registerRepositoriesIn:127] - Bootstrapping Spring Data JPA repositories in DEFERRED mode.
2020-05-30 08:08:57 [RepositoryConfigurationDelegate.java:registerRepositoriesIn:187] - Finished Spring Data repository scanning in 15ms. Found 1 JPA repository interfaces.
2020-05-30 08:08:57 [TomcatWebServer.java:initialize:108] - Tomcat initialized with port(s): 9091 (http)
2020-05-30 08:08:57 [DirectJDKLog.java:log:173] - Initializing ProtocolHandler ["http-nio-9091"]
2020-05-30 08:08:57 [DirectJDKLog.java:log:173] - Starting service [Tomcat]
2020-05-30 08:08:57 [DirectJDKLog.java:log:173] - Starting Servlet engine: [Apache Tomcat/9.0.35]
2020-05-30 08:08:58 [DirectJDKLog.java:log:173] - Initializing Spring embedded WebApplicationContext
2020-05-30 08:08:58 [ServletWebServerApplicationContext.java:prepareWebApplicationContext:284] - Root WebApplicationContext: initialization completed in 1945 ms
2020-05-30 08:08:58 [DBConfig.java:dataSource:43] - Start of dataSource()
2020-05-30 08:08:58 [Encrypt_Deprypt_Util.java:decrypt:66] - Start of decrypt(...)
2020-05-30 08:08:58 [Encrypt_Deprypt_Util.java:decrypt:75] - Start of decrypt(...)
2020-05-30 08:08:58 [DBConfig.java:dataSource:58] - End of dataSource()
2020-05-30 08:08:58 [LogHelper.java:logPersistenceUnitInformation:31] - HHH000204: Processing PersistenceUnitInfo [name: default]
2020-05-30 08:08:58 [Dialect.java:<init>:172] - HHH000400: Using dialect: org.hibernate.dialect.MySQL5Dialect
2020-05-30 08:08:58 [JtaPlatformInitiator.java:initiateService:52] - HHH000490: Using JtaPlatform implementation: [org.hibernate.engine.transaction.jta.platform.internal.NoJtaPlatform]
2020-05-30 08:08:58 [AbstractEntityManagerFactoryBean.java:buildNativeEntityManagerFactory:416] - Initialized JPA EntityManagerFactory for persistence unit 'default'
2020-05-30 08:08:58 [OptionalLiveReloadServer.java:startServer:58] - LiveReload server is running on port 35729
2020-05-30 08:08:58 [JpaBaseConfiguration.java:openEntityManagerInViewInterceptor:220] - spring.jpa.open-in-view is enabled by default. Therefore, database queries may be performed during view rendering. Explicitly configure spring.jpa.open-in-view to disable this warning
2020-05-30 08:08:59 [ExecutorConfigurationSupport.java:initialize:181] - Initializing ExecutorService 'applicationTaskExecutor'
2020-05-30 08:08:59 [DirectJDKLog.java:log:173] - Starting ProtocolHandler ["http-nio-9091"]
2020-05-30 08:08:59 [TomcatWebServer.java:start:220] - Tomcat started on port(s): 9091 (http) with context path ''
2020-05-30 08:08:59 [DeferredRepositoryInitializationListener.java:onApplicationEvent:49] - Triggering deferred initialization of Spring Data repositories…
2020-05-30 08:08:59 [DeferredRepositoryInitializationListener.java:onApplicationEvent:53] - Spring Data repositories initialized!
2020-05-30 08:08:59 [StartupInfoLogger.java:logStarted:61] - Started DataJpaApplication in 3.309 seconds (JVM running for 631.462)
2020-05-30 08:08:59 [ConditionEvaluationDeltaLoggingListener.java:onApplicationEvent:63] - Condition evaluation unchanged
2020-05-30 08:08:59 [DataJpaApplication.java:main:15] - Started running..
2020-05-30 08:26:38 [SpringApplicationAdminMXBeanRegistrar.java:shutdown:159] - Application shutdown requested.
2020-05-30 08:26:38 [ExecutorConfigurationSupport.java:shutdown:218] - Shutting down ExecutorService 'applicationTaskExecutor'
2020-05-30 08:26:38 [AbstractEntityManagerFactoryBean.java:destroy:598] - Closing JPA EntityManagerFactory for persistence unit 'default'
