2020-06-01 23:25:24 [StartupInfoLogger.java:logStarting:55] - Starting DataJpaApplication on SRI with PID 10884 (F:\downloads\data-jpa\target\classes started by hp in F:\downloads\data-jpa)
2020-06-01 23:25:24 [SpringApplication.java:logStartupProfileInfo:651] - No active profile set, falling back to default profiles: default
2020-06-01 23:25:24 [DeferredLog.java:logTo:225] - Devtools property defaults active! Set 'spring.devtools.add-properties' to 'false' to disable
2020-06-01 23:25:24 [DeferredLog.java:logTo:225] - For additional web related logging consider setting the 'logging.level.web' property to 'DEBUG'
2020-06-01 23:25:29 [RepositoryConfigurationDelegate.java:registerRepositoriesIn:127] - Bootstrapping Spring Data JPA repositories in DEFERRED mode.
2020-06-01 23:25:30 [RepositoryConfigurationDelegate.java:registerRepositoriesIn:187] - Finished Spring Data repository scanning in 189ms. Found 1 JPA repository interfaces.
2020-06-01 23:25:35 [TomcatWebServer.java:initialize:108] - Tomcat initialized with port(s): 9091 (http)
2020-06-01 23:25:35 [DirectJDKLog.java:log:173] - Initializing ProtocolHandler ["http-nio-9091"]
2020-06-01 23:25:35 [DirectJDKLog.java:log:173] - Starting service [Tomcat]
2020-06-01 23:25:35 [DirectJDKLog.java:log:173] - Starting Servlet engine: [Apache Tomcat/9.0.35]
2020-06-01 23:25:36 [DirectJDKLog.java:log:173] - Initializing Spring embedded WebApplicationContext
2020-06-01 23:25:36 [ServletWebServerApplicationContext.java:prepareWebApplicationContext:284] - Root WebApplicationContext: initialization completed in 11630 ms
2020-06-01 23:25:38 [DBConfig.java:dataSource:43] - Start of dataSource()
2020-06-01 23:25:38 [Encrypt_Deprypt_Util.java:decrypt:66] - Start of decrypt(...)
2020-06-01 23:25:39 [Encrypt_Deprypt_Util.java:decrypt:75] - Start of decrypt(...)
2020-06-01 23:25:39 [DBConfig.java:dataSource:58] - End of dataSource()
2020-06-01 23:25:40 [LogHelper.java:logPersistenceUnitInformation:31] - HHH000204: Processing PersistenceUnitInfo [name: default]
2020-06-01 23:25:42 [Version.java:logVersion:44] - HHH000412: Hibernate ORM core version 5.4.15.Final
2020-06-01 23:25:44 [JavaReflectionManager.java:<clinit>:49] - HCANN000001: Hibernate Commons Annotations {5.1.0.Final}
2020-06-01 23:25:53 [Dialect.java:<init>:172] - HHH000400: Using dialect: org.hibernate.dialect.MySQL5Dialect
2020-06-01 23:26:08 [JtaPlatformInitiator.java:initiateService:52] - HHH000490: Using JtaPlatform implementation: [org.hibernate.engine.transaction.jta.platform.internal.NoJtaPlatform]
2020-06-01 23:26:08 [AbstractEntityManagerFactoryBean.java:buildNativeEntityManagerFactory:416] - Initialized JPA EntityManagerFactory for persistence unit 'default'
2020-06-01 23:26:09 [OptionalLiveReloadServer.java:startServer:58] - LiveReload server is running on port 35729
2020-06-01 23:26:10 [JpaBaseConfiguration.java:openEntityManagerInViewInterceptor:220] - spring.jpa.open-in-view is enabled by default. Therefore, database queries may be performed during view rendering. Explicitly configure spring.jpa.open-in-view to disable this warning
2020-06-01 23:26:13 [ExecutorConfigurationSupport.java:initialize:181] - Initializing ExecutorService 'applicationTaskExecutor'
2020-06-01 23:26:14 [DirectJDKLog.java:log:173] - Starting ProtocolHandler ["http-nio-9091"]
2020-06-01 23:26:16 [TomcatWebServer.java:start:220] - Tomcat started on port(s): 9091 (http) with context path ''
2020-06-01 23:26:16 [DeferredRepositoryInitializationListener.java:onApplicationEvent:49] - Triggering deferred initialization of Spring Data repositories…
2020-06-01 23:26:19 [DeferredRepositoryInitializationListener.java:onApplicationEvent:53] - Spring Data repositories initialized!
2020-06-01 23:26:19 [StartupInfoLogger.java:logStarted:61] - Started DataJpaApplication in 56.397 seconds (JVM running for 60.82)
2020-06-01 23:26:19 [DataJpaApplication.java:main:15] - Started running..
2020-06-01 23:49:41 [SpringApplicationAdminMXBeanRegistrar.java:shutdown:159] - Application shutdown requested.
2020-06-01 23:49:42 [ExecutorConfigurationSupport.java:shutdown:218] - Shutting down ExecutorService 'applicationTaskExecutor'
2020-06-01 23:49:42 [AbstractEntityManagerFactoryBean.java:destroy:598] - Closing JPA EntityManagerFactory for persistence unit 'default'
