2020-06-09 06:54:58 [StartupInfoLogger.java:logStarting:55] - Starting EmployeeMicroserviceApplication on SRI with PID 7520 (F:\downloads\employee-microservice\target\classes started by hp in F:\downloads\employee-microservice)
2020-06-09 06:54:58 [SpringApplication.java:logStartupProfileInfo:651] - No active profile set, falling back to default profiles: default
2020-06-09 06:54:58 [DeferredLog.java:logTo:225] - Devtools property defaults active! Set 'spring.devtools.add-properties' to 'false' to disable
2020-06-09 06:54:58 [DeferredLog.java:logTo:225] - For additional web related logging consider setting the 'logging.level.web' property to 'DEBUG'
2020-06-09 06:55:01 [RepositoryConfigurationDelegate.java:registerRepositoriesIn:127] - Bootstrapping Spring Data JPA repositories in DEFERRED mode.
2020-06-09 06:55:01 [RepositoryConfigurationDelegate.java:registerRepositoriesIn:187] - Finished Spring Data repository scanning in 115ms. Found 1 JPA repository interfaces.
2020-06-09 06:55:02 [TomcatWebServer.java:initialize:108] - Tomcat initialized with port(s): 9091 (http)
2020-06-09 06:55:02 [DirectJDKLog.java:log:173] - Initializing ProtocolHandler ["http-nio-9091"]
2020-06-09 06:55:02 [DirectJDKLog.java:log:173] - Starting service [Tomcat]
2020-06-09 06:55:02 [DirectJDKLog.java:log:173] - Starting Servlet engine: [Apache Tomcat/9.0.35]
2020-06-09 06:55:02 [DirectJDKLog.java:log:173] - Initializing Spring embedded WebApplicationContext
2020-06-09 06:55:02 [ServletWebServerApplicationContext.java:prepareWebApplicationContext:284] - Root WebApplicationContext: initialization completed in 4739 ms
2020-06-09 06:55:03 [DBConfig.java:entityManagerFactoryBean:80] - Start of entityManagerFactoryBean()
2020-06-09 06:55:03 [DBConfig.java:dataSource:43] - Start of dataSource()
2020-06-09 06:55:03 [DBConfig.java:dataSource:53] - decrypted password for database = vCPs5STwqnWfoTYgQWdfYA==
2020-06-09 06:55:03 [Encrypt_Deprypt_Util.java:decrypt:66] - Start of decrypt(...)
2020-06-09 06:55:03 [Encrypt_Deprypt_Util.java:decrypt:75] - Start of decrypt(...)
2020-06-09 06:55:03 [DBConfig.java:dataSource:62] - End of dataSource()
2020-06-09 06:55:03 [DBConfig.java:entityManagerFactoryBean:91] - End of entityManagerFactoryBean()
2020-06-09 06:55:03 [LogHelper.java:logPersistenceUnitInformation:31] - HHH000204: Processing PersistenceUnitInfo [name: default]
2020-06-09 06:55:03 [Version.java:logVersion:44] - HHH000412: Hibernate ORM core version 5.4.15.Final
2020-06-09 06:55:04 [JavaReflectionManager.java:<clinit>:49] - HCANN000001: Hibernate Commons Annotations {5.1.0.Final}
2020-06-09 06:55:05 [Dialect.java:<init>:172] - HHH000400: Using dialect: org.hibernate.dialect.MySQL5Dialect
2020-06-09 06:55:07 [JtaPlatformInitiator.java:initiateService:52] - HHH000490: Using JtaPlatform implementation: [org.hibernate.engine.transaction.jta.platform.internal.NoJtaPlatform]
2020-06-09 06:55:07 [AbstractEntityManagerFactoryBean.java:buildNativeEntityManagerFactory:416] - Initialized JPA EntityManagerFactory for persistence unit 'default'
2020-06-09 06:55:07 [OptionalLiveReloadServer.java:startServer:58] - LiveReload server is running on port 35729
2020-06-09 06:55:07 [JpaBaseConfiguration.java:openEntityManagerInViewInterceptor:220] - spring.jpa.open-in-view is enabled by default. Therefore, database queries may be performed during view rendering. Explicitly configure spring.jpa.open-in-view to disable this warning
2020-06-09 06:55:08 [DBConfig.java:transactionManager:105] - Start of transactionManager(...)
2020-06-09 06:55:08 [DBConfig.java:transactionManager:110] - End of transactionManager(...)
2020-06-09 06:55:08 [PropertySourcedRequestMappingHandlerMapping.java:initHandlerMethods:69] - Mapped URL path [/v2/api-docs] onto method [springfox.documentation.swagger2.web.Swagger2Controller#getDocumentation(String, HttpServletRequest)]
2020-06-09 06:55:08 [ExecutorConfigurationSupport.java:initialize:181] - Initializing ExecutorService 'applicationTaskExecutor'
2020-06-09 06:55:08 [ExecutorConfigurationSupport.java:initialize:181] - Initializing ExecutorService 'taskScheduler'
2020-06-09 06:55:09 [DirectJDKLog.java:log:173] - Starting ProtocolHandler ["http-nio-9091"]
2020-06-09 06:55:09 [TomcatWebServer.java:start:220] - Tomcat started on port(s): 9091 (http) with context path ''
2020-06-09 06:55:09 [DocumentationPluginsBootstrapper.java:start:160] - Context refreshed
2020-06-09 06:55:09 [DocumentationPluginsBootstrapper.java:start:163] - Found 1 custom documentation plugin(s)
2020-06-09 06:55:09 [ApiListingReferenceScanner.java:scan:41] - Scanning for api listing references
2020-06-09 06:55:09 [DeferredRepositoryInitializationListener.java:onApplicationEvent:49] - Triggering deferred initialization of Spring Data repositories…
2020-06-09 06:55:09 [DeferredRepositoryInitializationListener.java:onApplicationEvent:53] - Spring Data repositories initialized!
2020-06-09 06:55:10 [StartupInfoLogger.java:logStarted:61] - Started EmployeeMicroserviceApplication in 12.603 seconds (JVM running for 14.009)
2020-06-09 06:55:10 [EmployeeMicroserviceApplication.java:main:17] - Started running..
2020-06-09 06:55:31 [SpringApplicationAdminMXBeanRegistrar.java:shutdown:159] - Application shutdown requested.
2020-06-09 06:55:32 [ExecutorConfigurationSupport.java:shutdown:218] - Shutting down ExecutorService 'taskScheduler'
2020-06-09 06:55:32 [ExecutorConfigurationSupport.java:shutdown:218] - Shutting down ExecutorService 'applicationTaskExecutor'
2020-06-09 06:55:32 [AbstractEntityManagerFactoryBean.java:destroy:598] - Closing JPA EntityManagerFactory for persistence unit 'default'
2020-06-09 07:14:22 [StartupInfoLogger.java:logStarting:55] - Starting EmployeeMicroserviceApplication on SRI with PID 9284 (F:\downloads\employee-microservice\target\classes started by hp in F:\downloads\employee-microservice)
2020-06-09 07:14:22 [SpringApplication.java:logStartupProfileInfo:651] - No active profile set, falling back to default profiles: default
2020-06-09 07:14:22 [DeferredLog.java:logTo:225] - Devtools property defaults active! Set 'spring.devtools.add-properties' to 'false' to disable
2020-06-09 07:14:22 [DeferredLog.java:logTo:225] - For additional web related logging consider setting the 'logging.level.web' property to 'DEBUG'
2020-06-09 07:14:25 [RepositoryConfigurationDelegate.java:registerRepositoriesIn:127] - Bootstrapping Spring Data JPA repositories in DEFERRED mode.
2020-06-09 07:14:25 [RepositoryConfigurationDelegate.java:registerRepositoriesIn:187] - Finished Spring Data repository scanning in 148ms. Found 1 JPA repository interfaces.
2020-06-09 07:14:28 [TomcatWebServer.java:initialize:108] - Tomcat initialized with port(s): 9091 (http)
2020-06-09 07:14:28 [DirectJDKLog.java:log:173] - Initializing ProtocolHandler ["http-nio-9091"]
2020-06-09 07:14:28 [DirectJDKLog.java:log:173] - Starting service [Tomcat]
2020-06-09 07:14:28 [DirectJDKLog.java:log:173] - Starting Servlet engine: [Apache Tomcat/9.0.35]
2020-06-09 07:14:28 [DirectJDKLog.java:log:173] - Initializing Spring embedded WebApplicationContext
2020-06-09 07:14:28 [ServletWebServerApplicationContext.java:prepareWebApplicationContext:284] - Root WebApplicationContext: initialization completed in 5935 ms
2020-06-09 07:14:29 [DBConfig.java:entityManagerFactoryBean:80] - Start of entityManagerFactoryBean()
2020-06-09 07:14:29 [DBConfig.java:dataSource:43] - Start of dataSource()
2020-06-09 07:14:29 [DBConfig.java:dataSource:53] - decrypted password for database = vCPs5STwqnWfoTYgQWdfYA==
2020-06-09 07:14:29 [Encrypt_Deprypt_Util.java:decrypt:66] - Start of decrypt(...)
2020-06-09 07:14:29 [Encrypt_Deprypt_Util.java:decrypt:75] - Start of decrypt(...)
2020-06-09 07:14:29 [DBConfig.java:dataSource:62] - End of dataSource()
2020-06-09 07:14:29 [DBConfig.java:entityManagerFactoryBean:91] - End of entityManagerFactoryBean()
2020-06-09 07:14:29 [LogHelper.java:logPersistenceUnitInformation:31] - HHH000204: Processing PersistenceUnitInfo [name: default]
2020-06-09 07:14:29 [Version.java:logVersion:44] - HHH000412: Hibernate ORM core version 5.4.15.Final
2020-06-09 07:14:30 [JavaReflectionManager.java:<clinit>:49] - HCANN000001: Hibernate Commons Annotations {5.1.0.Final}
2020-06-09 07:14:31 [Dialect.java:<init>:172] - HHH000400: Using dialect: org.hibernate.dialect.MySQL5Dialect
2020-06-09 07:14:33 [JtaPlatformInitiator.java:initiateService:52] - HHH000490: Using JtaPlatform implementation: [org.hibernate.engine.transaction.jta.platform.internal.NoJtaPlatform]
2020-06-09 07:14:33 [AbstractEntityManagerFactoryBean.java:buildNativeEntityManagerFactory:416] - Initialized JPA EntityManagerFactory for persistence unit 'default'
2020-06-09 07:14:33 [OptionalLiveReloadServer.java:startServer:58] - LiveReload server is running on port 35729
2020-06-09 07:14:34 [JpaBaseConfiguration.java:openEntityManagerInViewInterceptor:220] - spring.jpa.open-in-view is enabled by default. Therefore, database queries may be performed during view rendering. Explicitly configure spring.jpa.open-in-view to disable this warning
2020-06-09 07:14:36 [DBConfig.java:transactionManager:105] - Start of transactionManager(...)
2020-06-09 07:14:36 [DBConfig.java:transactionManager:110] - End of transactionManager(...)
2020-06-09 07:14:36 [PropertySourcedRequestMappingHandlerMapping.java:initHandlerMethods:69] - Mapped URL path [/v2/api-docs] onto method [springfox.documentation.swagger2.web.Swagger2Controller#getDocumentation(String, HttpServletRequest)]
2020-06-09 07:14:36 [ExecutorConfigurationSupport.java:initialize:181] - Initializing ExecutorService 'applicationTaskExecutor'
2020-06-09 07:14:36 [ExecutorConfigurationSupport.java:initialize:181] - Initializing ExecutorService 'taskScheduler'
2020-06-09 07:14:36 [DirectJDKLog.java:log:173] - Starting ProtocolHandler ["http-nio-9091"]
2020-06-09 07:14:37 [TomcatWebServer.java:start:220] - Tomcat started on port(s): 9091 (http) with context path ''
2020-06-09 07:14:37 [DocumentationPluginsBootstrapper.java:start:160] - Context refreshed
2020-06-09 07:14:37 [DocumentationPluginsBootstrapper.java:start:163] - Found 1 custom documentation plugin(s)
2020-06-09 07:14:37 [ApiListingReferenceScanner.java:scan:41] - Scanning for api listing references
2020-06-09 07:14:37 [DeferredRepositoryInitializationListener.java:onApplicationEvent:49] - Triggering deferred initialization of Spring Data repositories…
2020-06-09 07:14:38 [DeferredRepositoryInitializationListener.java:onApplicationEvent:53] - Spring Data repositories initialized!
2020-06-09 07:14:38 [StartupInfoLogger.java:logStarted:61] - Started EmployeeMicroserviceApplication in 16.689 seconds (JVM running for 18.416)
2020-06-09 07:14:38 [EmployeeMicroserviceApplication.java:main:19] - Started running..
2020-06-09 07:14:50 [SpringApplicationAdminMXBeanRegistrar.java:shutdown:159] - Application shutdown requested.
2020-06-09 07:14:50 [ExecutorConfigurationSupport.java:shutdown:218] - Shutting down ExecutorService 'taskScheduler'
2020-06-09 07:14:50 [ExecutorConfigurationSupport.java:shutdown:218] - Shutting down ExecutorService 'applicationTaskExecutor'
2020-06-09 07:14:50 [AbstractEntityManagerFactoryBean.java:destroy:598] - Closing JPA EntityManagerFactory for persistence unit 'default'
2020-06-09 07:15:50 [StartupInfoLogger.java:logStarting:55] - Starting EmployeeMicroserviceApplication on SRI with PID 7828 (F:\downloads\employee-microservice\target\classes started by hp in F:\downloads\employee-microservice)
2020-06-09 07:15:50 [SpringApplication.java:logStartupProfileInfo:651] - No active profile set, falling back to default profiles: default
2020-06-09 07:15:50 [DeferredLog.java:logTo:225] - Devtools property defaults active! Set 'spring.devtools.add-properties' to 'false' to disable
2020-06-09 07:15:50 [DeferredLog.java:logTo:225] - For additional web related logging consider setting the 'logging.level.web' property to 'DEBUG'
2020-06-09 07:15:52 [RepositoryConfigurationDelegate.java:registerRepositoriesIn:127] - Bootstrapping Spring Data JPA repositories in DEFERRED mode.
2020-06-09 07:15:52 [RepositoryConfigurationDelegate.java:registerRepositoriesIn:187] - Finished Spring Data repository scanning in 74ms. Found 1 JPA repository interfaces.
2020-06-09 07:15:53 [TomcatWebServer.java:initialize:108] - Tomcat initialized with port(s): 9091 (http)
2020-06-09 07:15:53 [DirectJDKLog.java:log:173] - Initializing ProtocolHandler ["http-nio-9091"]
2020-06-09 07:15:53 [DirectJDKLog.java:log:173] - Starting service [Tomcat]
2020-06-09 07:15:53 [DirectJDKLog.java:log:173] - Starting Servlet engine: [Apache Tomcat/9.0.35]
2020-06-09 07:15:53 [DirectJDKLog.java:log:173] - Initializing Spring embedded WebApplicationContext
2020-06-09 07:15:53 [ServletWebServerApplicationContext.java:prepareWebApplicationContext:284] - Root WebApplicationContext: initialization completed in 2835 ms
2020-06-09 07:15:53 [DBConfig.java:entityManagerFactoryBean:80] - Start of entityManagerFactoryBean()
2020-06-09 07:15:53 [DBConfig.java:dataSource:43] - Start of dataSource()
2020-06-09 07:15:53 [DBConfig.java:dataSource:53] - decrypted password for database = vCPs5STwqnWfoTYgQWdfYA==
2020-06-09 07:15:53 [Encrypt_Deprypt_Util.java:decrypt:66] - Start of decrypt(...)
2020-06-09 07:15:54 [Encrypt_Deprypt_Util.java:decrypt:75] - Start of decrypt(...)
2020-06-09 07:15:54 [DBConfig.java:dataSource:62] - End of dataSource()
2020-06-09 07:15:54 [DBConfig.java:entityManagerFactoryBean:91] - End of entityManagerFactoryBean()
2020-06-09 07:15:54 [LogHelper.java:logPersistenceUnitInformation:31] - HHH000204: Processing PersistenceUnitInfo [name: default]
2020-06-09 07:15:54 [Version.java:logVersion:44] - HHH000412: Hibernate ORM core version 5.4.15.Final
2020-06-09 07:15:54 [JavaReflectionManager.java:<clinit>:49] - HCANN000001: Hibernate Commons Annotations {5.1.0.Final}
2020-06-09 07:15:54 [Dialect.java:<init>:172] - HHH000400: Using dialect: org.hibernate.dialect.MySQL5Dialect
2020-06-09 07:15:56 [JtaPlatformInitiator.java:initiateService:52] - HHH000490: Using JtaPlatform implementation: [org.hibernate.engine.transaction.jta.platform.internal.NoJtaPlatform]
2020-06-09 07:15:56 [AbstractEntityManagerFactoryBean.java:buildNativeEntityManagerFactory:416] - Initialized JPA EntityManagerFactory for persistence unit 'default'
2020-06-09 07:15:56 [OptionalLiveReloadServer.java:startServer:58] - LiveReload server is running on port 35729
2020-06-09 07:15:56 [JpaBaseConfiguration.java:openEntityManagerInViewInterceptor:220] - spring.jpa.open-in-view is enabled by default. Therefore, database queries may be performed during view rendering. Explicitly configure spring.jpa.open-in-view to disable this warning
2020-06-09 07:15:57 [DBConfig.java:transactionManager:105] - Start of transactionManager(...)
2020-06-09 07:15:57 [DBConfig.java:transactionManager:110] - End of transactionManager(...)
2020-06-09 07:15:57 [PropertySourcedRequestMappingHandlerMapping.java:initHandlerMethods:69] - Mapped URL path [/v2/api-docs] onto method [springfox.documentation.swagger2.web.Swagger2Controller#getDocumentation(String, HttpServletRequest)]
2020-06-09 07:15:57 [ExecutorConfigurationSupport.java:initialize:181] - Initializing ExecutorService 'applicationTaskExecutor'
2020-06-09 07:15:57 [ExecutorConfigurationSupport.java:initialize:181] - Initializing ExecutorService 'taskScheduler'
2020-06-09 07:15:57 [DirectJDKLog.java:log:173] - Starting ProtocolHandler ["http-nio-9091"]
2020-06-09 07:15:57 [TomcatWebServer.java:start:220] - Tomcat started on port(s): 9091 (http) with context path ''
2020-06-09 07:15:57 [DocumentationPluginsBootstrapper.java:start:160] - Context refreshed
2020-06-09 07:15:57 [DocumentationPluginsBootstrapper.java:start:163] - Found 1 custom documentation plugin(s)
2020-06-09 07:15:57 [ApiListingReferenceScanner.java:scan:41] - Scanning for api listing references
2020-06-09 07:15:58 [DeferredRepositoryInitializationListener.java:onApplicationEvent:49] - Triggering deferred initialization of Spring Data repositories…
2020-06-09 07:15:58 [DeferredRepositoryInitializationListener.java:onApplicationEvent:53] - Spring Data repositories initialized!
2020-06-09 07:15:58 [StartupInfoLogger.java:logStarted:61] - Started EmployeeMicroserviceApplication in 8.087 seconds (JVM running for 9.665)
2020-06-09 07:15:58 [EmployeeMicroserviceApplication.java:main:19] - Started running..
2020-06-09 07:16:24 [SpringApplicationAdminMXBeanRegistrar.java:shutdown:159] - Application shutdown requested.
2020-06-09 07:16:24 [ExecutorConfigurationSupport.java:shutdown:218] - Shutting down ExecutorService 'taskScheduler'
2020-06-09 07:16:24 [ExecutorConfigurationSupport.java:shutdown:218] - Shutting down ExecutorService 'applicationTaskExecutor'
2020-06-09 07:16:24 [AbstractEntityManagerFactoryBean.java:destroy:598] - Closing JPA EntityManagerFactory for persistence unit 'default'
2020-06-09 08:30:49 [StartupInfoLogger.java:logStarting:55] - Starting EmployeeMicroserviceApplication on SRI with PID 1376 (F:\downloads\employee-microservice\target\classes started by hp in F:\downloads\employee-microservice)
2020-06-09 08:30:49 [SpringApplication.java:logStartupProfileInfo:651] - No active profile set, falling back to default profiles: default
2020-06-09 08:30:50 [DeferredLog.java:logTo:225] - Devtools property defaults active! Set 'spring.devtools.add-properties' to 'false' to disable
2020-06-09 08:30:50 [DeferredLog.java:logTo:225] - For additional web related logging consider setting the 'logging.level.web' property to 'DEBUG'
2020-06-09 08:30:52 [RepositoryConfigurationDelegate.java:registerRepositoriesIn:127] - Bootstrapping Spring Data JPA repositories in DEFERRED mode.
2020-06-09 08:30:52 [RepositoryConfigurationDelegate.java:registerRepositoriesIn:187] - Finished Spring Data repository scanning in 123ms. Found 1 JPA repository interfaces.
2020-06-09 08:30:53 [TomcatWebServer.java:initialize:108] - Tomcat initialized with port(s): 9091 (http)
2020-06-09 08:30:53 [DirectJDKLog.java:log:173] - Initializing ProtocolHandler ["http-nio-9091"]
2020-06-09 08:30:53 [DirectJDKLog.java:log:173] - Starting service [Tomcat]
2020-06-09 08:30:53 [DirectJDKLog.java:log:173] - Starting Servlet engine: [Apache Tomcat/9.0.35]
2020-06-09 08:30:54 [DirectJDKLog.java:log:173] - Initializing Spring embedded WebApplicationContext
2020-06-09 08:30:54 [ServletWebServerApplicationContext.java:prepareWebApplicationContext:284] - Root WebApplicationContext: initialization completed in 3991 ms
2020-06-09 08:30:54 [DBConfig.java:entityManagerFactoryBean:80] - Start of entityManagerFactoryBean()
2020-06-09 08:30:54 [DBConfig.java:dataSource:43] - Start of dataSource()
2020-06-09 08:30:54 [DBConfig.java:dataSource:53] - decrypted password for database = vCPs5STwqnWfoTYgQWdfYA==
2020-06-09 08:30:54 [Encrypt_Deprypt_Util.java:decrypt:66] - Start of decrypt(...)
2020-06-09 08:30:54 [Encrypt_Deprypt_Util.java:decrypt:75] - Start of decrypt(...)
2020-06-09 08:30:54 [DBConfig.java:dataSource:62] - End of dataSource()
2020-06-09 08:30:54 [DBConfig.java:entityManagerFactoryBean:91] - End of entityManagerFactoryBean()
2020-06-09 08:30:54 [LogHelper.java:logPersistenceUnitInformation:31] - HHH000204: Processing PersistenceUnitInfo [name: default]
2020-06-09 08:30:54 [Version.java:logVersion:44] - HHH000412: Hibernate ORM core version 5.4.15.Final
2020-06-09 08:30:55 [JavaReflectionManager.java:<clinit>:49] - HCANN000001: Hibernate Commons Annotations {5.1.0.Final}
2020-06-09 08:30:56 [Dialect.java:<init>:172] - HHH000400: Using dialect: org.hibernate.dialect.MySQL5Dialect
2020-06-09 08:30:58 [JtaPlatformInitiator.java:initiateService:52] - HHH000490: Using JtaPlatform implementation: [org.hibernate.engine.transaction.jta.platform.internal.NoJtaPlatform]
2020-06-09 08:30:58 [AbstractEntityManagerFactoryBean.java:buildNativeEntityManagerFactory:416] - Initialized JPA EntityManagerFactory for persistence unit 'default'
2020-06-09 08:30:58 [OptionalLiveReloadServer.java:startServer:58] - LiveReload server is running on port 35729
2020-06-09 08:30:59 [JpaBaseConfiguration.java:openEntityManagerInViewInterceptor:220] - spring.jpa.open-in-view is enabled by default. Therefore, database queries may be performed during view rendering. Explicitly configure spring.jpa.open-in-view to disable this warning
2020-06-09 08:30:59 [DBConfig.java:transactionManager:105] - Start of transactionManager(...)
2020-06-09 08:30:59 [DBConfig.java:transactionManager:110] - End of transactionManager(...)
2020-06-09 08:30:59 [PropertySourcedRequestMappingHandlerMapping.java:initHandlerMethods:69] - Mapped URL path [/v2/api-docs] onto method [springfox.documentation.swagger2.web.Swagger2Controller#getDocumentation(String, HttpServletRequest)]
2020-06-09 08:31:00 [ExecutorConfigurationSupport.java:initialize:181] - Initializing ExecutorService 'applicationTaskExecutor'
2020-06-09 08:31:00 [ExecutorConfigurationSupport.java:initialize:181] - Initializing ExecutorService 'taskScheduler'
2020-06-09 08:31:00 [DirectJDKLog.java:log:173] - Starting ProtocolHandler ["http-nio-9091"]
2020-06-09 08:31:00 [TomcatWebServer.java:start:220] - Tomcat started on port(s): 9091 (http) with context path ''
2020-06-09 08:31:00 [DocumentationPluginsBootstrapper.java:start:160] - Context refreshed
2020-06-09 08:31:00 [DocumentationPluginsBootstrapper.java:start:163] - Found 1 custom documentation plugin(s)
2020-06-09 08:31:00 [ApiListingReferenceScanner.java:scan:41] - Scanning for api listing references
2020-06-09 08:31:01 [DeferredRepositoryInitializationListener.java:onApplicationEvent:49] - Triggering deferred initialization of Spring Data repositories…
2020-06-09 08:31:02 [DeferredRepositoryInitializationListener.java:onApplicationEvent:53] - Spring Data repositories initialized!
2020-06-09 08:31:02 [StartupInfoLogger.java:logStarted:61] - Started EmployeeMicroserviceApplication in 12.998 seconds (JVM running for 14.41)
2020-06-09 08:31:02 [EmployeeMicroserviceApplication.java:main:19] - Started running..
2020-06-09 08:31:15 [ExecutorConfigurationSupport.java:shutdown:218] - Shutting down ExecutorService 'taskScheduler'
2020-06-09 08:31:15 [ExecutorConfigurationSupport.java:shutdown:218] - Shutting down ExecutorService 'applicationTaskExecutor'
2020-06-09 08:31:15 [AbstractEntityManagerFactoryBean.java:destroy:598] - Closing JPA EntityManagerFactory for persistence unit 'default'
2020-06-09 08:31:15 [StartupInfoLogger.java:logStarting:55] - Starting EmployeeMicroserviceApplication on SRI with PID 1376 (F:\downloads\employee-microservice\target\classes started by hp in F:\downloads\employee-microservice)
2020-06-09 08:31:15 [SpringApplication.java:logStartupProfileInfo:651] - No active profile set, falling back to default profiles: default
2020-06-09 08:31:16 [RepositoryConfigurationDelegate.java:registerRepositoriesIn:127] - Bootstrapping Spring Data JPA repositories in DEFERRED mode.
2020-06-09 08:31:16 [RepositoryConfigurationDelegate.java:registerRepositoriesIn:187] - Finished Spring Data repository scanning in 10ms. Found 1 JPA repository interfaces.
2020-06-09 08:31:16 [TomcatWebServer.java:initialize:108] - Tomcat initialized with port(s): 9091 (http)
2020-06-09 08:31:16 [DirectJDKLog.java:log:173] - Initializing ProtocolHandler ["http-nio-9091"]
2020-06-09 08:31:16 [DirectJDKLog.java:log:173] - Starting service [Tomcat]
2020-06-09 08:31:16 [DirectJDKLog.java:log:173] - Starting Servlet engine: [Apache Tomcat/9.0.35]
2020-06-09 08:31:16 [DirectJDKLog.java:log:173] - Initializing Spring embedded WebApplicationContext
2020-06-09 08:31:16 [ServletWebServerApplicationContext.java:prepareWebApplicationContext:284] - Root WebApplicationContext: initialization completed in 715 ms
2020-06-09 08:31:16 [DBConfig.java:entityManagerFactoryBean:80] - Start of entityManagerFactoryBean()
2020-06-09 08:31:16 [DBConfig.java:dataSource:43] - Start of dataSource()
2020-06-09 08:31:16 [DBConfig.java:dataSource:53] - decrypted password for database = vCPs5STwqnWfoTYgQWdfYA==
2020-06-09 08:31:16 [Encrypt_Deprypt_Util.java:decrypt:66] - Start of decrypt(...)
2020-06-09 08:31:16 [Encrypt_Deprypt_Util.java:decrypt:75] - Start of decrypt(...)
2020-06-09 08:31:16 [DBConfig.java:dataSource:62] - End of dataSource()
2020-06-09 08:31:16 [DBConfig.java:entityManagerFactoryBean:91] - End of entityManagerFactoryBean()
2020-06-09 08:31:16 [LogHelper.java:logPersistenceUnitInformation:31] - HHH000204: Processing PersistenceUnitInfo [name: default]
2020-06-09 08:31:16 [Dialect.java:<init>:172] - HHH000400: Using dialect: org.hibernate.dialect.MySQL5Dialect
2020-06-09 08:31:16 [JtaPlatformInitiator.java:initiateService:52] - HHH000490: Using JtaPlatform implementation: [org.hibernate.engine.transaction.jta.platform.internal.NoJtaPlatform]
2020-06-09 08:31:16 [AbstractEntityManagerFactoryBean.java:buildNativeEntityManagerFactory:416] - Initialized JPA EntityManagerFactory for persistence unit 'default'
2020-06-09 08:31:16 [OptionalLiveReloadServer.java:startServer:58] - LiveReload server is running on port 35729
2020-06-09 08:31:16 [JpaBaseConfiguration.java:openEntityManagerInViewInterceptor:220] - spring.jpa.open-in-view is enabled by default. Therefore, database queries may be performed during view rendering. Explicitly configure spring.jpa.open-in-view to disable this warning
2020-06-09 08:31:17 [DBConfig.java:transactionManager:105] - Start of transactionManager(...)
2020-06-09 08:31:17 [DBConfig.java:transactionManager:110] - End of transactionManager(...)
2020-06-09 08:31:17 [PropertySourcedRequestMappingHandlerMapping.java:initHandlerMethods:69] - Mapped URL path [/v2/api-docs] onto method [springfox.documentation.swagger2.web.Swagger2Controller#getDocumentation(String, HttpServletRequest)]
2020-06-09 08:31:17 [ExecutorConfigurationSupport.java:initialize:181] - Initializing ExecutorService 'applicationTaskExecutor'
2020-06-09 08:31:17 [ExecutorConfigurationSupport.java:initialize:181] - Initializing ExecutorService 'taskScheduler'
2020-06-09 08:31:17 [DirectJDKLog.java:log:173] - Starting ProtocolHandler ["http-nio-9091"]
2020-06-09 08:31:17 [TomcatWebServer.java:start:220] - Tomcat started on port(s): 9091 (http) with context path ''
2020-06-09 08:31:17 [DocumentationPluginsBootstrapper.java:start:160] - Context refreshed
2020-06-09 08:31:17 [DocumentationPluginsBootstrapper.java:start:163] - Found 1 custom documentation plugin(s)
2020-06-09 08:31:17 [ApiListingReferenceScanner.java:scan:41] - Scanning for api listing references
2020-06-09 08:31:17 [DeferredRepositoryInitializationListener.java:onApplicationEvent:49] - Triggering deferred initialization of Spring Data repositories…
2020-06-09 08:31:17 [DeferredRepositoryInitializationListener.java:onApplicationEvent:53] - Spring Data repositories initialized!
2020-06-09 08:31:17 [StartupInfoLogger.java:logStarted:61] - Started EmployeeMicroserviceApplication in 1.51 seconds (JVM running for 29.377)
2020-06-09 08:31:17 [ConditionEvaluationDeltaLoggingListener.java:onApplicationEvent:63] - Condition evaluation unchanged
2020-06-09 08:31:17 [EmployeeMicroserviceApplication.java:main:19] - Started running..
2020-06-09 08:31:29 [SpringApplicationAdminMXBeanRegistrar.java:shutdown:159] - Application shutdown requested.
2020-06-09 08:31:30 [ExecutorConfigurationSupport.java:shutdown:218] - Shutting down ExecutorService 'taskScheduler'
2020-06-09 08:31:30 [ExecutorConfigurationSupport.java:shutdown:218] - Shutting down ExecutorService 'applicationTaskExecutor'
2020-06-09 08:31:30 [AbstractEntityManagerFactoryBean.java:destroy:598] - Closing JPA EntityManagerFactory for persistence unit 'default'
2020-06-09 22:08:26 [AbstractTestContextBootstrapper.java:buildDefaultMergedContextConfiguration:308] - Neither @ContextConfiguration nor @ContextHierarchy found for test class [com.sts.datajpa.DataJpaApplicationTests], using SpringBootContextLoader
2020-06-09 22:08:26 [AbstractContextLoader.java:generateDefaultLocations:264] - Could not detect default resource locations for test class [com.sts.datajpa.DataJpaApplicationTests]: no resource found for suffixes {-context.xml, Context.groovy}.
2020-06-09 22:08:26 [AnnotationConfigContextLoaderUtils.java:detectDefaultConfigurationClasses:83] - Could not detect default configuration classes for test class [com.sts.datajpa.DataJpaApplicationTests]: DataJpaApplicationTests does not declare any static, non-private, non-final, nested classes annotated with @Configuration.
2020-06-09 22:08:26 [AbstractTestContextBootstrapper.java:buildDefaultMergedContextConfiguration:308] - Neither @ContextConfiguration nor @ContextHierarchy found for test class [com.sts.datajpa.DataJpaApplicationTests], using SpringBootContextLoader
2020-06-09 22:08:26 [AbstractContextLoader.java:generateDefaultLocations:264] - Could not detect default resource locations for test class [com.sts.datajpa.DataJpaApplicationTests]: no resource found for suffixes {-context.xml, Context.groovy}.
2020-06-09 22:08:26 [AnnotationConfigContextLoaderUtils.java:detectDefaultConfigurationClasses:83] - Could not detect default configuration classes for test class [com.sts.datajpa.DataJpaApplicationTests]: DataJpaApplicationTests does not declare any static, non-private, non-final, nested classes annotated with @Configuration.
2020-06-09 22:08:26 [AbstractTestContextBootstrapper.java:buildDefaultMergedContextConfiguration:308] - Neither @ContextConfiguration nor @ContextHierarchy found for test class [com.sts.datajpa.DataJpaApplicationTests], using SpringBootContextLoader
2020-06-09 22:08:26 [AbstractContextLoader.java:generateDefaultLocations:264] - Could not detect default resource locations for test class [com.sts.datajpa.DataJpaApplicationTests]: no resource found for suffixes {-context.xml, Context.groovy}.
2020-06-09 22:08:26 [AnnotationConfigContextLoaderUtils.java:detectDefaultConfigurationClasses:83] - Could not detect default configuration classes for test class [com.sts.datajpa.DataJpaApplicationTests]: DataJpaApplicationTests does not declare any static, non-private, non-final, nested classes annotated with @Configuration.
2020-06-09 22:09:14 [AbstractContextLoader.java:generateDefaultLocations:264] - Could not detect default resource locations for test class [com.sts.datajpa.DataJpaApplicationTests]: no resource found for suffixes {-context.xml, Context.groovy}.
2020-06-09 22:09:14 [AbstractTestContextBootstrapper.java:getDefaultTestExecutionListenerClassNames:248] - Loaded default TestExecutionListener class names from location [META-INF/spring.factories]: [org.springframework.boot.test.mock.mockito.MockitoTestExecutionListener, org.springframework.boot.test.mock.mockito.ResetMocksTestExecutionListener, org.springframework.boot.test.autoconfigure.restdocs.RestDocsTestExecutionListener, org.springframework.boot.test.autoconfigure.web.client.MockRestServiceServerResetTestExecutionListener, org.springframework.boot.test.autoconfigure.web.servlet.MockMvcPrintOnlyOnFailureTestExecutionListener, org.springframework.boot.test.autoconfigure.web.servlet.WebDriverTestExecutionListener, org.springframework.boot.test.autoconfigure.webservices.client.MockWebServiceServerTestExecutionListener, org.springframework.test.context.web.ServletTestExecutionListener, org.springframework.test.context.support.DirtiesContextBeforeModesTestExecutionListener, org.springframework.test.context.support.DependencyInjectionTestExecutionListener, org.springframework.test.context.support.DirtiesContextTestExecutionListener, org.springframework.test.context.transaction.TransactionalTestExecutionListener, org.springframework.test.context.jdbc.SqlScriptsTestExecutionListener, org.springframework.test.context.event.EventPublishingTestExecutionListener]
2020-06-09 22:09:14 [AbstractTestContextBootstrapper.java:getTestExecutionListeners:177] - Using TestExecutionListeners: [org.springframework.test.context.web.ServletTestExecutionListener@2c8a445b, org.springframework.test.context.support.DirtiesContextBeforeModesTestExecutionListener@356b6b5d, org.springframework.boot.test.mock.mockito.MockitoTestExecutionListener@37b1149b, org.springframework.boot.test.autoconfigure.SpringBootDependencyInjectionTestExecutionListener@1187dc82, org.springframework.test.context.support.DirtiesContextTestExecutionListener@6fd1ea75, org.springframework.test.context.transaction.TransactionalTestExecutionListener@18e4551, org.springframework.test.context.jdbc.SqlScriptsTestExecutionListener@3ea48c37, org.springframework.test.context.event.EventPublishingTestExecutionListener@11e834ad, org.springframework.boot.test.mock.mockito.ResetMocksTestExecutionListener@710ae6a7, org.springframework.boot.test.autoconfigure.restdocs.RestDocsTestExecutionListener@25d911a, org.springframework.boot.test.autoconfigure.web.client.MockRestServiceServerResetTestExecutionListener@18026052, org.springframework.boot.test.autoconfigure.web.servlet.MockMvcPrintOnlyOnFailureTestExecutionListener@489f62a3, org.springframework.boot.test.autoconfigure.web.servlet.WebDriverTestExecutionListener@6e068ac9, org.springframework.boot.test.autoconfigure.webservices.client.MockWebServiceServerTestExecutionListener@3d0352]
2020-06-09 22:09:15 [StartupInfoLogger.java:logStarting:55] - Starting DataJpaApplicationTests on SRI with PID 10888 (started by hp in F:\downloads\employee-microservice)
2020-06-09 22:09:15 [SpringApplication.java:logStartupProfileInfo:651] - No active profile set, falling back to default profiles: default
2020-06-09 22:09:20 [RepositoryConfigurationDelegate.java:registerRepositoriesIn:127] - Bootstrapping Spring Data JPA repositories in DEFERRED mode.
2020-06-09 22:09:20 [RepositoryConfigurationDelegate.java:registerRepositoriesIn:187] - Finished Spring Data repository scanning in 179ms. Found 1 JPA repository interfaces.
2020-06-09 22:09:22 [DBConfig.java:entityManagerFactoryBean:80] - Start of entityManagerFactoryBean()
2020-06-09 22:09:22 [DBConfig.java:dataSource:43] - Start of dataSource()
2020-06-09 22:09:22 [DBConfig.java:dataSource:53] - decrypted password for database = vCPs5STwqnWfoTYgQWdfYA==
2020-06-09 22:09:22 [Encrypt_Deprypt_Util.java:decrypt:66] - Start of decrypt(...)
2020-06-09 22:09:23 [Encrypt_Deprypt_Util.java:decrypt:75] - Start of decrypt(...)
2020-06-09 22:09:23 [DBConfig.java:dataSource:62] - End of dataSource()
2020-06-09 22:09:23 [DBConfig.java:entityManagerFactoryBean:91] - End of entityManagerFactoryBean()
2020-06-09 22:09:23 [LogHelper.java:logPersistenceUnitInformation:31] - HHH000204: Processing PersistenceUnitInfo [name: default]
2020-06-09 22:09:23 [Version.java:logVersion:44] - HHH000412: Hibernate ORM core version 5.4.15.Final
2020-06-09 22:09:24 [JavaReflectionManager.java:<clinit>:49] - HCANN000001: Hibernate Commons Annotations {5.1.0.Final}
2020-06-09 22:09:26 [Dialect.java:<init>:172] - HHH000400: Using dialect: org.hibernate.dialect.MySQL5Dialect
2020-06-09 22:09:28 [JtaPlatformInitiator.java:initiateService:52] - HHH000490: Using JtaPlatform implementation: [org.hibernate.engine.transaction.jta.platform.internal.NoJtaPlatform]
2020-06-09 22:09:28 [AbstractEntityManagerFactoryBean.java:buildNativeEntityManagerFactory:416] - Initialized JPA EntityManagerFactory for persistence unit 'default'
2020-06-09 22:09:30 [JpaBaseConfiguration.java:openEntityManagerInViewInterceptor:220] - spring.jpa.open-in-view is enabled by default. Therefore, database queries may be performed during view rendering. Explicitly configure spring.jpa.open-in-view to disable this warning
2020-06-09 22:09:32 [DBConfig.java:transactionManager:105] - Start of transactionManager(...)
2020-06-09 22:09:32 [DBConfig.java:transactionManager:110] - End of transactionManager(...)
2020-06-09 22:09:32 [PropertySourcedRequestMappingHandlerMapping.java:initHandlerMethods:69] - Mapped URL path [/v2/api-docs] onto method [springfox.documentation.swagger2.web.Swagger2Controller#getDocumentation(String, HttpServletRequest)]
2020-06-09 22:09:33 [ExecutorConfigurationSupport.java:initialize:181] - Initializing ExecutorService 'applicationTaskExecutor'
2020-06-09 22:09:34 [ExecutorConfigurationSupport.java:initialize:181] - Initializing ExecutorService 'taskScheduler'
2020-06-09 22:09:34 [DocumentationPluginsBootstrapper.java:start:160] - Context refreshed
2020-06-09 22:09:34 [DocumentationPluginsBootstrapper.java:start:163] - Found 1 custom documentation plugin(s)
2020-06-09 22:09:34 [ApiListingReferenceScanner.java:scan:41] - Scanning for api listing references
2020-06-09 22:09:35 [DeferredRepositoryInitializationListener.java:onApplicationEvent:49] - Triggering deferred initialization of Spring Data repositories…
2020-06-09 22:09:35 [DeferredRepositoryInitializationListener.java:onApplicationEvent:53] - Spring Data repositories initialized!
2020-06-09 22:09:35 [MailScheduler.java:mailSender:26] - Start of mailSender()
2020-06-09 22:09:35 [StartupInfoLogger.java:logStarted:61] - Started DataJpaApplicationTests in 21.068 seconds (JVM running for 24.899)
2020-06-09 22:09:37 [ExecutorConfigurationSupport.java:shutdown:218] - Shutting down ExecutorService 'taskScheduler'
2020-06-09 22:09:37 [ExecutorConfigurationSupport.java:shutdown:218] - Shutting down ExecutorService 'applicationTaskExecutor'
2020-06-09 22:09:37 [AbstractEntityManagerFactoryBean.java:destroy:598] - Closing JPA EntityManagerFactory for persistence unit 'default'
