2020-06-12 23:04:42 [AbstractTestContextBootstrapper.java:buildDefaultMergedContextConfiguration:308] - Neither @ContextConfiguration nor @ContextHierarchy found for test class [com.sts.employeems.DataJpaApplicationTests], using SpringBootContextLoader
2020-06-12 23:04:42 [AbstractContextLoader.java:generateDefaultLocations:264] - Could not detect default resource locations for test class [com.sts.employeems.DataJpaApplicationTests]: no resource found for suffixes {-context.xml, Context.groovy}.
2020-06-12 23:04:42 [AnnotationConfigContextLoaderUtils.java:detectDefaultConfigurationClasses:83] - Could not detect default configuration classes for test class [com.sts.employeems.DataJpaApplicationTests]: DataJpaApplicationTests does not declare any static, non-private, non-final, nested classes annotated with @Configuration.
2020-06-12 23:04:43 [SpringBootTestContextBootstrapper.java:getOrFindConfigurationClasses:237] - Found @SpringBootConfiguration com.sts.employeems.EmployeeMicroserviceApplication for test class com.sts.employeems.DataJpaApplicationTests
2020-06-12 23:04:43 [AbstractTestContextBootstrapper.java:getDefaultTestExecutionListenerClassNames:248] - Loaded default TestExecutionListener class names from location [META-INF/spring.factories]: [org.springframework.boot.test.mock.mockito.MockitoTestExecutionListener, org.springframework.boot.test.mock.mockito.ResetMocksTestExecutionListener, org.springframework.boot.test.autoconfigure.restdocs.RestDocsTestExecutionListener, org.springframework.boot.test.autoconfigure.web.client.MockRestServiceServerResetTestExecutionListener, org.springframework.boot.test.autoconfigure.web.servlet.MockMvcPrintOnlyOnFailureTestExecutionListener, org.springframework.boot.test.autoconfigure.web.servlet.WebDriverTestExecutionListener, org.springframework.boot.test.autoconfigure.webservices.client.MockWebServiceServerTestExecutionListener, org.springframework.test.context.web.ServletTestExecutionListener, org.springframework.test.context.support.DirtiesContextBeforeModesTestExecutionListener, org.springframework.test.context.support.DependencyInjectionTestExecutionListener, org.springframework.test.context.support.DirtiesContextTestExecutionListener, org.springframework.test.context.transaction.TransactionalTestExecutionListener, org.springframework.test.context.jdbc.SqlScriptsTestExecutionListener, org.springframework.test.context.event.EventPublishingTestExecutionListener]
2020-06-12 23:04:43 [AbstractTestContextBootstrapper.java:getTestExecutionListeners:177] - Using TestExecutionListeners: [org.springframework.test.context.web.ServletTestExecutionListener@26d8908e, org.springframework.test.context.support.DirtiesContextBeforeModesTestExecutionListener@30e2016a, org.springframework.boot.test.mock.mockito.MockitoTestExecutionListener@75f32817, org.springframework.boot.test.autoconfigure.SpringBootDependencyInjectionTestExecutionListener@23a78c77, org.springframework.test.context.support.DirtiesContextTestExecutionListener@4119346d, org.springframework.test.context.transaction.TransactionalTestExecutionListener@61d09475, org.springframework.test.context.jdbc.SqlScriptsTestExecutionListener@d0fabc8, org.springframework.test.context.event.EventPublishingTestExecutionListener@12d44a2a, org.springframework.boot.test.mock.mockito.ResetMocksTestExecutionListener@1a66be41, org.springframework.boot.test.autoconfigure.restdocs.RestDocsTestExecutionListener@7f70e244, org.springframework.boot.test.autoconfigure.web.client.MockRestServiceServerResetTestExecutionListener@fd14789, org.springframework.boot.test.autoconfigure.web.servlet.MockMvcPrintOnlyOnFailureTestExecutionListener@3f64d943, org.springframework.boot.test.autoconfigure.web.servlet.WebDriverTestExecutionListener@105ffc58, org.springframework.boot.test.autoconfigure.webservices.client.MockWebServiceServerTestExecutionListener@68454ed5]
2020-06-12 23:04:45 [StartupInfoLogger.java:logStarting:55] - Starting DataJpaApplicationTests on SRI with PID 10116 (started by hp in F:\downloads\employee-microservice)
2020-06-12 23:04:45 [SpringApplication.java:logStartupProfileInfo:651] - No active profile set, falling back to default profiles: default
2020-06-12 23:04:50 [RepositoryConfigurationDelegate.java:registerRepositoriesIn:127] - Bootstrapping Spring Data JPA repositories in DEFERRED mode.
2020-06-12 23:04:50 [RepositoryConfigurationDelegate.java:registerRepositoriesIn:187] - Finished Spring Data repository scanning in 229ms. Found 1 JPA repository interfaces.
2020-06-12 23:04:52 [DBConfig.java:entityManagerFactoryBean:89] - Start of entityManagerFactoryBean()
2020-06-12 23:04:52 [DBConfig.java:dataSource:48] - Start of dataSource()
2020-06-12 23:04:52 [DBConfig.java:setPassword:70] - decrypted password for database =vCPs5STwqnWfoTYgQWdfYA== 
2020-06-12 23:04:52 [Encrypt_Deprypt_Util.java:decrypt:66] - Start of decrypt(...)
2020-06-12 23:04:53 [Encrypt_Deprypt_Util.java:decrypt:75] - Start of decrypt(...)
2020-06-12 23:04:53 [DBConfig.java:dataSource:57] - End of dataSource()
2020-06-12 23:04:53 [DBConfig.java:entityManagerFactoryBean:100] - End of entityManagerFactoryBean()
2020-06-12 23:04:53 [LogHelper.java:logPersistenceUnitInformation:31] - HHH000204: Processing PersistenceUnitInfo [name: default]
2020-06-12 23:04:53 [Version.java:logVersion:44] - HHH000412: Hibernate ORM core version 5.4.15.Final
2020-06-12 23:04:54 [JavaReflectionManager.java:<clinit>:49] - HCANN000001: Hibernate Commons Annotations {5.1.0.Final}
2020-06-12 23:04:59 [Dialect.java:<init>:172] - HHH000400: Using dialect: org.hibernate.dialect.MySQL5Dialect
2020-06-12 23:05:02 [JtaPlatformInitiator.java:initiateService:52] - HHH000490: Using JtaPlatform implementation: [org.hibernate.engine.transaction.jta.platform.internal.NoJtaPlatform]
2020-06-12 23:05:02 [AbstractEntityManagerFactoryBean.java:buildNativeEntityManagerFactory:416] - Initialized JPA EntityManagerFactory for persistence unit 'default'
2020-06-12 23:05:02 [Encrypt_Deprypt_Util.java:decrypt:66] - Start of decrypt(...)
2020-06-12 23:05:02 [Encrypt_Deprypt_Util.java:decrypt:75] - Start of decrypt(...)
2020-06-12 23:05:03 [JpaBaseConfiguration.java:openEntityManagerInViewInterceptor:220] - spring.jpa.open-in-view is enabled by default. Therefore, database queries may be performed during view rendering. Explicitly configure spring.jpa.open-in-view to disable this warning
2020-06-12 23:05:05 [DBConfig.java:transactionManager:113] - Start of transactionManager(...)
2020-06-12 23:05:05 [DBConfig.java:transactionManager:118] - End of transactionManager(...)
2020-06-12 23:05:05 [PropertySourcedRequestMappingHandlerMapping.java:initHandlerMethods:69] - Mapped URL path [/v2/api-docs] onto method [springfox.documentation.swagger2.web.Swagger2Controller#getDocumentation(String, HttpServletRequest)]
2020-06-12 23:05:06 [ExecutorConfigurationSupport.java:initialize:181] - Initializing ExecutorService 'applicationTaskExecutor'
2020-06-12 23:05:07 [ExecutorConfigurationSupport.java:initialize:181] - Initializing ExecutorService 'taskScheduler'
2020-06-12 23:05:08 [DocumentationPluginsBootstrapper.java:start:160] - Context refreshed
2020-06-12 23:05:08 [DocumentationPluginsBootstrapper.java:start:163] - Found 1 custom documentation plugin(s)
2020-06-12 23:05:08 [ApiListingReferenceScanner.java:scan:41] - Scanning for api listing references
2020-06-12 23:05:09 [DeferredRepositoryInitializationListener.java:onApplicationEvent:49] - Triggering deferred initialization of Spring Data repositories…
2020-06-12 23:05:10 [DeferredRepositoryInitializationListener.java:onApplicationEvent:53] - Spring Data repositories initialized!
2020-06-12 23:05:10 [MailScheduler.java:mailSender:41] - Start of mailSender()
2020-06-12 23:05:10 [StartupInfoLogger.java:logStarted:61] - Started DataJpaApplicationTests in 26.492 seconds (JVM running for 36.875)
2020-06-12 23:05:11 [ExecutorConfigurationSupport.java:shutdown:218] - Shutting down ExecutorService 'taskScheduler'
2020-06-12 23:05:11 [ExecutorConfigurationSupport.java:shutdown:218] - Shutting down ExecutorService 'applicationTaskExecutor'
2020-06-12 23:05:11 [AbstractEntityManagerFactoryBean.java:destroy:598] - Closing JPA EntityManagerFactory for persistence unit 'default'
