2020-06-10 08:22:45 [StartupInfoLogger.java:logStarting:55] - Starting EmployeeMicroserviceApplication on SRI with PID 6348 (F:\downloads\employee-microservice\target\classes started by hp in F:\downloads\employee-microservice)
2020-06-10 08:22:46 [SpringApplication.java:logStartupProfileInfo:651] - No active profile set, falling back to default profiles: default
2020-06-10 08:22:46 [DeferredLog.java:logTo:225] - Devtools property defaults active! Set 'spring.devtools.add-properties' to 'false' to disable
2020-06-10 08:22:46 [DeferredLog.java:logTo:225] - For additional web related logging consider setting the 'logging.level.web' property to 'DEBUG'
2020-06-10 08:22:51 [RepositoryConfigurationDelegate.java:registerRepositoriesIn:127] - Bootstrapping Spring Data JPA repositories in DEFERRED mode.
2020-06-10 08:22:51 [RepositoryConfigurationDelegate.java:registerRepositoriesIn:187] - Finished Spring Data repository scanning in 91ms. Found 1 JPA repository interfaces.
2020-06-10 08:22:53 [TomcatWebServer.java:initialize:108] - Tomcat initialized with port(s): 9091 (http)
2020-06-10 08:22:53 [DirectJDKLog.java:log:173] - Initializing ProtocolHandler ["http-nio-9091"]
2020-06-10 08:22:53 [DirectJDKLog.java:log:173] - Starting service [Tomcat]
2020-06-10 08:22:53 [DirectJDKLog.java:log:173] - Starting Servlet engine: [Apache Tomcat/9.0.35]
2020-06-10 08:22:54 [DirectJDKLog.java:log:173] - Initializing Spring embedded WebApplicationContext
2020-06-10 08:22:54 [ServletWebServerApplicationContext.java:prepareWebApplicationContext:284] - Root WebApplicationContext: initialization completed in 7977 ms
2020-06-10 08:22:54 [DBConfig.java:entityManagerFactoryBean:80] - Start of entityManagerFactoryBean()
2020-06-10 08:22:54 [DBConfig.java:dataSource:43] - Start of dataSource()
2020-06-10 08:22:54 [DBConfig.java:dataSource:53] - decrypted password for database = vCPs5STwqnWfoTYgQWdfYA==
2020-06-10 08:22:54 [Encrypt_Deprypt_Util.java:decrypt:66] - Start of decrypt(...)
2020-06-10 08:22:54 [Encrypt_Deprypt_Util.java:decrypt:75] - Start of decrypt(...)
2020-06-10 08:22:54 [DBConfig.java:dataSource:62] - End of dataSource()
2020-06-10 08:22:54 [DBConfig.java:entityManagerFactoryBean:91] - End of entityManagerFactoryBean()
2020-06-10 08:22:54 [LogHelper.java:logPersistenceUnitInformation:31] - HHH000204: Processing PersistenceUnitInfo [name: default]
2020-06-10 08:22:54 [Version.java:logVersion:44] - HHH000412: Hibernate ORM core version 5.4.15.Final
2020-06-10 08:22:55 [JavaReflectionManager.java:<clinit>:49] - HCANN000001: Hibernate Commons Annotations {5.1.0.Final}
2020-06-10 08:22:57 [Dialect.java:<init>:172] - HHH000400: Using dialect: org.hibernate.dialect.MySQL5Dialect
2020-06-10 08:22:59 [JtaPlatformInitiator.java:initiateService:52] - HHH000490: Using JtaPlatform implementation: [org.hibernate.engine.transaction.jta.platform.internal.NoJtaPlatform]
2020-06-10 08:22:59 [AbstractEntityManagerFactoryBean.java:buildNativeEntityManagerFactory:416] - Initialized JPA EntityManagerFactory for persistence unit 'default'
2020-06-10 08:22:59 [OptionalLiveReloadServer.java:startServer:58] - LiveReload server is running on port 35729
2020-06-10 08:22:59 [Encrypt_Deprypt_Util.java:decrypt:66] - Start of decrypt(...)
2020-06-10 08:22:59 [Encrypt_Deprypt_Util.java:decrypt:75] - Start of decrypt(...)
2020-06-10 08:23:00 [JpaBaseConfiguration.java:openEntityManagerInViewInterceptor:220] - spring.jpa.open-in-view is enabled by default. Therefore, database queries may be performed during view rendering. Explicitly configure spring.jpa.open-in-view to disable this warning
2020-06-10 08:23:00 [DBConfig.java:transactionManager:105] - Start of transactionManager(...)
2020-06-10 08:23:00 [DBConfig.java:transactionManager:110] - End of transactionManager(...)
2020-06-10 08:23:00 [PropertySourcedRequestMappingHandlerMapping.java:initHandlerMethods:69] - Mapped URL path [/v2/api-docs] onto method [springfox.documentation.swagger2.web.Swagger2Controller#getDocumentation(String, HttpServletRequest)]
2020-06-10 08:23:01 [ExecutorConfigurationSupport.java:initialize:181] - Initializing ExecutorService 'applicationTaskExecutor'
2020-06-10 08:23:01 [ExecutorConfigurationSupport.java:initialize:181] - Initializing ExecutorService 'taskScheduler'
2020-06-10 08:23:01 [DirectJDKLog.java:log:173] - Starting ProtocolHandler ["http-nio-9091"]
2020-06-10 08:23:01 [TomcatWebServer.java:start:220] - Tomcat started on port(s): 9091 (http) with context path ''
2020-06-10 08:23:01 [DocumentationPluginsBootstrapper.java:start:160] - Context refreshed
2020-06-10 08:23:01 [DocumentationPluginsBootstrapper.java:start:163] - Found 1 custom documentation plugin(s)
2020-06-10 08:23:01 [ApiListingReferenceScanner.java:scan:41] - Scanning for api listing references
2020-06-10 08:23:01 [DeferredRepositoryInitializationListener.java:onApplicationEvent:49] - Triggering deferred initialization of Spring Data repositories…
2020-06-10 08:23:02 [DeferredRepositoryInitializationListener.java:onApplicationEvent:53] - Spring Data repositories initialized!
2020-06-10 08:23:02 [MailScheduler.java:mailSender:42] - Start of mailSender()
2020-06-10 08:23:02 [StartupInfoLogger.java:logStarted:61] - Started EmployeeMicroserviceApplication in 17.932 seconds (JVM running for 21.722)
2020-06-10 08:23:02 [EmployeeMicroserviceApplication.java:main:19] - Started running..
2020-06-10 08:23:03 [MailScheduler.java:mailSender:65] - Non active employees are not found
2020-06-10 08:23:09 [MailScheduler.java:mailSender:85] - End of mailSender()
2020-06-10 08:23:15 [SpringApplicationAdminMXBeanRegistrar.java:shutdown:159] - Application shutdown requested.
2020-06-10 08:23:15 [ExecutorConfigurationSupport.java:shutdown:218] - Shutting down ExecutorService 'taskScheduler'
2020-06-10 08:23:15 [ExecutorConfigurationSupport.java:shutdown:218] - Shutting down ExecutorService 'applicationTaskExecutor'
2020-06-10 08:23:15 [AbstractEntityManagerFactoryBean.java:destroy:598] - Closing JPA EntityManagerFactory for persistence unit 'default'
2020-06-10 08:24:27 [StartupInfoLogger.java:logStarting:55] - Starting EmployeeMicroserviceApplication on SRI with PID 5904 (F:\downloads\employee-microservice\target\classes started by hp in F:\downloads\employee-microservice)
2020-06-10 08:24:27 [SpringApplication.java:logStartupProfileInfo:651] - No active profile set, falling back to default profiles: default
2020-06-10 08:24:27 [DeferredLog.java:logTo:225] - Devtools property defaults active! Set 'spring.devtools.add-properties' to 'false' to disable
2020-06-10 08:24:27 [DeferredLog.java:logTo:225] - For additional web related logging consider setting the 'logging.level.web' property to 'DEBUG'
2020-06-10 08:24:29 [RepositoryConfigurationDelegate.java:registerRepositoriesIn:127] - Bootstrapping Spring Data JPA repositories in DEFERRED mode.
2020-06-10 08:24:29 [RepositoryConfigurationDelegate.java:registerRepositoriesIn:187] - Finished Spring Data repository scanning in 71ms. Found 1 JPA repository interfaces.
2020-06-10 08:24:30 [TomcatWebServer.java:initialize:108] - Tomcat initialized with port(s): 9091 (http)
2020-06-10 08:24:30 [DirectJDKLog.java:log:173] - Initializing ProtocolHandler ["http-nio-9091"]
2020-06-10 08:24:30 [DirectJDKLog.java:log:173] - Starting service [Tomcat]
2020-06-10 08:24:30 [DirectJDKLog.java:log:173] - Starting Servlet engine: [Apache Tomcat/9.0.35]
2020-06-10 08:24:30 [DirectJDKLog.java:log:173] - Initializing Spring embedded WebApplicationContext
2020-06-10 08:24:30 [ServletWebServerApplicationContext.java:prepareWebApplicationContext:284] - Root WebApplicationContext: initialization completed in 3086 ms
2020-06-10 08:24:30 [DBConfig.java:entityManagerFactoryBean:80] - Start of entityManagerFactoryBean()
2020-06-10 08:24:30 [DBConfig.java:dataSource:43] - Start of dataSource()
2020-06-10 08:24:30 [DBConfig.java:dataSource:53] - decrypted password for database = vCPs5STwqnWfoTYgQWdfYA==
2020-06-10 08:24:30 [Encrypt_Deprypt_Util.java:decrypt:66] - Start of decrypt(...)
2020-06-10 08:24:31 [Encrypt_Deprypt_Util.java:decrypt:75] - Start of decrypt(...)
2020-06-10 08:24:31 [DBConfig.java:dataSource:62] - End of dataSource()
2020-06-10 08:24:31 [DBConfig.java:entityManagerFactoryBean:91] - End of entityManagerFactoryBean()
2020-06-10 08:24:31 [LogHelper.java:logPersistenceUnitInformation:31] - HHH000204: Processing PersistenceUnitInfo [name: default]
2020-06-10 08:24:31 [Version.java:logVersion:44] - HHH000412: Hibernate ORM core version 5.4.15.Final
2020-06-10 08:24:31 [JavaReflectionManager.java:<clinit>:49] - HCANN000001: Hibernate Commons Annotations {5.1.0.Final}
2020-06-10 08:24:31 [Dialect.java:<init>:172] - HHH000400: Using dialect: org.hibernate.dialect.MySQL5Dialect
2020-06-10 08:24:33 [JtaPlatformInitiator.java:initiateService:52] - HHH000490: Using JtaPlatform implementation: [org.hibernate.engine.transaction.jta.platform.internal.NoJtaPlatform]
2020-06-10 08:24:33 [AbstractEntityManagerFactoryBean.java:buildNativeEntityManagerFactory:416] - Initialized JPA EntityManagerFactory for persistence unit 'default'
2020-06-10 08:24:33 [OptionalLiveReloadServer.java:startServer:58] - LiveReload server is running on port 35729
2020-06-10 08:24:33 [Encrypt_Deprypt_Util.java:decrypt:66] - Start of decrypt(...)
2020-06-10 08:24:33 [Encrypt_Deprypt_Util.java:decrypt:75] - Start of decrypt(...)
2020-06-10 08:24:33 [JpaBaseConfiguration.java:openEntityManagerInViewInterceptor:220] - spring.jpa.open-in-view is enabled by default. Therefore, database queries may be performed during view rendering. Explicitly configure spring.jpa.open-in-view to disable this warning
2020-06-10 08:24:34 [DBConfig.java:transactionManager:105] - Start of transactionManager(...)
2020-06-10 08:24:34 [DBConfig.java:transactionManager:110] - End of transactionManager(...)
2020-06-10 08:24:34 [PropertySourcedRequestMappingHandlerMapping.java:initHandlerMethods:69] - Mapped URL path [/v2/api-docs] onto method [springfox.documentation.swagger2.web.Swagger2Controller#getDocumentation(String, HttpServletRequest)]
2020-06-10 08:24:34 [ExecutorConfigurationSupport.java:initialize:181] - Initializing ExecutorService 'applicationTaskExecutor'
2020-06-10 08:24:35 [ExecutorConfigurationSupport.java:initialize:181] - Initializing ExecutorService 'taskScheduler'
2020-06-10 08:24:35 [DirectJDKLog.java:log:173] - Starting ProtocolHandler ["http-nio-9091"]
2020-06-10 08:24:35 [TomcatWebServer.java:start:220] - Tomcat started on port(s): 9091 (http) with context path ''
2020-06-10 08:24:35 [DocumentationPluginsBootstrapper.java:start:160] - Context refreshed
2020-06-10 08:24:35 [DocumentationPluginsBootstrapper.java:start:163] - Found 1 custom documentation plugin(s)
2020-06-10 08:24:35 [ApiListingReferenceScanner.java:scan:41] - Scanning for api listing references
2020-06-10 08:24:36 [DeferredRepositoryInitializationListener.java:onApplicationEvent:49] - Triggering deferred initialization of Spring Data repositories…
2020-06-10 08:24:36 [DeferredRepositoryInitializationListener.java:onApplicationEvent:53] - Spring Data repositories initialized!
2020-06-10 08:24:36 [StartupInfoLogger.java:logStarted:61] - Started EmployeeMicroserviceApplication in 9.721 seconds (JVM running for 11.505)
2020-06-10 08:24:36 [EmployeeMicroserviceApplication.java:main:19] - Started running..
2020-06-10 08:25:30 [DirectJDKLog.java:log:173] - Initializing Spring DispatcherServlet 'dispatcherServlet'
2020-06-10 08:25:30 [FrameworkServlet.java:initServletBean:525] - Initializing Servlet 'dispatcherServlet'
2020-06-10 08:25:31 [FrameworkServlet.java:initServletBean:547] - Completed initialization in 52 ms
2020-06-10 08:26:08 [EmployeeResource.java:getAllEmployee:63] - Start of getAllEmployee()
2020-06-10 08:26:08 [EmployeeService.java:getAll:34] - Start of getAll()
2020-06-10 08:26:08 [EmployeeService.java:getAll:44] - End of getAll()
2020-06-10 08:26:08 [EmployeeResource.java:getAllEmployee:76] - End of getAllEmployee()
2020-06-10 08:27:17 [EmployeeResource.java:updateEmployee:237] - Start of updateEmployee(...) with empId=1431
2020-06-10 08:27:17 [EmployeeService.java:update:207] - End of delete(...) with empId=1431
2020-06-10 08:27:17 [EmployeeService.java:update:240] - End of delete(...) with empId=1431
2020-06-10 08:27:17 [EmployeeResource.java:updateEmployee:250] - End of updateEmployee(...) with empId=1431
2020-06-10 08:29:22 [SpringApplicationAdminMXBeanRegistrar.java:shutdown:159] - Application shutdown requested.
2020-06-10 08:29:23 [ExecutorConfigurationSupport.java:shutdown:218] - Shutting down ExecutorService 'taskScheduler'
2020-06-10 08:29:23 [ExecutorConfigurationSupport.java:shutdown:218] - Shutting down ExecutorService 'applicationTaskExecutor'
2020-06-10 08:29:23 [AbstractEntityManagerFactoryBean.java:destroy:598] - Closing JPA EntityManagerFactory for persistence unit 'default'
2020-06-10 08:33:51 [StartupInfoLogger.java:logStarting:55] - Starting EmployeeMicroserviceApplication on SRI with PID 12072 (F:\downloads\employee-microservice\target\classes started by hp in F:\downloads\employee-microservice)
2020-06-10 08:33:51 [SpringApplication.java:logStartupProfileInfo:651] - No active profile set, falling back to default profiles: default
2020-06-10 08:33:51 [DeferredLog.java:logTo:225] - Devtools property defaults active! Set 'spring.devtools.add-properties' to 'false' to disable
2020-06-10 08:33:51 [DeferredLog.java:logTo:225] - For additional web related logging consider setting the 'logging.level.web' property to 'DEBUG'
2020-06-10 08:33:54 [RepositoryConfigurationDelegate.java:registerRepositoriesIn:127] - Bootstrapping Spring Data JPA repositories in DEFERRED mode.
2020-06-10 08:33:54 [RepositoryConfigurationDelegate.java:registerRepositoriesIn:187] - Finished Spring Data repository scanning in 168ms. Found 1 JPA repository interfaces.
2020-06-10 08:33:56 [TomcatWebServer.java:initialize:108] - Tomcat initialized with port(s): 9091 (http)
2020-06-10 08:33:56 [DirectJDKLog.java:log:173] - Initializing ProtocolHandler ["http-nio-9091"]
2020-06-10 08:33:56 [DirectJDKLog.java:log:173] - Starting service [Tomcat]
2020-06-10 08:33:56 [DirectJDKLog.java:log:173] - Starting Servlet engine: [Apache Tomcat/9.0.35]
2020-06-10 08:33:56 [DirectJDKLog.java:log:173] - Initializing Spring embedded WebApplicationContext
2020-06-10 08:33:56 [ServletWebServerApplicationContext.java:prepareWebApplicationContext:284] - Root WebApplicationContext: initialization completed in 5124 ms
2020-06-10 08:33:56 [DBConfig.java:entityManagerFactoryBean:80] - Start of entityManagerFactoryBean()
2020-06-10 08:33:56 [DBConfig.java:dataSource:43] - Start of dataSource()
2020-06-10 08:33:56 [DBConfig.java:dataSource:53] - decrypted password for database = vCPs5STwqnWfoTYgQWdfYA==
2020-06-10 08:33:56 [Encrypt_Deprypt_Util.java:decrypt:66] - Start of decrypt(...)
2020-06-10 08:33:57 [Encrypt_Deprypt_Util.java:decrypt:75] - Start of decrypt(...)
2020-06-10 08:33:57 [DBConfig.java:dataSource:62] - End of dataSource()
2020-06-10 08:33:57 [DBConfig.java:entityManagerFactoryBean:91] - End of entityManagerFactoryBean()
2020-06-10 08:33:57 [LogHelper.java:logPersistenceUnitInformation:31] - HHH000204: Processing PersistenceUnitInfo [name: default]
2020-06-10 08:33:57 [Version.java:logVersion:44] - HHH000412: Hibernate ORM core version 5.4.15.Final
2020-06-10 08:33:58 [JavaReflectionManager.java:<clinit>:49] - HCANN000001: Hibernate Commons Annotations {5.1.0.Final}
2020-06-10 08:33:59 [Dialect.java:<init>:172] - HHH000400: Using dialect: org.hibernate.dialect.MySQL5Dialect
2020-06-10 08:34:00 [JtaPlatformInitiator.java:initiateService:52] - HHH000490: Using JtaPlatform implementation: [org.hibernate.engine.transaction.jta.platform.internal.NoJtaPlatform]
2020-06-10 08:34:00 [AbstractEntityManagerFactoryBean.java:buildNativeEntityManagerFactory:416] - Initialized JPA EntityManagerFactory for persistence unit 'default'
2020-06-10 08:34:00 [OptionalLiveReloadServer.java:startServer:58] - LiveReload server is running on port 35729
2020-06-10 08:34:00 [Encrypt_Deprypt_Util.java:decrypt:66] - Start of decrypt(...)
2020-06-10 08:34:00 [Encrypt_Deprypt_Util.java:decrypt:75] - Start of decrypt(...)
2020-06-10 08:34:01 [JpaBaseConfiguration.java:openEntityManagerInViewInterceptor:220] - spring.jpa.open-in-view is enabled by default. Therefore, database queries may be performed during view rendering. Explicitly configure spring.jpa.open-in-view to disable this warning
2020-06-10 08:34:02 [DBConfig.java:transactionManager:105] - Start of transactionManager(...)
2020-06-10 08:34:02 [DBConfig.java:transactionManager:110] - End of transactionManager(...)
2020-06-10 08:34:02 [PropertySourcedRequestMappingHandlerMapping.java:initHandlerMethods:69] - Mapped URL path [/v2/api-docs] onto method [springfox.documentation.swagger2.web.Swagger2Controller#getDocumentation(String, HttpServletRequest)]
2020-06-10 08:34:02 [ExecutorConfigurationSupport.java:initialize:181] - Initializing ExecutorService 'applicationTaskExecutor'
2020-06-10 08:34:02 [ExecutorConfigurationSupport.java:initialize:181] - Initializing ExecutorService 'taskScheduler'
2020-06-10 08:34:03 [DirectJDKLog.java:log:173] - Starting ProtocolHandler ["http-nio-9091"]
2020-06-10 08:34:03 [TomcatWebServer.java:start:220] - Tomcat started on port(s): 9091 (http) with context path ''
2020-06-10 08:34:03 [DocumentationPluginsBootstrapper.java:start:160] - Context refreshed
2020-06-10 08:34:03 [DocumentationPluginsBootstrapper.java:start:163] - Found 1 custom documentation plugin(s)
2020-06-10 08:34:03 [ApiListingReferenceScanner.java:scan:41] - Scanning for api listing references
2020-06-10 08:34:03 [DeferredRepositoryInitializationListener.java:onApplicationEvent:49] - Triggering deferred initialization of Spring Data repositories…
2020-06-10 08:34:04 [DeferredRepositoryInitializationListener.java:onApplicationEvent:53] - Spring Data repositories initialized!
2020-06-10 08:34:04 [MailScheduler.java:mailSender:42] - Start of mailSender()
2020-06-10 08:34:04 [StartupInfoLogger.java:logStarted:61] - Started EmployeeMicroserviceApplication in 15.581 seconds (JVM running for 19.433)
2020-06-10 08:34:04 [EmployeeMicroserviceApplication.java:main:19] - Started running..
2020-06-10 08:34:04 [MailScheduler.java:mailSender:65] - Non active employees are not found
2020-06-10 08:34:09 [MailScheduler.java:mailSender:85] - End of mailSender()
2020-06-10 08:35:07 [SpringApplicationAdminMXBeanRegistrar.java:shutdown:159] - Application shutdown requested.
2020-06-10 08:35:08 [ExecutorConfigurationSupport.java:shutdown:218] - Shutting down ExecutorService 'taskScheduler'
2020-06-10 08:35:08 [ExecutorConfigurationSupport.java:shutdown:218] - Shutting down ExecutorService 'applicationTaskExecutor'
2020-06-10 08:35:08 [AbstractEntityManagerFactoryBean.java:destroy:598] - Closing JPA EntityManagerFactory for persistence unit 'default'
2020-06-10 08:38:34 [StartupInfoLogger.java:logStarting:55] - Starting EmployeeMicroserviceApplication on SRI with PID 7140 (F:\downloads\employee-microservice\target\classes started by hp in F:\downloads\employee-microservice)
2020-06-10 08:38:34 [SpringApplication.java:logStartupProfileInfo:651] - No active profile set, falling back to default profiles: default
2020-06-10 08:38:34 [DeferredLog.java:logTo:225] - Devtools property defaults active! Set 'spring.devtools.add-properties' to 'false' to disable
2020-06-10 08:38:34 [DeferredLog.java:logTo:225] - For additional web related logging consider setting the 'logging.level.web' property to 'DEBUG'
2020-06-10 08:38:37 [RepositoryConfigurationDelegate.java:registerRepositoriesIn:127] - Bootstrapping Spring Data JPA repositories in DEFERRED mode.
2020-06-10 08:38:37 [RepositoryConfigurationDelegate.java:registerRepositoriesIn:187] - Finished Spring Data repository scanning in 137ms. Found 1 JPA repository interfaces.
2020-06-10 08:38:39 [TomcatWebServer.java:initialize:108] - Tomcat initialized with port(s): 9091 (http)
2020-06-10 08:38:39 [DirectJDKLog.java:log:173] - Initializing ProtocolHandler ["http-nio-9091"]
2020-06-10 08:38:39 [DirectJDKLog.java:log:173] - Starting service [Tomcat]
2020-06-10 08:38:39 [DirectJDKLog.java:log:173] - Starting Servlet engine: [Apache Tomcat/9.0.35]
2020-06-10 08:38:39 [DirectJDKLog.java:log:173] - Initializing Spring embedded WebApplicationContext
2020-06-10 08:38:39 [ServletWebServerApplicationContext.java:prepareWebApplicationContext:284] - Root WebApplicationContext: initialization completed in 4843 ms
2020-06-10 08:38:39 [DBConfig.java:entityManagerFactoryBean:80] - Start of entityManagerFactoryBean()
2020-06-10 08:38:39 [DBConfig.java:dataSource:43] - Start of dataSource()
2020-06-10 08:38:39 [DBConfig.java:dataSource:53] - decrypted password for database = vCPs5STwqnWfoTYgQWdfYA==
2020-06-10 08:38:39 [Encrypt_Deprypt_Util.java:decrypt:66] - Start of decrypt(...)
2020-06-10 08:38:40 [Encrypt_Deprypt_Util.java:decrypt:75] - Start of decrypt(...)
2020-06-10 08:38:40 [DBConfig.java:dataSource:62] - End of dataSource()
2020-06-10 08:38:40 [DBConfig.java:entityManagerFactoryBean:91] - End of entityManagerFactoryBean()
2020-06-10 08:38:40 [LogHelper.java:logPersistenceUnitInformation:31] - HHH000204: Processing PersistenceUnitInfo [name: default]
2020-06-10 08:38:40 [Version.java:logVersion:44] - HHH000412: Hibernate ORM core version 5.4.15.Final
2020-06-10 08:38:40 [JavaReflectionManager.java:<clinit>:49] - HCANN000001: Hibernate Commons Annotations {5.1.0.Final}
2020-06-10 08:38:41 [Dialect.java:<init>:172] - HHH000400: Using dialect: org.hibernate.dialect.MySQL5Dialect
2020-06-10 08:38:43 [JtaPlatformInitiator.java:initiateService:52] - HHH000490: Using JtaPlatform implementation: [org.hibernate.engine.transaction.jta.platform.internal.NoJtaPlatform]
2020-06-10 08:38:43 [AbstractEntityManagerFactoryBean.java:buildNativeEntityManagerFactory:416] - Initialized JPA EntityManagerFactory for persistence unit 'default'
2020-06-10 08:38:43 [OptionalLiveReloadServer.java:startServer:58] - LiveReload server is running on port 35729
2020-06-10 08:38:43 [Encrypt_Deprypt_Util.java:decrypt:66] - Start of decrypt(...)
2020-06-10 08:38:43 [Encrypt_Deprypt_Util.java:decrypt:75] - Start of decrypt(...)
2020-06-10 08:38:43 [JpaBaseConfiguration.java:openEntityManagerInViewInterceptor:220] - spring.jpa.open-in-view is enabled by default. Therefore, database queries may be performed during view rendering. Explicitly configure spring.jpa.open-in-view to disable this warning
2020-06-10 08:38:44 [DBConfig.java:transactionManager:105] - Start of transactionManager(...)
2020-06-10 08:38:44 [DBConfig.java:transactionManager:110] - End of transactionManager(...)
2020-06-10 08:38:44 [PropertySourcedRequestMappingHandlerMapping.java:initHandlerMethods:69] - Mapped URL path [/v2/api-docs] onto method [springfox.documentation.swagger2.web.Swagger2Controller#getDocumentation(String, HttpServletRequest)]
2020-06-10 08:38:44 [ExecutorConfigurationSupport.java:initialize:181] - Initializing ExecutorService 'applicationTaskExecutor'
2020-06-10 08:38:44 [ExecutorConfigurationSupport.java:initialize:181] - Initializing ExecutorService 'taskScheduler'
2020-06-10 08:38:44 [DirectJDKLog.java:log:173] - Starting ProtocolHandler ["http-nio-9091"]
2020-06-10 08:38:44 [TomcatWebServer.java:start:220] - Tomcat started on port(s): 9091 (http) with context path ''
2020-06-10 08:38:44 [DocumentationPluginsBootstrapper.java:start:160] - Context refreshed
2020-06-10 08:38:44 [DocumentationPluginsBootstrapper.java:start:163] - Found 1 custom documentation plugin(s)
2020-06-10 08:38:44 [ApiListingReferenceScanner.java:scan:41] - Scanning for api listing references
2020-06-10 08:38:45 [DeferredRepositoryInitializationListener.java:onApplicationEvent:49] - Triggering deferred initialization of Spring Data repositories…
2020-06-10 08:38:45 [DeferredRepositoryInitializationListener.java:onApplicationEvent:53] - Spring Data repositories initialized!
2020-06-10 08:38:45 [MailScheduler.java:mailSender:42] - Start of mailSender()
2020-06-10 08:38:45 [StartupInfoLogger.java:logStarted:61] - Started EmployeeMicroserviceApplication in 12.054 seconds (JVM running for 14.388)
2020-06-10 08:38:45 [EmployeeMicroserviceApplication.java:main:19] - Started running..
2020-06-10 08:38:46 [MailScheduler.java:mailSender:65] - Non active employees are not found
2020-06-10 08:38:48 [SpringApplicationAdminMXBeanRegistrar.java:shutdown:159] - Application shutdown requested.
2020-06-10 08:38:48 [ExecutorConfigurationSupport.java:shutdown:218] - Shutting down ExecutorService 'taskScheduler'
2020-06-10 08:38:48 [ExecutorConfigurationSupport.java:shutdown:218] - Shutting down ExecutorService 'applicationTaskExecutor'
2020-06-10 08:38:48 [AbstractEntityManagerFactoryBean.java:destroy:598] - Closing JPA EntityManagerFactory for persistence unit 'default'
2020-06-10 08:38:51 [MailScheduler.java:mailSender:85] - End of mailSender()
2020-06-10 08:40:03 [StartupInfoLogger.java:logStarting:55] - Starting EmployeeMicroserviceApplication on SRI with PID 4532 (F:\downloads\employee-microservice\target\classes started by hp in F:\downloads\employee-microservice)
2020-06-10 08:40:03 [SpringApplication.java:logStartupProfileInfo:651] - No active profile set, falling back to default profiles: default
2020-06-10 08:40:03 [DeferredLog.java:logTo:225] - Devtools property defaults active! Set 'spring.devtools.add-properties' to 'false' to disable
2020-06-10 08:40:03 [DeferredLog.java:logTo:225] - For additional web related logging consider setting the 'logging.level.web' property to 'DEBUG'
2020-06-10 08:40:05 [RepositoryConfigurationDelegate.java:registerRepositoriesIn:127] - Bootstrapping Spring Data JPA repositories in DEFERRED mode.
2020-06-10 08:40:05 [RepositoryConfigurationDelegate.java:registerRepositoriesIn:187] - Finished Spring Data repository scanning in 66ms. Found 1 JPA repository interfaces.
2020-06-10 08:40:06 [TomcatWebServer.java:initialize:108] - Tomcat initialized with port(s): 9091 (http)
2020-06-10 08:40:06 [DirectJDKLog.java:log:173] - Initializing ProtocolHandler ["http-nio-9091"]
2020-06-10 08:40:06 [DirectJDKLog.java:log:173] - Starting service [Tomcat]
2020-06-10 08:40:06 [DirectJDKLog.java:log:173] - Starting Servlet engine: [Apache Tomcat/9.0.35]
2020-06-10 08:40:06 [DirectJDKLog.java:log:173] - Initializing Spring embedded WebApplicationContext
2020-06-10 08:40:06 [ServletWebServerApplicationContext.java:prepareWebApplicationContext:284] - Root WebApplicationContext: initialization completed in 2827 ms
2020-06-10 08:40:06 [DBConfig.java:entityManagerFactoryBean:80] - Start of entityManagerFactoryBean()
2020-06-10 08:40:06 [DBConfig.java:dataSource:43] - Start of dataSource()
2020-06-10 08:40:06 [DBConfig.java:dataSource:53] - decrypted password for database = vCPs5STwqnWfoTYgQWdfYA==
2020-06-10 08:40:06 [Encrypt_Deprypt_Util.java:decrypt:66] - Start of decrypt(...)
2020-06-10 08:40:06 [Encrypt_Deprypt_Util.java:decrypt:75] - Start of decrypt(...)
2020-06-10 08:40:06 [DBConfig.java:dataSource:62] - End of dataSource()
2020-06-10 08:40:06 [DBConfig.java:entityManagerFactoryBean:91] - End of entityManagerFactoryBean()
2020-06-10 08:40:06 [LogHelper.java:logPersistenceUnitInformation:31] - HHH000204: Processing PersistenceUnitInfo [name: default]
2020-06-10 08:40:07 [Version.java:logVersion:44] - HHH000412: Hibernate ORM core version 5.4.15.Final
2020-06-10 08:40:07 [JavaReflectionManager.java:<clinit>:49] - HCANN000001: Hibernate Commons Annotations {5.1.0.Final}
2020-06-10 08:40:08 [Dialect.java:<init>:172] - HHH000400: Using dialect: org.hibernate.dialect.MySQL5Dialect
2020-06-10 08:40:09 [JtaPlatformInitiator.java:initiateService:52] - HHH000490: Using JtaPlatform implementation: [org.hibernate.engine.transaction.jta.platform.internal.NoJtaPlatform]
2020-06-10 08:40:09 [AbstractEntityManagerFactoryBean.java:buildNativeEntityManagerFactory:416] - Initialized JPA EntityManagerFactory for persistence unit 'default'
2020-06-10 08:40:09 [OptionalLiveReloadServer.java:startServer:58] - LiveReload server is running on port 35729
2020-06-10 08:40:09 [Encrypt_Deprypt_Util.java:decrypt:66] - Start of decrypt(...)
2020-06-10 08:40:09 [Encrypt_Deprypt_Util.java:decrypt:75] - Start of decrypt(...)
2020-06-10 08:40:09 [JpaBaseConfiguration.java:openEntityManagerInViewInterceptor:220] - spring.jpa.open-in-view is enabled by default. Therefore, database queries may be performed during view rendering. Explicitly configure spring.jpa.open-in-view to disable this warning
2020-06-10 08:40:09 [DBConfig.java:transactionManager:105] - Start of transactionManager(...)
2020-06-10 08:40:09 [DBConfig.java:transactionManager:110] - End of transactionManager(...)
2020-06-10 08:40:09 [PropertySourcedRequestMappingHandlerMapping.java:initHandlerMethods:69] - Mapped URL path [/v2/api-docs] onto method [springfox.documentation.swagger2.web.Swagger2Controller#getDocumentation(String, HttpServletRequest)]
2020-06-10 08:40:10 [ExecutorConfigurationSupport.java:initialize:181] - Initializing ExecutorService 'applicationTaskExecutor'
2020-06-10 08:40:10 [ExecutorConfigurationSupport.java:initialize:181] - Initializing ExecutorService 'taskScheduler'
2020-06-10 08:40:10 [DirectJDKLog.java:log:173] - Starting ProtocolHandler ["http-nio-9091"]
2020-06-10 08:40:10 [TomcatWebServer.java:start:220] - Tomcat started on port(s): 9091 (http) with context path ''
2020-06-10 08:40:10 [DocumentationPluginsBootstrapper.java:start:160] - Context refreshed
2020-06-10 08:40:10 [DocumentationPluginsBootstrapper.java:start:163] - Found 1 custom documentation plugin(s)
2020-06-10 08:40:10 [ApiListingReferenceScanner.java:scan:41] - Scanning for api listing references
2020-06-10 08:40:11 [DeferredRepositoryInitializationListener.java:onApplicationEvent:49] - Triggering deferred initialization of Spring Data repositories…
2020-06-10 08:40:12 [ErrorTracker.java:reportError:62] - line 1:1: unexpected token: slect
2020-06-10 08:40:12 [ErrorTracker.java:reportError:57] - line 1:1: unexpected token: slect
antlr.NoViableAltException: unexpected token: slect
	at org.hibernate.hql.internal.antlr.HqlBaseParser.statement(HqlBaseParser.java:210)
	at org.hibernate.hql.internal.ast.QueryTranslatorImpl.parse(QueryTranslatorImpl.java:290)
	at org.hibernate.hql.internal.ast.QueryTranslatorImpl.doCompile(QueryTranslatorImpl.java:189)
	at org.hibernate.hql.internal.ast.QueryTranslatorImpl.compile(QueryTranslatorImpl.java:144)
	at org.hibernate.engine.query.spi.HQLQueryPlan.<init>(HQLQueryPlan.java:113)
	at org.hibernate.engine.query.spi.HQLQueryPlan.<init>(HQLQueryPlan.java:73)
	at org.hibernate.engine.query.spi.QueryPlanCache.getHQLQueryPlan(QueryPlanCache.java:155)
	at org.hibernate.internal.AbstractSharedSessionContract.getQueryPlan(AbstractSharedSessionContract.java:604)
	at org.hibernate.internal.AbstractSharedSessionContract.createQuery(AbstractSharedSessionContract.java:716)
	at org.hibernate.internal.AbstractSessionImpl.createQuery(AbstractSessionImpl.java:23)
	at sun.reflect.NativeMethodAccessorImpl.invoke0(Native Method)
	at sun.reflect.NativeMethodAccessorImpl.invoke(NativeMethodAccessorImpl.java:62)
	at sun.reflect.DelegatingMethodAccessorImpl.invoke(DelegatingMethodAccessorImpl.java:43)
	at java.lang.reflect.Method.invoke(Method.java:483)
	at org.springframework.orm.jpa.ExtendedEntityManagerCreator$ExtendedEntityManagerInvocationHandler.invoke(ExtendedEntityManagerCreator.java:366)
	at com.sun.proxy.$Proxy111.createQuery(Unknown Source)
	at org.springframework.data.jpa.repository.query.SimpleJpaQuery.validateQuery(SimpleJpaQuery.java:87)
	at org.springframework.data.jpa.repository.query.SimpleJpaQuery.<init>(SimpleJpaQuery.java:63)
	at org.springframework.data.jpa.repository.query.JpaQueryFactory.fromMethodWithQueryString(JpaQueryFactory.java:76)
	at org.springframework.data.jpa.repository.query.JpaQueryFactory.fromQueryAnnotation(JpaQueryFactory.java:56)
	at org.springframework.data.jpa.repository.query.JpaQueryLookupStrategy$DeclaredQueryLookupStrategy.resolveQuery(JpaQueryLookupStrategy.java:146)
	at org.springframework.data.jpa.repository.query.JpaQueryLookupStrategy$CreateIfNotFoundQueryLookupStrategy.resolveQuery(JpaQueryLookupStrategy.java:216)
	at org.springframework.data.jpa.repository.query.JpaQueryLookupStrategy$AbstractQueryLookupStrategy.resolveQuery(JpaQueryLookupStrategy.java:81)
	at org.springframework.data.repository.core.support.QueryExecutorMethodInterceptor.lookupQuery(QueryExecutorMethodInterceptor.java:99)
	at org.springframework.data.repository.core.support.QueryExecutorMethodInterceptor.lambda$mapMethodsToQuery$1(QueryExecutorMethodInterceptor.java:92)
	at org.springframework.data.repository.core.support.QueryExecutorMethodInterceptor$$Lambda$759/343209500.apply(Unknown Source)
	at java.util.stream.ReferencePipeline$3$1.accept(ReferencePipeline.java:193)
	at java.util.Iterator.forEachRemaining(Iterator.java:116)
	at java.util.Collections$UnmodifiableCollection$1.forEachRemaining(Collections.java:1049)
	at java.util.Spliterators$IteratorSpliterator.forEachRemaining(Spliterators.java:1801)
	at java.util.stream.AbstractPipeline.copyInto(AbstractPipeline.java:512)
	at java.util.stream.AbstractPipeline.wrapAndCopyInto(AbstractPipeline.java:502)
	at java.util.stream.ReduceOps$ReduceOp.evaluateSequential(ReduceOps.java:708)
	at java.util.stream.AbstractPipeline.evaluate(AbstractPipeline.java:234)
	at java.util.stream.ReferencePipeline.collect(ReferencePipeline.java:499)
	at org.springframework.data.repository.core.support.QueryExecutorMethodInterceptor.mapMethodsToQuery(QueryExecutorMethodInterceptor.java:94)
	at org.springframework.data.repository.core.support.QueryExecutorMethodInterceptor.lambda$new$0(QueryExecutorMethodInterceptor.java:84)
	at org.springframework.data.repository.core.support.QueryExecutorMethodInterceptor$$Lambda$758/1995959131.apply(Unknown Source)
	at java.util.Optional.map(Optional.java:215)
	at org.springframework.data.repository.core.support.QueryExecutorMethodInterceptor.<init>(QueryExecutorMethodInterceptor.java:84)
	at org.springframework.data.repository.core.support.RepositoryFactorySupport.getRepository(RepositoryFactorySupport.java:331)
	at org.springframework.data.repository.core.support.RepositoryFactoryBeanSupport.lambda$afterPropertiesSet$5(RepositoryFactoryBeanSupport.java:297)
	at org.springframework.data.repository.core.support.RepositoryFactoryBeanSupport$$Lambda$644/2128611610.get(Unknown Source)
	at org.springframework.data.util.Lazy.getNullable(Lazy.java:212)
	at org.springframework.data.util.Lazy.get(Lazy.java:94)
	at org.springframework.data.repository.core.support.RepositoryFactoryBeanSupport.getObject(RepositoryFactoryBeanSupport.java:244)
	at org.springframework.data.repository.core.support.RepositoryFactoryBeanSupport.getObject(RepositoryFactoryBeanSupport.java:57)
	at org.springframework.beans.factory.support.FactoryBeanRegistrySupport.doGetObjectFromFactoryBean(FactoryBeanRegistrySupport.java:171)
	at org.springframework.beans.factory.support.FactoryBeanRegistrySupport.getObjectFromFactoryBean(FactoryBeanRegistrySupport.java:101)
	at org.springframework.beans.factory.support.AbstractBeanFactory.getObjectForBeanInstance(AbstractBeanFactory.java:1821)
	at org.springframework.beans.factory.support.AbstractAutowireCapableBeanFactory.getObjectForBeanInstance(AbstractAutowireCapableBeanFactory.java:1266)
	at org.springframework.beans.factory.support.AbstractBeanFactory.doGetBean(AbstractBeanFactory.java:260)
	at org.springframework.beans.factory.support.AbstractBeanFactory.getBean(AbstractBeanFactory.java:202)
	at org.springframework.beans.factory.support.DefaultListableBeanFactory.getBeansOfType(DefaultListableBeanFactory.java:623)
	at org.springframework.beans.factory.support.DefaultListableBeanFactory.getBeansOfType(DefaultListableBeanFactory.java:611)
	at org.springframework.data.repository.config.DeferredRepositoryInitializationListener.onApplicationEvent(DeferredRepositoryInitializationListener.java:51)
	at org.springframework.data.repository.config.DeferredRepositoryInitializationListener.onApplicationEvent(DeferredRepositoryInitializationListener.java:36)
	at org.springframework.context.event.SimpleApplicationEventMulticaster.doInvokeListener(SimpleApplicationEventMulticaster.java:172)
	at org.springframework.context.event.SimpleApplicationEventMulticaster.invokeListener(SimpleApplicationEventMulticaster.java:165)
	at org.springframework.context.event.SimpleApplicationEventMulticaster.multicastEvent(SimpleApplicationEventMulticaster.java:139)
	at org.springframework.context.support.AbstractApplicationContext.publishEvent(AbstractApplicationContext.java:403)
	at org.springframework.context.support.AbstractApplicationContext.publishEvent(AbstractApplicationContext.java:360)
	at org.springframework.context.support.AbstractApplicationContext.finishRefresh(AbstractApplicationContext.java:897)
	at org.springframework.context.support.AbstractApplicationContext.refresh(AbstractApplicationContext.java:553)
	at org.springframework.boot.web.servlet.context.ServletWebServerApplicationContext.refresh(ServletWebServerApplicationContext.java:143)
	at org.springframework.boot.SpringApplication.refresh(SpringApplication.java:758)
	at org.springframework.boot.SpringApplication.refresh(SpringApplication.java:750)
	at org.springframework.boot.SpringApplication.refreshContext(SpringApplication.java:397)
	at org.springframework.boot.SpringApplication.run(SpringApplication.java:315)
	at org.springframework.boot.SpringApplication.run(SpringApplication.java:1237)
	at org.springframework.boot.SpringApplication.run(SpringApplication.java:1226)
	at com.sts.employeems.EmployeeMicroserviceApplication.main(EmployeeMicroserviceApplication.java:18)
	at sun.reflect.NativeMethodAccessorImpl.invoke0(Native Method)
	at sun.reflect.NativeMethodAccessorImpl.invoke(NativeMethodAccessorImpl.java:62)
	at sun.reflect.DelegatingMethodAccessorImpl.invoke(DelegatingMethodAccessorImpl.java:43)
	at java.lang.reflect.Method.invoke(Method.java:483)
	at org.springframework.boot.devtools.restart.RestartLauncher.run(RestartLauncher.java:49)
2020-06-10 08:40:12 [AbstractApplicationContext.java:refresh:558] - Exception encountered during context initialization - cancelling refresh attempt: org.springframework.beans.factory.BeanCreationException: Error creating bean with name 'employeeRepo': FactoryBean threw exception on object creation; nested exception is java.lang.IllegalArgumentException: Validation failed for query for method public abstract java.util.List com.sts.employeems.repository.EmployeeRepo.findByIsActive(java.lang.String)!
2020-06-10 08:40:12 [ExecutorConfigurationSupport.java:shutdown:218] - Shutting down ExecutorService 'taskScheduler'
2020-06-10 08:40:12 [ExecutorConfigurationSupport.java:shutdown:218] - Shutting down ExecutorService 'applicationTaskExecutor'
2020-06-10 08:40:12 [AbstractEntityManagerFactoryBean.java:destroy:598] - Closing JPA EntityManagerFactory for persistence unit 'default'
2020-06-10 08:40:12 [DirectJDKLog.java:log:173] - Pausing ProtocolHandler ["http-nio-9091"]
2020-06-10 08:40:12 [DeferredLog.java:logTo:225] - Devtools property defaults active! Set 'spring.devtools.add-properties' to 'false' to disable
2020-06-10 08:40:12 [DeferredLog.java:logTo:225] - For additional web related logging consider setting the 'logging.level.web' property to 'DEBUG'
2020-06-10 08:40:12 [StartupInfoLogger.java:logStarting:55] - Starting EmployeeMicroserviceApplication on SRI with PID 4532 (F:\downloads\employee-microservice\target\classes started by hp in F:\downloads\employee-microservice)
2020-06-10 08:40:12 [SpringApplication.java:logStartupProfileInfo:651] - No active profile set, falling back to default profiles: default
2020-06-10 08:40:13 [DirectJDKLog.java:log:173] - Stopping service [Tomcat]
2020-06-10 08:40:13 [DirectJDKLog.java:log:173] - Stopping ProtocolHandler ["http-nio-9091"]
2020-06-10 08:40:13 [DirectJDKLog.java:log:173] - Destroying ProtocolHandler ["http-nio-9091"]
2020-06-10 08:40:13 [ConditionEvaluationReportLoggingListener.java:logMessage:136] - 

Error starting ApplicationContext. To display the conditions report re-run your application with 'debug' enabled.
2020-06-10 08:40:13 [SpringApplication.java:reportFailure:837] - Application run failed
org.springframework.beans.factory.BeanCreationException: Error creating bean with name 'employeeRepo': FactoryBean threw exception on object creation; nested exception is java.lang.IllegalArgumentException: Validation failed for query for method public abstract java.util.List com.sts.employeems.repository.EmployeeRepo.findByIsActive(java.lang.String)!
	at org.springframework.beans.factory.support.FactoryBeanRegistrySupport.doGetObjectFromFactoryBean(FactoryBeanRegistrySupport.java:178)
	at org.springframework.beans.factory.support.FactoryBeanRegistrySupport.getObjectFromFactoryBean(FactoryBeanRegistrySupport.java:101)
	at org.springframework.beans.factory.support.AbstractBeanFactory.getObjectForBeanInstance(AbstractBeanFactory.java:1821)
	at org.springframework.beans.factory.support.AbstractAutowireCapableBeanFactory.getObjectForBeanInstance(AbstractAutowireCapableBeanFactory.java:1266)
	at org.springframework.beans.factory.support.AbstractBeanFactory.doGetBean(AbstractBeanFactory.java:260)
	at org.springframework.beans.factory.support.AbstractBeanFactory.getBean(AbstractBeanFactory.java:202)
	at org.springframework.beans.factory.support.DefaultListableBeanFactory.getBeansOfType(DefaultListableBeanFactory.java:623)
	at org.springframework.beans.factory.support.DefaultListableBeanFactory.getBeansOfType(DefaultListableBeanFactory.java:611)
	at org.springframework.data.repository.config.DeferredRepositoryInitializationListener.onApplicationEvent(DeferredRepositoryInitializationListener.java:51)
	at org.springframework.data.repository.config.DeferredRepositoryInitializationListener.onApplicationEvent(DeferredRepositoryInitializationListener.java:36)
	at org.springframework.context.event.SimpleApplicationEventMulticaster.doInvokeListener(SimpleApplicationEventMulticaster.java:172)
	at org.springframework.context.event.SimpleApplicationEventMulticaster.invokeListener(SimpleApplicationEventMulticaster.java:165)
	at org.springframework.context.event.SimpleApplicationEventMulticaster.multicastEvent(SimpleApplicationEventMulticaster.java:139)
	at org.springframework.context.support.AbstractApplicationContext.publishEvent(AbstractApplicationContext.java:403)
	at org.springframework.context.support.AbstractApplicationContext.publishEvent(AbstractApplicationContext.java:360)
	at org.springframework.context.support.AbstractApplicationContext.finishRefresh(AbstractApplicationContext.java:897)
	at org.springframework.context.support.AbstractApplicationContext.refresh(AbstractApplicationContext.java:553)
	at org.springframework.boot.web.servlet.context.ServletWebServerApplicationContext.refresh(ServletWebServerApplicationContext.java:143)
	at org.springframework.boot.SpringApplication.refresh(SpringApplication.java:758)
	at org.springframework.boot.SpringApplication.refresh(SpringApplication.java:750)
	at org.springframework.boot.SpringApplication.refreshContext(SpringApplication.java:397)
	at org.springframework.boot.SpringApplication.run(SpringApplication.java:315)
	at org.springframework.boot.SpringApplication.run(SpringApplication.java:1237)
	at org.springframework.boot.SpringApplication.run(SpringApplication.java:1226)
	at com.sts.employeems.EmployeeMicroserviceApplication.main(EmployeeMicroserviceApplication.java:18)
	at sun.reflect.NativeMethodAccessorImpl.invoke0(Native Method)
	at sun.reflect.NativeMethodAccessorImpl.invoke(NativeMethodAccessorImpl.java:62)
	at sun.reflect.DelegatingMethodAccessorImpl.invoke(DelegatingMethodAccessorImpl.java:43)
	at java.lang.reflect.Method.invoke(Method.java:483)
	at org.springframework.boot.devtools.restart.RestartLauncher.run(RestartLauncher.java:49)
Caused by: java.lang.IllegalArgumentException: Validation failed for query for method public abstract java.util.List com.sts.employeems.repository.EmployeeRepo.findByIsActive(java.lang.String)!
	at org.springframework.data.jpa.repository.query.SimpleJpaQuery.validateQuery(SimpleJpaQuery.java:93)
	at org.springframework.data.jpa.repository.query.SimpleJpaQuery.<init>(SimpleJpaQuery.java:63)
	at org.springframework.data.jpa.repository.query.JpaQueryFactory.fromMethodWithQueryString(JpaQueryFactory.java:76)
	at org.springframework.data.jpa.repository.query.JpaQueryFactory.fromQueryAnnotation(JpaQueryFactory.java:56)
	at org.springframework.data.jpa.repository.query.JpaQueryLookupStrategy$DeclaredQueryLookupStrategy.resolveQuery(JpaQueryLookupStrategy.java:146)
	at org.springframework.data.jpa.repository.query.JpaQueryLookupStrategy$CreateIfNotFoundQueryLookupStrategy.resolveQuery(JpaQueryLookupStrategy.java:216)
	at org.springframework.data.jpa.repository.query.JpaQueryLookupStrategy$AbstractQueryLookupStrategy.resolveQuery(JpaQueryLookupStrategy.java:81)
	at org.springframework.data.repository.core.support.QueryExecutorMethodInterceptor.lookupQuery(QueryExecutorMethodInterceptor.java:99)
	at org.springframework.data.repository.core.support.QueryExecutorMethodInterceptor.lambda$mapMethodsToQuery$1(QueryExecutorMethodInterceptor.java:92)
	at org.springframework.data.repository.core.support.QueryExecutorMethodInterceptor$$Lambda$759/343209500.apply(Unknown Source)
	at java.util.stream.ReferencePipeline$3$1.accept(ReferencePipeline.java:193)
	at java.util.Iterator.forEachRemaining(Iterator.java:116)
	at java.util.Collections$UnmodifiableCollection$1.forEachRemaining(Collections.java:1049)
	at java.util.Spliterators$IteratorSpliterator.forEachRemaining(Spliterators.java:1801)
	at java.util.stream.AbstractPipeline.copyInto(AbstractPipeline.java:512)
	at java.util.stream.AbstractPipeline.wrapAndCopyInto(AbstractPipeline.java:502)
	at java.util.stream.ReduceOps$ReduceOp.evaluateSequential(ReduceOps.java:708)
	at java.util.stream.AbstractPipeline.evaluate(AbstractPipeline.java:234)
	at java.util.stream.ReferencePipeline.collect(ReferencePipeline.java:499)
	at org.springframework.data.repository.core.support.QueryExecutorMethodInterceptor.mapMethodsToQuery(QueryExecutorMethodInterceptor.java:94)
	at org.springframework.data.repository.core.support.QueryExecutorMethodInterceptor.lambda$new$0(QueryExecutorMethodInterceptor.java:84)
	at org.springframework.data.repository.core.support.QueryExecutorMethodInterceptor$$Lambda$758/1995959131.apply(Unknown Source)
	at java.util.Optional.map(Optional.java:215)
	at org.springframework.data.repository.core.support.QueryExecutorMethodInterceptor.<init>(QueryExecutorMethodInterceptor.java:84)
	at org.springframework.data.repository.core.support.RepositoryFactorySupport.getRepository(RepositoryFactorySupport.java:331)
	at org.springframework.data.repository.core.support.RepositoryFactoryBeanSupport.lambda$afterPropertiesSet$5(RepositoryFactoryBeanSupport.java:297)
	at org.springframework.data.repository.core.support.RepositoryFactoryBeanSupport$$Lambda$644/2128611610.get(Unknown Source)
	at org.springframework.data.util.Lazy.getNullable(Lazy.java:212)
	at org.springframework.data.util.Lazy.get(Lazy.java:94)
	at org.springframework.data.repository.core.support.RepositoryFactoryBeanSupport.getObject(RepositoryFactoryBeanSupport.java:244)
	at org.springframework.data.repository.core.support.RepositoryFactoryBeanSupport.getObject(RepositoryFactoryBeanSupport.java:57)
	at org.springframework.beans.factory.support.FactoryBeanRegistrySupport.doGetObjectFromFactoryBean(FactoryBeanRegistrySupport.java:171)
	... 29 common frames omitted
Caused by: java.lang.IllegalArgumentException: org.hibernate.hql.internal.ast.QuerySyntaxException: unexpected token: slect near line 1, column 1 [slect e from com.sts.employeems.entity.Employee e where e.isActive=:isActive]
	at org.hibernate.internal.ExceptionConverterImpl.convert(ExceptionConverterImpl.java:138)
	at org.hibernate.internal.ExceptionConverterImpl.convert(ExceptionConverterImpl.java:181)
	at org.hibernate.internal.ExceptionConverterImpl.convert(ExceptionConverterImpl.java:188)
	at org.hibernate.internal.AbstractSharedSessionContract.createQuery(AbstractSharedSessionContract.java:725)
	at org.hibernate.internal.AbstractSessionImpl.createQuery(AbstractSessionImpl.java:23)
	at sun.reflect.NativeMethodAccessorImpl.invoke0(Native Method)
	at sun.reflect.NativeMethodAccessorImpl.invoke(NativeMethodAccessorImpl.java:62)
	at sun.reflect.DelegatingMethodAccessorImpl.invoke(DelegatingMethodAccessorImpl.java:43)
	at java.lang.reflect.Method.invoke(Method.java:483)
	at org.springframework.orm.jpa.ExtendedEntityManagerCreator$ExtendedEntityManagerInvocationHandler.invoke(ExtendedEntityManagerCreator.java:366)
	at com.sun.proxy.$Proxy111.createQuery(Unknown Source)
	at org.springframework.data.jpa.repository.query.SimpleJpaQuery.validateQuery(SimpleJpaQuery.java:87)
	... 60 common frames omitted
Caused by: org.hibernate.hql.internal.ast.QuerySyntaxException: unexpected token: slect near line 1, column 1 [slect e from com.sts.employeems.entity.Employee e where e.isActive=:isActive]
	at org.hibernate.hql.internal.ast.QuerySyntaxException.convert(QuerySyntaxException.java:74)
	at org.hibernate.hql.internal.ast.ErrorTracker.throwQueryException(ErrorTracker.java:93)
	at org.hibernate.hql.internal.ast.QueryTranslatorImpl.parse(QueryTranslatorImpl.java:297)
	at org.hibernate.hql.internal.ast.QueryTranslatorImpl.doCompile(QueryTranslatorImpl.java:189)
	at org.hibernate.hql.internal.ast.QueryTranslatorImpl.compile(QueryTranslatorImpl.java:144)
	at org.hibernate.engine.query.spi.HQLQueryPlan.<init>(HQLQueryPlan.java:113)
	at org.hibernate.engine.query.spi.HQLQueryPlan.<init>(HQLQueryPlan.java:73)
	at org.hibernate.engine.query.spi.QueryPlanCache.getHQLQueryPlan(QueryPlanCache.java:155)
	at org.hibernate.internal.AbstractSharedSessionContract.getQueryPlan(AbstractSharedSessionContract.java:604)
	at org.hibernate.internal.AbstractSharedSessionContract.createQuery(AbstractSharedSessionContract.java:716)
	... 68 common frames omitted
2020-06-10 08:40:13 [RepositoryConfigurationDelegate.java:registerRepositoriesIn:127] - Bootstrapping Spring Data JPA repositories in DEFERRED mode.
2020-06-10 08:40:13 [RepositoryConfigurationDelegate.java:registerRepositoriesIn:187] - Finished Spring Data repository scanning in 19ms. Found 1 JPA repository interfaces.
2020-06-10 08:40:14 [TomcatWebServer.java:initialize:108] - Tomcat initialized with port(s): 9091 (http)
2020-06-10 08:40:14 [ServletWebServerApplicationContext.java:prepareWebApplicationContext:284] - Root WebApplicationContext: initialization completed in 1248 ms
2020-06-10 08:40:14 [DBConfig.java:entityManagerFactoryBean:80] - Start of entityManagerFactoryBean()
2020-06-10 08:40:14 [DBConfig.java:dataSource:43] - Start of dataSource()
2020-06-10 08:40:14 [DBConfig.java:dataSource:53] - decrypted password for database = vCPs5STwqnWfoTYgQWdfYA==
2020-06-10 08:40:14 [Encrypt_Deprypt_Util.java:decrypt:66] - Start of decrypt(...)
2020-06-10 08:40:14 [Encrypt_Deprypt_Util.java:decrypt:75] - Start of decrypt(...)
2020-06-10 08:40:14 [DBConfig.java:dataSource:62] - End of dataSource()
2020-06-10 08:40:14 [DBConfig.java:entityManagerFactoryBean:91] - End of entityManagerFactoryBean()
2020-06-10 08:40:14 [LogHelper.java:logPersistenceUnitInformation:31] - HHH000204: Processing PersistenceUnitInfo [name: default]
2020-06-10 08:40:14 [Dialect.java:<init>:172] - HHH000400: Using dialect: org.hibernate.dialect.MySQL5Dialect
2020-06-10 08:40:14 [JtaPlatformInitiator.java:initiateService:52] - HHH000490: Using JtaPlatform implementation: [org.hibernate.engine.transaction.jta.platform.internal.NoJtaPlatform]
2020-06-10 08:40:14 [AbstractEntityManagerFactoryBean.java:buildNativeEntityManagerFactory:416] - Initialized JPA EntityManagerFactory for persistence unit 'default'
2020-06-10 08:40:14 [OptionalLiveReloadServer.java:startServer:58] - LiveReload server is running on port 35729
2020-06-10 08:40:14 [Encrypt_Deprypt_Util.java:decrypt:66] - Start of decrypt(...)
2020-06-10 08:40:14 [Encrypt_Deprypt_Util.java:decrypt:75] - Start of decrypt(...)
2020-06-10 08:40:14 [JpaBaseConfiguration.java:openEntityManagerInViewInterceptor:220] - spring.jpa.open-in-view is enabled by default. Therefore, database queries may be performed during view rendering. Explicitly configure spring.jpa.open-in-view to disable this warning
2020-06-10 08:40:14 [DBConfig.java:transactionManager:105] - Start of transactionManager(...)
2020-06-10 08:40:14 [DBConfig.java:transactionManager:110] - End of transactionManager(...)
2020-06-10 08:40:14 [PropertySourcedRequestMappingHandlerMapping.java:initHandlerMethods:69] - Mapped URL path [/v2/api-docs] onto method [springfox.documentation.swagger2.web.Swagger2Controller#getDocumentation(String, HttpServletRequest)]
2020-06-10 08:40:14 [ExecutorConfigurationSupport.java:initialize:181] - Initializing ExecutorService 'applicationTaskExecutor'
2020-06-10 08:40:14 [ExecutorConfigurationSupport.java:initialize:181] - Initializing ExecutorService 'taskScheduler'
2020-06-10 08:40:15 [TomcatWebServer.java:start:220] - Tomcat started on port(s): 9091 (http) with context path ''
2020-06-10 08:40:15 [DocumentationPluginsBootstrapper.java:start:160] - Context refreshed
2020-06-10 08:40:15 [DocumentationPluginsBootstrapper.java:start:163] - Found 1 custom documentation plugin(s)
2020-06-10 08:40:15 [ApiListingReferenceScanner.java:scan:41] - Scanning for api listing references
2020-06-10 08:40:15 [DeferredRepositoryInitializationListener.java:onApplicationEvent:49] - Triggering deferred initialization of Spring Data repositories…
2020-06-10 08:40:15 [DeferredRepositoryInitializationListener.java:onApplicationEvent:53] - Spring Data repositories initialized!
2020-06-10 08:40:15 [MailScheduler.java:mailSender:42] - Start of mailSender()
2020-06-10 08:40:15 [StartupInfoLogger.java:logStarted:61] - Started EmployeeMicroserviceApplication in 2.64 seconds (JVM running for 14.009)
2020-06-10 08:40:15 [EmployeeMicroserviceApplication.java:main:19] - Started running..
2020-06-10 08:40:20 [MailScheduler.java:mailSender:85] - End of mailSender()
2020-06-10 08:41:22 [SpringApplicationAdminMXBeanRegistrar.java:shutdown:159] - Application shutdown requested.
2020-06-10 08:41:22 [ExecutorConfigurationSupport.java:shutdown:218] - Shutting down ExecutorService 'taskScheduler'
2020-06-10 08:41:22 [ExecutorConfigurationSupport.java:shutdown:218] - Shutting down ExecutorService 'applicationTaskExecutor'
2020-06-10 08:41:22 [AbstractEntityManagerFactoryBean.java:destroy:598] - Closing JPA EntityManagerFactory for persistence unit 'default'
