2020-06-07 21:49:54 [StartupInfoLogger.java:logStarting:55] - Starting EmployeeMicroserviceApplication on SRI with PID 4088 (F:\downloads\employee-microservice\target\classes started by hp in F:\downloads\employee-microservice)
2020-06-07 21:49:54 [SpringApplication.java:logStartupProfileInfo:651] - No active profile set, falling back to default profiles: default
2020-06-07 21:49:55 [DeferredLog.java:logTo:225] - Devtools property defaults active! Set 'spring.devtools.add-properties' to 'false' to disable
2020-06-07 21:49:55 [DeferredLog.java:logTo:225] - For additional web related logging consider setting the 'logging.level.web' property to 'DEBUG'
2020-06-07 21:49:58 [RepositoryConfigurationDelegate.java:registerRepositoriesIn:127] - Bootstrapping Spring Data JPA repositories in DEFERRED mode.
2020-06-07 21:49:58 [RepositoryConfigurationDelegate.java:registerRepositoriesIn:187] - Finished Spring Data repository scanning in 104ms. Found 1 JPA repository interfaces.
2020-06-07 21:50:00 [TomcatWebServer.java:initialize:108] - Tomcat initialized with port(s): 9091 (http)
2020-06-07 21:50:00 [DirectJDKLog.java:log:173] - Initializing ProtocolHandler ["http-nio-9091"]
2020-06-07 21:50:00 [DirectJDKLog.java:log:173] - Starting service [Tomcat]
2020-06-07 21:50:00 [DirectJDKLog.java:log:173] - Starting Servlet engine: [Apache Tomcat/9.0.35]
2020-06-07 21:50:00 [DirectJDKLog.java:log:173] - Initializing Spring embedded WebApplicationContext
2020-06-07 21:50:00 [ServletWebServerApplicationContext.java:prepareWebApplicationContext:284] - Root WebApplicationContext: initialization completed in 5861 ms
2020-06-07 21:50:01 [DBConfig.java:entityManagerFactoryBean:80] - Start of entityManagerFactoryBean()
2020-06-07 21:50:01 [DBConfig.java:dataSource:43] - Start of dataSource()
2020-06-07 21:50:01 [DBConfig.java:dataSource:53] - decrypted password for database = vCPs5STwqnWfoTYgQWdfYA==
2020-06-07 21:50:01 [Encrypt_Deprypt_Util.java:decrypt:66] - Start of decrypt(...)
2020-06-07 21:50:01 [Encrypt_Deprypt_Util.java:decrypt:75] - Start of decrypt(...)
2020-06-07 21:50:01 [DBConfig.java:dataSource:62] - End of dataSource()
2020-06-07 21:50:01 [DBConfig.java:entityManagerFactoryBean:91] - End of entityManagerFactoryBean()
2020-06-07 21:50:01 [LogHelper.java:logPersistenceUnitInformation:31] - HHH000204: Processing PersistenceUnitInfo [name: default]
2020-06-07 21:50:01 [Version.java:logVersion:44] - HHH000412: Hibernate ORM core version 5.4.15.Final
2020-06-07 21:50:02 [JavaReflectionManager.java:<clinit>:49] - HCANN000001: Hibernate Commons Annotations {5.1.0.Final}
2020-06-07 21:50:04 [Dialect.java:<init>:172] - HHH000400: Using dialect: org.hibernate.dialect.MySQL5Dialect
2020-06-07 21:50:07 [JtaPlatformInitiator.java:initiateService:52] - HHH000490: Using JtaPlatform implementation: [org.hibernate.engine.transaction.jta.platform.internal.NoJtaPlatform]
2020-06-07 21:50:07 [AbstractEntityManagerFactoryBean.java:buildNativeEntityManagerFactory:416] - Initialized JPA EntityManagerFactory for persistence unit 'default'
2020-06-07 21:50:07 [OptionalLiveReloadServer.java:startServer:61] - Unable to start LiveReload server
2020-06-07 21:50:09 [JpaBaseConfiguration.java:openEntityManagerInViewInterceptor:220] - spring.jpa.open-in-view is enabled by default. Therefore, database queries may be performed during view rendering. Explicitly configure spring.jpa.open-in-view to disable this warning
2020-06-07 21:50:11 [DBConfig.java:transactionManager:105] - Start of transactionManager(...)
2020-06-07 21:50:11 [DBConfig.java:transactionManager:110] - End of transactionManager(...)
2020-06-07 21:50:11 [PropertySourcedRequestMappingHandlerMapping.java:initHandlerMethods:69] - Mapped URL path [/v2/api-docs] onto method [springfox.documentation.swagger2.web.Swagger2Controller#getDocumentation(String, HttpServletRequest)]
2020-06-07 21:50:11 [ExecutorConfigurationSupport.java:initialize:181] - Initializing ExecutorService 'applicationTaskExecutor'
2020-06-07 21:50:12 [DirectJDKLog.java:log:173] - Starting ProtocolHandler ["http-nio-9091"]
2020-06-07 21:50:12 [TomcatWebServer.java:start:220] - Tomcat started on port(s): 9091 (http) with context path ''
2020-06-07 21:50:12 [DocumentationPluginsBootstrapper.java:start:160] - Context refreshed
2020-06-07 21:50:12 [DocumentationPluginsBootstrapper.java:start:163] - Found 1 custom documentation plugin(s)
2020-06-07 21:50:12 [ApiListingReferenceScanner.java:scan:41] - Scanning for api listing references
2020-06-07 21:50:13 [DeferredRepositoryInitializationListener.java:onApplicationEvent:49] - Triggering deferred initialization of Spring Data repositories…
2020-06-07 21:50:15 [DeferredRepositoryInitializationListener.java:onApplicationEvent:53] - Spring Data repositories initialized!
2020-06-07 21:50:15 [StartupInfoLogger.java:logStarted:61] - Started EmployeeMicroserviceApplication in 20.934 seconds (JVM running for 23.52)
2020-06-07 21:50:15 [EmployeeMicroserviceApplication.java:main:15] - Started running..
2020-06-07 21:55:12 [DirectJDKLog.java:log:173] - Initializing Spring DispatcherServlet 'dispatcherServlet'
2020-06-07 21:55:12 [FrameworkServlet.java:initServletBean:525] - Initializing Servlet 'dispatcherServlet'
2020-06-07 21:55:12 [FrameworkServlet.java:initServletBean:547] - Completed initialization in 42 ms
2020-06-07 22:06:36 [SpringApplicationAdminMXBeanRegistrar.java:shutdown:159] - Application shutdown requested.
2020-06-07 22:06:37 [ExecutorConfigurationSupport.java:shutdown:218] - Shutting down ExecutorService 'applicationTaskExecutor'
2020-06-07 22:06:37 [AbstractEntityManagerFactoryBean.java:destroy:598] - Closing JPA EntityManagerFactory for persistence unit 'default'
