2020-06-04 07:55:38 [StartupInfoLogger.java:logStarting:55] - Starting EmployeeMicroserviceApplication on SRI with PID 10312 (F:\downloads\data-jpa\target\classes started by hp in F:\downloads\data-jpa)
2020-06-04 07:55:38 [SpringApplication.java:logStartupProfileInfo:651] - No active profile set, falling back to default profiles: default
2020-06-04 07:55:38 [DeferredLog.java:logTo:225] - Devtools property defaults active! Set 'spring.devtools.add-properties' to 'false' to disable
2020-06-04 07:55:38 [DeferredLog.java:logTo:225] - For additional web related logging consider setting the 'logging.level.web' property to 'DEBUG'
2020-06-04 07:55:43 [RepositoryConfigurationDelegate.java:registerRepositoriesIn:127] - Bootstrapping Spring Data JPA repositories in DEFERRED mode.
2020-06-04 07:55:43 [RepositoryConfigurationDelegate.java:registerRepositoriesIn:187] - Finished Spring Data repository scanning in 44ms. Found 0 JPA repository interfaces.
2020-06-04 07:55:48 [TomcatWebServer.java:initialize:108] - Tomcat initialized with port(s): 9091 (http)
2020-06-04 07:55:48 [DirectJDKLog.java:log:173] - Initializing ProtocolHandler ["http-nio-9091"]
2020-06-04 07:55:48 [DirectJDKLog.java:log:173] - Starting service [Tomcat]
2020-06-04 07:55:48 [DirectJDKLog.java:log:173] - Starting Servlet engine: [Apache Tomcat/9.0.35]
2020-06-04 07:55:48 [DirectJDKLog.java:log:173] - Initializing Spring embedded WebApplicationContext
2020-06-04 07:55:48 [ServletWebServerApplicationContext.java:prepareWebApplicationContext:284] - Root WebApplicationContext: initialization completed in 10301 ms
2020-06-04 07:55:49 [AbstractApplicationContext.java:refresh:558] - Exception encountered during context initialization - cancelling refresh attempt: org.springframework.beans.factory.UnsatisfiedDependencyException: Error creating bean with name 'inMemoryDatabaseShutdownExecutor' defined in class path resource [org/springframework/boot/devtools/autoconfigure/DevToolsDataSourceAutoConfiguration.class]: Unsatisfied dependency expressed through method 'inMemoryDatabaseShutdownExecutor' parameter 0; nested exception is org.springframework.beans.factory.BeanCreationException: Error creating bean with name 'dataSource' defined in class path resource [org/springframework/boot/autoconfigure/jdbc/DataSourceConfiguration$Hikari.class]: Bean instantiation via factory method failed; nested exception is org.springframework.beans.BeanInstantiationException: Failed to instantiate [com.zaxxer.hikari.HikariDataSource]: Factory method 'dataSource' threw exception; nested exception is org.springframework.boot.autoconfigure.jdbc.DataSourceProperties$DataSourceBeanCreationException: Failed to determine a suitable driver class
2020-06-04 07:55:49 [DirectJDKLog.java:log:173] - Stopping service [Tomcat]
2020-06-04 07:55:49 [ConditionEvaluationReportLoggingListener.java:logMessage:136] - 

Error starting ApplicationContext. To display the conditions report re-run your application with 'debug' enabled.
2020-06-04 07:55:49 [LoggingFailureAnalysisReporter.java:report:40] - 

***************************
APPLICATION FAILED TO START
***************************

Description:

Failed to configure a DataSource: 'url' attribute is not specified and no embedded datasource could be configured.

Reason: Failed to determine a suitable driver class


Action:

Consider the following:
	If you want an embedded database (H2, HSQL or Derby), please put it on the classpath.
	If you have database settings to be loaded from a particular profile you may need to activate it (no profiles are currently active).

2020-06-04 07:55:49 [SpringApplication.java:handleRunFailure:819] - Unable to close ApplicationContext
org.springframework.beans.factory.BeanCreationException: Error creating bean with name 'springApplicationAdminRegistrar' defined in class path resource [org/springframework/boot/autoconfigure/admin/SpringApplicationAdminJmxAutoConfiguration.class]: BeanPostProcessor before instantiation of bean failed; nested exception is org.springframework.beans.factory.BeanCreationException: Error creating bean with name 'org.springframework.transaction.annotation.ProxyTransactionManagementConfiguration': Initialization of bean failed; nested exception is org.springframework.beans.factory.NoSuchBeanDefinitionException: No bean named 'org.springframework.context.annotation.ConfigurationClassPostProcessor.importRegistry' available
	at org.springframework.beans.factory.support.AbstractAutowireCapableBeanFactory.createBean(AbstractAutowireCapableBeanFactory.java:512)
	at org.springframework.beans.factory.support.AbstractBeanFactory.lambda$doGetBean$0(AbstractBeanFactory.java:323)
	at org.springframework.beans.factory.support.AbstractBeanFactory$$Lambda$170/1802796701.getObject(Unknown Source)
	at org.springframework.beans.factory.support.DefaultSingletonBeanRegistry.getSingleton(DefaultSingletonBeanRegistry.java:226)
	at org.springframework.beans.factory.support.AbstractBeanFactory.doGetBean(AbstractBeanFactory.java:321)
	at org.springframework.beans.factory.support.AbstractBeanFactory.getBean(AbstractBeanFactory.java:207)
	at org.springframework.context.event.AbstractApplicationEventMulticaster.retrieveApplicationListeners(AbstractApplicationEventMulticaster.java:245)
	at org.springframework.context.event.AbstractApplicationEventMulticaster.getApplicationListeners(AbstractApplicationEventMulticaster.java:197)
	at org.springframework.context.event.SimpleApplicationEventMulticaster.multicastEvent(SimpleApplicationEventMulticaster.java:134)
	at org.springframework.context.support.AbstractApplicationContext.publishEvent(AbstractApplicationContext.java:403)
	at org.springframework.context.support.AbstractApplicationContext.publishEvent(AbstractApplicationContext.java:360)
	at org.springframework.boot.availability.AvailabilityChangeEvent.publish(AvailabilityChangeEvent.java:81)
	at org.springframework.boot.availability.AvailabilityChangeEvent.publish(AvailabilityChangeEvent.java:67)
	at org.springframework.boot.web.servlet.context.ServletWebServerApplicationContext.doClose(ServletWebServerApplicationContext.java:167)
	at org.springframework.context.support.AbstractApplicationContext.close(AbstractApplicationContext.java:978)
	at org.springframework.boot.SpringApplication.handleRunFailure(SpringApplication.java:814)
	at org.springframework.boot.SpringApplication.run(SpringApplication.java:325)
	at org.springframework.boot.SpringApplication.run(SpringApplication.java:1237)
	at org.springframework.boot.SpringApplication.run(SpringApplication.java:1226)
	at com.sts.employeems.root.EmployeeMicroserviceApplication.main(EmployeeMicroserviceApplication.java:17)
	at sun.reflect.NativeMethodAccessorImpl.invoke0(Native Method)
	at sun.reflect.NativeMethodAccessorImpl.invoke(NativeMethodAccessorImpl.java:62)
	at sun.reflect.DelegatingMethodAccessorImpl.invoke(DelegatingMethodAccessorImpl.java:43)
	at java.lang.reflect.Method.invoke(Method.java:483)
	at org.springframework.boot.devtools.restart.RestartLauncher.run(RestartLauncher.java:49)
Caused by: org.springframework.beans.factory.BeanCreationException: Error creating bean with name 'org.springframework.transaction.annotation.ProxyTransactionManagementConfiguration': Initialization of bean failed; nested exception is org.springframework.beans.factory.NoSuchBeanDefinitionException: No bean named 'org.springframework.context.annotation.ConfigurationClassPostProcessor.importRegistry' available
	at org.springframework.beans.factory.support.AbstractAutowireCapableBeanFactory.doCreateBean(AbstractAutowireCapableBeanFactory.java:603)
	at org.springframework.beans.factory.support.AbstractAutowireCapableBeanFactory.createBean(AbstractAutowireCapableBeanFactory.java:517)
	at org.springframework.beans.factory.support.AbstractBeanFactory.lambda$doGetBean$0(AbstractBeanFactory.java:323)
	at org.springframework.beans.factory.support.AbstractBeanFactory$$Lambda$170/1802796701.getObject(Unknown Source)
	at org.springframework.beans.factory.support.DefaultSingletonBeanRegistry.getSingleton(DefaultSingletonBeanRegistry.java:226)
	at org.springframework.beans.factory.support.AbstractBeanFactory.doGetBean(AbstractBeanFactory.java:321)
	at org.springframework.beans.factory.support.AbstractBeanFactory.getBean(AbstractBeanFactory.java:202)
	at org.springframework.beans.factory.support.ConstructorResolver.instantiateUsingFactoryMethod(ConstructorResolver.java:409)
	at org.springframework.beans.factory.support.AbstractAutowireCapableBeanFactory.instantiateUsingFactoryMethod(AbstractAutowireCapableBeanFactory.java:1338)
	at org.springframework.beans.factory.support.AbstractAutowireCapableBeanFactory.createBeanInstance(AbstractAutowireCapableBeanFactory.java:1177)
	at org.springframework.beans.factory.support.AbstractAutowireCapableBeanFactory.doCreateBean(AbstractAutowireCapableBeanFactory.java:557)
	at org.springframework.beans.factory.support.AbstractAutowireCapableBeanFactory.createBean(AbstractAutowireCapableBeanFactory.java:517)
	at org.springframework.beans.factory.support.AbstractBeanFactory.lambda$doGetBean$0(AbstractBeanFactory.java:323)
	at org.springframework.beans.factory.support.AbstractBeanFactory$$Lambda$170/1802796701.getObject(Unknown Source)
	at org.springframework.beans.factory.support.DefaultSingletonBeanRegistry.getSingleton(DefaultSingletonBeanRegistry.java:226)
	at org.springframework.beans.factory.support.AbstractBeanFactory.doGetBean(AbstractBeanFactory.java:321)
	at org.springframework.beans.factory.support.AbstractBeanFactory.getBean(AbstractBeanFactory.java:207)
	at org.springframework.aop.framework.autoproxy.BeanFactoryAdvisorRetrievalHelper.findAdvisorBeans(BeanFactoryAdvisorRetrievalHelper.java:91)
	at org.springframework.aop.framework.autoproxy.AbstractAdvisorAutoProxyCreator.findCandidateAdvisors(AbstractAdvisorAutoProxyCreator.java:109)
	at org.springframework.aop.aspectj.annotation.AnnotationAwareAspectJAutoProxyCreator.findCandidateAdvisors(AnnotationAwareAspectJAutoProxyCreator.java:92)
	at org.springframework.aop.aspectj.autoproxy.AspectJAwareAdvisorAutoProxyCreator.shouldSkip(AspectJAwareAdvisorAutoProxyCreator.java:101)
	at org.springframework.aop.framework.autoproxy.AbstractAutoProxyCreator.postProcessBeforeInstantiation(AbstractAutoProxyCreator.java:251)
	at org.springframework.beans.factory.support.AbstractAutowireCapableBeanFactory.applyBeanPostProcessorsBeforeInstantiation(AbstractAutowireCapableBeanFactory.java:1141)
	at org.springframework.beans.factory.support.AbstractAutowireCapableBeanFactory.resolveBeforeInstantiation(AbstractAutowireCapableBeanFactory.java:1114)
	at org.springframework.beans.factory.support.AbstractAutowireCapableBeanFactory.createBean(AbstractAutowireCapableBeanFactory.java:506)
	... 24 common frames omitted
Caused by: org.springframework.beans.factory.NoSuchBeanDefinitionException: No bean named 'org.springframework.context.annotation.ConfigurationClassPostProcessor.importRegistry' available
	at org.springframework.beans.factory.support.DefaultListableBeanFactory.getBeanDefinition(DefaultListableBeanFactory.java:814)
	at org.springframework.beans.factory.support.AbstractBeanFactory.getMergedLocalBeanDefinition(AbstractBeanFactory.java:1282)
	at org.springframework.beans.factory.support.AbstractBeanFactory.doGetBean(AbstractBeanFactory.java:297)
	at org.springframework.beans.factory.support.AbstractBeanFactory.getBean(AbstractBeanFactory.java:207)
	at org.springframework.context.annotation.ConfigurationClassPostProcessor$ImportAwareBeanPostProcessor.postProcessBeforeInitialization(ConfigurationClassPostProcessor.java:456)
	at org.springframework.beans.factory.support.AbstractAutowireCapableBeanFactory.applyBeanPostProcessorsBeforeInitialization(AbstractAutowireCapableBeanFactory.java:416)
	at org.springframework.beans.factory.support.AbstractAutowireCapableBeanFactory.initializeBean(AbstractAutowireCapableBeanFactory.java:1788)
	at org.springframework.beans.factory.support.AbstractAutowireCapableBeanFactory.doCreateBean(AbstractAutowireCapableBeanFactory.java:595)
	... 48 common frames omitted
2020-06-04 07:57:09 [AbstractTestContextBootstrapper.java:buildDefaultMergedContextConfiguration:308] - Neither @ContextConfiguration nor @ContextHierarchy found for test class [com.sts.datajpa.DataJpaApplicationTests], using SpringBootContextLoader
2020-06-04 07:57:09 [AbstractContextLoader.java:generateDefaultLocations:264] - Could not detect default resource locations for test class [com.sts.datajpa.DataJpaApplicationTests]: no resource found for suffixes {-context.xml, Context.groovy}.
2020-06-04 07:57:09 [AnnotationConfigContextLoaderUtils.java:detectDefaultConfigurationClasses:83] - Could not detect default configuration classes for test class [com.sts.datajpa.DataJpaApplicationTests]: DataJpaApplicationTests does not declare any static, non-private, non-final, nested classes annotated with @Configuration.
2020-06-04 07:57:10 [AbstractTestContextBootstrapper.java:buildDefaultMergedContextConfiguration:308] - Neither @ContextConfiguration nor @ContextHierarchy found for test class [com.sts.datajpa.DataJpaApplicationTests], using SpringBootContextLoader
2020-06-04 07:57:10 [AbstractContextLoader.java:generateDefaultLocations:264] - Could not detect default resource locations for test class [com.sts.datajpa.DataJpaApplicationTests]: no resource found for suffixes {-context.xml, Context.groovy}.
2020-06-04 07:57:10 [AnnotationConfigContextLoaderUtils.java:detectDefaultConfigurationClasses:83] - Could not detect default configuration classes for test class [com.sts.datajpa.DataJpaApplicationTests]: DataJpaApplicationTests does not declare any static, non-private, non-final, nested classes annotated with @Configuration.
2020-06-04 07:57:10 [AbstractTestContextBootstrapper.java:buildDefaultMergedContextConfiguration:308] - Neither @ContextConfiguration nor @ContextHierarchy found for test class [com.sts.datajpa.DataJpaApplicationTests], using SpringBootContextLoader
2020-06-04 07:57:10 [AbstractContextLoader.java:generateDefaultLocations:264] - Could not detect default resource locations for test class [com.sts.datajpa.DataJpaApplicationTests]: no resource found for suffixes {-context.xml, Context.groovy}.
2020-06-04 07:57:10 [AnnotationConfigContextLoaderUtils.java:detectDefaultConfigurationClasses:83] - Could not detect default configuration classes for test class [com.sts.datajpa.DataJpaApplicationTests]: DataJpaApplicationTests does not declare any static, non-private, non-final, nested classes annotated with @Configuration.
2020-06-04 08:11:51 [StartupInfoLogger.java:logStarting:55] - Starting EmployeeMicroserviceApplication on SRI with PID 8132 (F:\downloads\employee-microservice\target\classes started by hp in F:\downloads\employee-microservice)
2020-06-04 08:11:51 [SpringApplication.java:logStartupProfileInfo:651] - No active profile set, falling back to default profiles: default
2020-06-04 08:11:51 [DeferredLog.java:logTo:225] - Devtools property defaults active! Set 'spring.devtools.add-properties' to 'false' to disable
2020-06-04 08:11:51 [DeferredLog.java:logTo:225] - For additional web related logging consider setting the 'logging.level.web' property to 'DEBUG'
2020-06-04 08:11:53 [RepositoryConfigurationDelegate.java:registerRepositoriesIn:127] - Bootstrapping Spring Data JPA repositories in DEFERRED mode.
2020-06-04 08:11:53 [RepositoryConfigurationDelegate.java:registerRepositoriesIn:187] - Finished Spring Data repository scanning in 84ms. Found 1 JPA repository interfaces.
2020-06-04 08:11:54 [TomcatWebServer.java:initialize:108] - Tomcat initialized with port(s): 9091 (http)
2020-06-04 08:11:54 [DirectJDKLog.java:log:173] - Initializing ProtocolHandler ["http-nio-9091"]
2020-06-04 08:11:54 [DirectJDKLog.java:log:173] - Starting service [Tomcat]
2020-06-04 08:11:54 [DirectJDKLog.java:log:173] - Starting Servlet engine: [Apache Tomcat/9.0.35]
2020-06-04 08:11:54 [DirectJDKLog.java:log:173] - Initializing Spring embedded WebApplicationContext
2020-06-04 08:11:54 [ServletWebServerApplicationContext.java:prepareWebApplicationContext:284] - Root WebApplicationContext: initialization completed in 2813 ms
2020-06-04 08:11:54 [DBConfig.java:entityManagerFactoryBean:80] - Start of entityManagerFactoryBean()
2020-06-04 08:11:55 [DBConfig.java:dataSource:43] - Start of dataSource()
2020-06-04 08:11:55 [DBConfig.java:dataSource:53] - decrypted password for database = vCPs5STwqnWfoTYgQWdfYA==
2020-06-04 08:11:55 [Encrypt_Deprypt_Util.java:decrypt:66] - Start of decrypt(...)
2020-06-04 08:11:55 [Encrypt_Deprypt_Util.java:decrypt:75] - Start of decrypt(...)
2020-06-04 08:11:55 [DBConfig.java:dataSource:62] - End of dataSource()
2020-06-04 08:11:55 [DBConfig.java:entityManagerFactoryBean:91] - End of entityManagerFactoryBean()
2020-06-04 08:11:56 [LogHelper.java:logPersistenceUnitInformation:31] - HHH000204: Processing PersistenceUnitInfo [name: default]
2020-06-04 08:11:56 [Version.java:logVersion:44] - HHH000412: Hibernate ORM core version 5.4.15.Final
2020-06-04 08:11:56 [JavaReflectionManager.java:<clinit>:49] - HCANN000001: Hibernate Commons Annotations {5.1.0.Final}
2020-06-04 08:11:57 [Dialect.java:<init>:172] - HHH000400: Using dialect: org.hibernate.dialect.MySQL5Dialect
2020-06-04 08:11:57 [JtaPlatformInitiator.java:initiateService:52] - HHH000490: Using JtaPlatform implementation: [org.hibernate.engine.transaction.jta.platform.internal.NoJtaPlatform]
2020-06-04 08:11:57 [AbstractEntityManagerFactoryBean.java:buildNativeEntityManagerFactory:416] - Initialized JPA EntityManagerFactory for persistence unit 'default'
2020-06-04 08:11:57 [OptionalLiveReloadServer.java:startServer:58] - LiveReload server is running on port 35729
2020-06-04 08:11:57 [JpaBaseConfiguration.java:openEntityManagerInViewInterceptor:220] - spring.jpa.open-in-view is enabled by default. Therefore, database queries may be performed during view rendering. Explicitly configure spring.jpa.open-in-view to disable this warning
2020-06-04 08:11:58 [DBConfig.java:transactionManager:105] - Start of transactionManager(...)
2020-06-04 08:11:58 [DBConfig.java:transactionManager:110] - End of transactionManager(...)
2020-06-04 08:11:58 [PropertySourcedRequestMappingHandlerMapping.java:initHandlerMethods:69] - Mapped URL path [/v2/api-docs] onto method [springfox.documentation.swagger2.web.Swagger2Controller#getDocumentation(String, HttpServletRequest)]
2020-06-04 08:11:58 [ExecutorConfigurationSupport.java:initialize:181] - Initializing ExecutorService 'applicationTaskExecutor'
2020-06-04 08:11:58 [DirectJDKLog.java:log:173] - Starting ProtocolHandler ["http-nio-9091"]
2020-06-04 08:11:58 [TomcatWebServer.java:start:220] - Tomcat started on port(s): 9091 (http) with context path ''
2020-06-04 08:11:58 [DocumentationPluginsBootstrapper.java:start:160] - Context refreshed
2020-06-04 08:11:58 [DocumentationPluginsBootstrapper.java:start:163] - Found 1 custom documentation plugin(s)
2020-06-04 08:11:58 [ApiListingReferenceScanner.java:scan:41] - Scanning for api listing references
2020-06-04 08:11:59 [DeferredRepositoryInitializationListener.java:onApplicationEvent:49] - Triggering deferred initialization of Spring Data repositories…
2020-06-04 08:11:59 [AbstractApplicationContext.java:refresh:558] - Exception encountered during context initialization - cancelling refresh attempt: org.springframework.beans.factory.BeanCreationException: Error creating bean with name 'employeeRepo': FactoryBean threw exception on object creation; nested exception is java.lang.IllegalArgumentException: Not a managed type: class com.sts.employeems.entity.Employee
2020-06-04 08:11:59 [ExecutorConfigurationSupport.java:shutdown:218] - Shutting down ExecutorService 'applicationTaskExecutor'
2020-06-04 08:11:59 [AbstractEntityManagerFactoryBean.java:destroy:598] - Closing JPA EntityManagerFactory for persistence unit 'default'
2020-06-04 08:11:59 [DirectJDKLog.java:log:173] - Pausing ProtocolHandler ["http-nio-9091"]
2020-06-04 08:11:59 [DirectJDKLog.java:log:173] - Stopping service [Tomcat]
2020-06-04 08:11:59 [DirectJDKLog.java:log:173] - Stopping ProtocolHandler ["http-nio-9091"]
2020-06-04 08:11:59 [DirectJDKLog.java:log:173] - Destroying ProtocolHandler ["http-nio-9091"]
2020-06-04 08:11:59 [ConditionEvaluationReportLoggingListener.java:logMessage:136] - 

Error starting ApplicationContext. To display the conditions report re-run your application with 'debug' enabled.
2020-06-04 08:11:59 [SpringApplication.java:reportFailure:837] - Application run failed
org.springframework.beans.factory.BeanCreationException: Error creating bean with name 'employeeRepo': FactoryBean threw exception on object creation; nested exception is java.lang.IllegalArgumentException: Not a managed type: class com.sts.employeems.entity.Employee
	at org.springframework.beans.factory.support.FactoryBeanRegistrySupport.doGetObjectFromFactoryBean(FactoryBeanRegistrySupport.java:178)
	at org.springframework.beans.factory.support.FactoryBeanRegistrySupport.getObjectFromFactoryBean(FactoryBeanRegistrySupport.java:101)
	at org.springframework.beans.factory.support.AbstractBeanFactory.getObjectForBeanInstance(AbstractBeanFactory.java:1821)
	at org.springframework.beans.factory.support.AbstractAutowireCapableBeanFactory.getObjectForBeanInstance(AbstractAutowireCapableBeanFactory.java:1266)
	at org.springframework.beans.factory.support.AbstractBeanFactory.doGetBean(AbstractBeanFactory.java:260)
	at org.springframework.beans.factory.support.AbstractBeanFactory.getBean(AbstractBeanFactory.java:202)
	at org.springframework.beans.factory.support.DefaultListableBeanFactory.getBeansOfType(DefaultListableBeanFactory.java:623)
	at org.springframework.beans.factory.support.DefaultListableBeanFactory.getBeansOfType(DefaultListableBeanFactory.java:611)
	at org.springframework.data.repository.config.DeferredRepositoryInitializationListener.onApplicationEvent(DeferredRepositoryInitializationListener.java:51)
	at org.springframework.data.repository.config.DeferredRepositoryInitializationListener.onApplicationEvent(DeferredRepositoryInitializationListener.java:36)
	at org.springframework.context.event.SimpleApplicationEventMulticaster.doInvokeListener(SimpleApplicationEventMulticaster.java:172)
	at org.springframework.context.event.SimpleApplicationEventMulticaster.invokeListener(SimpleApplicationEventMulticaster.java:165)
	at org.springframework.context.event.SimpleApplicationEventMulticaster.multicastEvent(SimpleApplicationEventMulticaster.java:139)
	at org.springframework.context.support.AbstractApplicationContext.publishEvent(AbstractApplicationContext.java:403)
	at org.springframework.context.support.AbstractApplicationContext.publishEvent(AbstractApplicationContext.java:360)
	at org.springframework.context.support.AbstractApplicationContext.finishRefresh(AbstractApplicationContext.java:897)
	at org.springframework.context.support.AbstractApplicationContext.refresh(AbstractApplicationContext.java:553)
	at org.springframework.boot.web.servlet.context.ServletWebServerApplicationContext.refresh(ServletWebServerApplicationContext.java:143)
	at org.springframework.boot.SpringApplication.refresh(SpringApplication.java:758)
	at org.springframework.boot.SpringApplication.refresh(SpringApplication.java:750)
	at org.springframework.boot.SpringApplication.refreshContext(SpringApplication.java:397)
	at org.springframework.boot.SpringApplication.run(SpringApplication.java:315)
	at org.springframework.boot.SpringApplication.run(SpringApplication.java:1237)
	at org.springframework.boot.SpringApplication.run(SpringApplication.java:1226)
	at com.sts.employeems.EmployeeMicroserviceApplication.main(EmployeeMicroserviceApplication.java:17)
	at sun.reflect.NativeMethodAccessorImpl.invoke0(Native Method)
	at sun.reflect.NativeMethodAccessorImpl.invoke(NativeMethodAccessorImpl.java:62)
	at sun.reflect.DelegatingMethodAccessorImpl.invoke(DelegatingMethodAccessorImpl.java:43)
	at java.lang.reflect.Method.invoke(Method.java:483)
	at org.springframework.boot.devtools.restart.RestartLauncher.run(RestartLauncher.java:49)
Caused by: java.lang.IllegalArgumentException: Not a managed type: class com.sts.employeems.entity.Employee
	at org.hibernate.metamodel.internal.MetamodelImpl.managedType(MetamodelImpl.java:582)
	at org.hibernate.metamodel.internal.MetamodelImpl.managedType(MetamodelImpl.java:85)
	at org.springframework.data.jpa.repository.support.JpaMetamodelEntityInformation.<init>(JpaMetamodelEntityInformation.java:75)
	at org.springframework.data.jpa.repository.support.JpaEntityInformationSupport.getEntityInformation(JpaEntityInformationSupport.java:66)
	at org.springframework.data.jpa.repository.support.JpaRepositoryFactory.getEntityInformation(JpaRepositoryFactory.java:229)
	at org.springframework.data.jpa.repository.support.JpaRepositoryFactory.getTargetRepository(JpaRepositoryFactory.java:179)
	at org.springframework.data.jpa.repository.support.JpaRepositoryFactory.getTargetRepository(JpaRepositoryFactory.java:162)
	at org.springframework.data.jpa.repository.support.JpaRepositoryFactory.getTargetRepository(JpaRepositoryFactory.java:72)
	at org.springframework.data.repository.core.support.RepositoryFactorySupport.getRepository(RepositoryFactorySupport.java:309)
	at org.springframework.data.repository.core.support.RepositoryFactoryBeanSupport.lambda$afterPropertiesSet$5(RepositoryFactoryBeanSupport.java:297)
	at org.springframework.data.repository.core.support.RepositoryFactoryBeanSupport$$Lambda$554/1163357222.get(Unknown Source)
	at org.springframework.data.util.Lazy.getNullable(Lazy.java:212)
	at org.springframework.data.util.Lazy.get(Lazy.java:94)
	at org.springframework.data.repository.core.support.RepositoryFactoryBeanSupport.getObject(RepositoryFactoryBeanSupport.java:244)
	at org.springframework.data.repository.core.support.RepositoryFactoryBeanSupport.getObject(RepositoryFactoryBeanSupport.java:57)
	at org.springframework.beans.factory.support.FactoryBeanRegistrySupport.doGetObjectFromFactoryBean(FactoryBeanRegistrySupport.java:171)
	... 29 common frames omitted
2020-06-04 08:13:25 [StartupInfoLogger.java:logStarting:55] - Starting EmployeeMicroserviceApplication on SRI with PID 4448 (F:\downloads\employee-microservice\target\classes started by hp in F:\downloads\employee-microservice)
2020-06-04 08:13:25 [SpringApplication.java:logStartupProfileInfo:651] - No active profile set, falling back to default profiles: default
2020-06-04 08:13:25 [DeferredLog.java:logTo:225] - Devtools property defaults active! Set 'spring.devtools.add-properties' to 'false' to disable
2020-06-04 08:13:25 [DeferredLog.java:logTo:225] - For additional web related logging consider setting the 'logging.level.web' property to 'DEBUG'
2020-06-04 08:13:27 [RepositoryConfigurationDelegate.java:registerRepositoriesIn:127] - Bootstrapping Spring Data JPA repositories in DEFERRED mode.
2020-06-04 08:13:27 [RepositoryConfigurationDelegate.java:registerRepositoriesIn:187] - Finished Spring Data repository scanning in 58ms. Found 1 JPA repository interfaces.
2020-06-04 08:13:28 [TomcatWebServer.java:initialize:108] - Tomcat initialized with port(s): 9091 (http)
2020-06-04 08:13:28 [DirectJDKLog.java:log:173] - Initializing ProtocolHandler ["http-nio-9091"]
2020-06-04 08:13:28 [DirectJDKLog.java:log:173] - Starting service [Tomcat]
2020-06-04 08:13:28 [DirectJDKLog.java:log:173] - Starting Servlet engine: [Apache Tomcat/9.0.35]
2020-06-04 08:13:28 [DirectJDKLog.java:log:173] - Initializing Spring embedded WebApplicationContext
2020-06-04 08:13:28 [ServletWebServerApplicationContext.java:prepareWebApplicationContext:284] - Root WebApplicationContext: initialization completed in 2293 ms
2020-06-04 08:13:28 [DBConfig.java:entityManagerFactoryBean:80] - Start of entityManagerFactoryBean()
2020-06-04 08:13:28 [DBConfig.java:dataSource:43] - Start of dataSource()
2020-06-04 08:13:28 [DBConfig.java:dataSource:53] - decrypted password for database = vCPs5STwqnWfoTYgQWdfYA==
2020-06-04 08:13:28 [Encrypt_Deprypt_Util.java:decrypt:66] - Start of decrypt(...)
2020-06-04 08:13:28 [Encrypt_Deprypt_Util.java:decrypt:75] - Start of decrypt(...)
2020-06-04 08:13:28 [DBConfig.java:dataSource:62] - End of dataSource()
2020-06-04 08:13:28 [DBConfig.java:entityManagerFactoryBean:91] - End of entityManagerFactoryBean()
2020-06-04 08:13:28 [LogHelper.java:logPersistenceUnitInformation:31] - HHH000204: Processing PersistenceUnitInfo [name: default]
2020-06-04 08:13:28 [Version.java:logVersion:44] - HHH000412: Hibernate ORM core version 5.4.15.Final
2020-06-04 08:13:28 [JavaReflectionManager.java:<clinit>:49] - HCANN000001: Hibernate Commons Annotations {5.1.0.Final}
2020-06-04 08:13:29 [Dialect.java:<init>:172] - HHH000400: Using dialect: org.hibernate.dialect.MySQL5Dialect
2020-06-04 08:13:30 [JtaPlatformInitiator.java:initiateService:52] - HHH000490: Using JtaPlatform implementation: [org.hibernate.engine.transaction.jta.platform.internal.NoJtaPlatform]
2020-06-04 08:13:30 [AbstractEntityManagerFactoryBean.java:buildNativeEntityManagerFactory:416] - Initialized JPA EntityManagerFactory for persistence unit 'default'
2020-06-04 08:13:30 [OptionalLiveReloadServer.java:startServer:58] - LiveReload server is running on port 35729
2020-06-04 08:13:30 [JpaBaseConfiguration.java:openEntityManagerInViewInterceptor:220] - spring.jpa.open-in-view is enabled by default. Therefore, database queries may be performed during view rendering. Explicitly configure spring.jpa.open-in-view to disable this warning
2020-06-04 08:13:30 [DBConfig.java:transactionManager:105] - Start of transactionManager(...)
2020-06-04 08:13:30 [DBConfig.java:transactionManager:110] - End of transactionManager(...)
2020-06-04 08:13:30 [PropertySourcedRequestMappingHandlerMapping.java:initHandlerMethods:69] - Mapped URL path [/v2/api-docs] onto method [springfox.documentation.swagger2.web.Swagger2Controller#getDocumentation(String, HttpServletRequest)]
2020-06-04 08:13:30 [ExecutorConfigurationSupport.java:initialize:181] - Initializing ExecutorService 'applicationTaskExecutor'
2020-06-04 08:13:31 [DirectJDKLog.java:log:173] - Starting ProtocolHandler ["http-nio-9091"]
2020-06-04 08:13:31 [TomcatWebServer.java:start:220] - Tomcat started on port(s): 9091 (http) with context path ''
2020-06-04 08:13:31 [DocumentationPluginsBootstrapper.java:start:160] - Context refreshed
2020-06-04 08:13:31 [DocumentationPluginsBootstrapper.java:start:163] - Found 1 custom documentation plugin(s)
2020-06-04 08:13:31 [ApiListingReferenceScanner.java:scan:41] - Scanning for api listing references
2020-06-04 08:13:31 [DeferredRepositoryInitializationListener.java:onApplicationEvent:49] - Triggering deferred initialization of Spring Data repositories…
2020-06-04 08:13:31 [DeferredRepositoryInitializationListener.java:onApplicationEvent:53] - Spring Data repositories initialized!
2020-06-04 08:13:31 [StartupInfoLogger.java:logStarted:61] - Started EmployeeMicroserviceApplication in 6.537 seconds (JVM running for 7.921)
2020-06-04 08:13:31 [EmployeeMicroserviceApplication.java:main:18] - Started running..
2020-06-04 08:19:45 [DirectJDKLog.java:log:173] - Initializing Spring DispatcherServlet 'dispatcherServlet'
2020-06-04 08:19:45 [FrameworkServlet.java:initServletBean:525] - Initializing Servlet 'dispatcherServlet'
2020-06-04 08:19:45 [FrameworkServlet.java:initServletBean:547] - Completed initialization in 72 ms
2020-06-04 08:23:17 [SpringApplicationAdminMXBeanRegistrar.java:shutdown:159] - Application shutdown requested.
2020-06-04 08:23:17 [ExecutorConfigurationSupport.java:shutdown:218] - Shutting down ExecutorService 'applicationTaskExecutor'
2020-06-04 08:23:17 [AbstractEntityManagerFactoryBean.java:destroy:598] - Closing JPA EntityManagerFactory for persistence unit 'default'
